# JRE version: OpenJDK Runtime Environment Temurin-17.0.6+10 (17.0.6+10) (build 17.0.6+10)
# Java VM: OpenJDK 64-Bit Server VM Temurin-17.0.6+10 (17.0.6+10, mixed mode, emulated-client, tiered, compressed oops, compressed class ptrs, g1 gc, windows-amd64)
GC Precious Log:
 CPUs: 8 total, 8 available
 Memory: 16254M
 Large Page Support: Disabled
 NUMA Support: Disabled
 Compressed Oops: Enabled (Zero based)
 Heap Region Size: 2M
 Heap Min Capacity: 8M
 Heap Initial Capacity: 254M
 Heap Max Capacity: 4064M
 Pre-touch: Disabled
 Parallel Workers: 8
 Concurrent Workers: 2
 Concurrent Refinement Workers: 8
 Periodic GC: Disabled
Heap:
 garbage-first heap   total 204800K, used 54115K [0x0000000702000000, 0x0000000800000000)
  region size 2048K, 13 young (26624K), 3 survivors (6144K)
 Metaspace       used 78209K, committed 78784K, reserved 1122304K
  class space    used 10802K, committed 11072K, reserved 1048576K
GC Heap History (20 events):
Event: 4.482 GC heap after
{Heap after GC invocations=18 (full 0):
 garbage-first heap   total 96256K, used 29029K [0x0000000702000000, 0x0000000800000000)
  region size 2048K, 2 young (4096K), 2 survivors (4096K)
 Metaspace       used 68525K, committed 69120K, reserved 1114112K
  class space    used 9452K, committed 9728K, reserved 1048576K
}
Event: 11.141 GC heap before
{Heap before GC invocations=18 (full 0):
 garbage-first heap   total 96256K, used 74085K [0x0000000702000000, 0x0000000800000000)
  region size 2048K, 24 young (49152K), 2 survivors (4096K)
 Metaspace       used 74491K, committed 75136K, reserved 1114112K
  class space    used 10303K, committed 10624K, reserved 1048576K
}
Event: 11.148 GC heap after
{Heap after GC invocations=19 (full 0):
 garbage-first heap   total 96256K, used 32456K [0x0000000702000000, 0x0000000800000000)
  region size 2048K, 3 young (6144K), 3 survivors (6144K)
 Metaspace       used 74491K, committed 75136K, reserved 1114112K
  class space    used 10303K, committed 10624K, reserved 1048576K
}
Event: 98.502 GC heap before
{Heap before GC invocations=19 (full 0):
 garbage-first heap   total 96256K, used 48840K [0x0000000702000000, 0x0000000800000000)
  region size 2048K, 13 young (26624K), 3 survivors (6144K)
 Metaspace       used 77038K, committed 77632K, reserved 1122304K
  class space    used 10682K, committed 10944K, reserved 1048576K
}
Event: 98.539 GC heap after
{Heap after GC invocations=20 (full 1):
 garbage-first heap   total 96256K, used 28309K [0x0000000702000000, 0x0000000800000000)
  region size 2048K, 0 young (0K), 0 survivors (0K)
 Metaspace       used 77038K, committed 77632K, reserved 1122304K
  class space    used 10682K, committed 10944K, reserved 1048576K
}
Event: 98.880 GC heap before
{Heap before GC invocations=20 (full 1):
 garbage-first heap   total 96256K, used 71317K [0x0000000702000000, 0x0000000800000000)
  region size 2048K, 21 young (43008K), 0 survivors (0K)
 Metaspace       used 77188K, committed 77824K, reserved 1122304K
  class space    used 10705K, committed 11008K, reserved 1048576K
}
Event: 98.882 GC heap after
{Heap after GC invocations=21 (full 1):
 garbage-first heap   total 96256K, used 31967K [0x0000000702000000, 0x0000000800000000)
  region size 2048K, 2 young (4096K), 2 survivors (4096K)
 Metaspace       used 77188K, committed 77824K, reserved 1122304K
  class space    used 10705K, committed 11008K, reserved 1048576K
}
Event: 99.139 GC heap before
{Heap before GC invocations=21 (full 1):
 garbage-first heap   total 96256K, used 70879K [0x0000000702000000, 0x0000000800000000)
  region size 2048K, 21 young (43008K), 2 survivors (4096K)
 Metaspace       used 77495K, committed 78208K, reserved 1122304K
  class space    used 10736K, committed 11072K, reserved 1048576K
}
Event: 99.142 GC heap after
{Heap after GC invocations=22 (full 1):
 garbage-first heap   total 96256K, used 34125K [0x0000000702000000, 0x0000000800000000)
  region size 2048K, 2 young (4096K), 2 survivors (4096K)
 Metaspace       used 77495K, committed 78208K, reserved 1122304K
  class space    used 10736K, committed 11072K, reserved 1048576K
}
Event: 99.303 GC heap before
{Heap before GC invocations=22 (full 1):
 garbage-first heap   total 96256K, used 70989K [0x0000000702000000, 0x0000000800000000)
  region size 2048K, 20 young (40960K), 2 survivors (4096K)
 Metaspace       used 77731K, committed 78400K, reserved 1122304K
  class space    used 10758K, committed 11072K, reserved 1048576K
}
Event: 99.306 GC heap after
{Heap after GC invocations=23 (full 1):
 garbage-first heap   total 96256K, used 35540K [0x0000000702000000, 0x0000000800000000)
  region size 2048K, 2 young (4096K), 2 survivors (4096K)
 Metaspace       used 77731K, committed 78400K, reserved 1122304K
  class space    used 10758K, committed 11072K, reserved 1048576K
}
Event: 105.100 GC heap before
{Heap before GC invocations=23 (full 1):
 garbage-first heap   total 96256K, used 45780K [0x0000000702000000, 0x0000000800000000)
  region size 2048K, 8 young (16384K), 2 survivors (4096K)
 Metaspace       used 77739K, committed 78400K, reserved 1122304K
  class space    used 10760K, committed 11072K, reserved 1048576K
}
Event: 105.142 GC heap after
{Heap after GC invocations=24 (full 2):
 garbage-first heap   total 96256K, used 25634K [0x0000000702000000, 0x0000000800000000)
  region size 2048K, 0 young (0K), 0 survivors (0K)
 Metaspace       used 77400K, committed 78400K, reserved 1122304K
  class space    used 10683K, committed 11072K, reserved 1048576K
}
Event: 105.484 GC heap before
{Heap before GC invocations=24 (full 2):
 garbage-first heap   total 96256K, used 70690K [0x0000000702000000, 0x0000000800000000)
  region size 2048K, 23 young (47104K), 0 survivors (0K)
 Metaspace       used 77539K, committed 78400K, reserved 1122304K
  class space    used 10703K, committed 11072K, reserved 1048576K
}
Event: 105.486 GC heap after
{Heap after GC invocations=25 (full 2):
 garbage-first heap   total 96256K, used 29613K [0x0000000702000000, 0x0000000800000000)
  region size 2048K, 2 young (4096K), 2 survivors (4096K)
 Metaspace       used 77539K, committed 78400K, reserved 1122304K
  class space    used 10703K, committed 11072K, reserved 1048576K
}
Event: 105.736 GC heap before
{Heap before GC invocations=25 (full 2):
 garbage-first heap   total 96256K, used 72621K [0x0000000702000000, 0x0000000800000000)
  region size 2048K, 23 young (47104K), 2 survivors (4096K)
 Metaspace       used 77865K, committed 78528K, reserved 1122304K
  class space    used 10732K, committed 11072K, reserved 1048576K
}
Event: 105.740 GC heap after
{Heap after GC invocations=26 (full 2):
 garbage-first heap   total 96256K, used 31789K [0x0000000702000000, 0x0000000800000000)
  region size 2048K, 2 young (4096K), 2 survivors (4096K)
 Metaspace       used 77865K, committed 78528K, reserved 1122304K
  class space    used 10732K, committed 11072K, reserved 1048576K
}
Event: 106.688 GC heap before
{Heap before GC invocations=26 (full 2):
 garbage-first heap   total 96256K, used 70701K [0x0000000702000000, 0x0000000800000000)
  region size 2048K, 22 young (45056K), 2 survivors (4096K)
 Metaspace       used 78008K, committed 78656K, reserved 1122304K
  class space    used 10745K, committed 11072K, reserved 1048576K
}
Event: 106.692 GC heap after
{Heap after GC invocations=27 (full 2):
 garbage-first heap   total 204800K, used 33635K [0x0000000702000000, 0x0000000800000000)
  region size 2048K, 3 young (6144K), 3 survivors (6144K)
 Metaspace       used 78008K, committed 78656K, reserved 1122304K
  class space    used 10745K, committed 11072K, reserved 1048576K
}
Event: 162.970 GC heap before
{Heap before GC invocations=27 (full 2):
 garbage-first heap   total 204800K, used 52067K [0x0000000702000000, 0x0000000800000000)
  region size 2048K, 13 young (26624K), 3 survivors (6144K)
 Metaspace       used 78209K, committed 78784K, reserved 1122304K
  class space    used 10802K, committed 11072K, reserved 1048576K
}

