# JRE version: OpenJDK Runtime Environment Temurin-17.0.7+7 (17.0.7+7) (build 17.0.7+7)
# Java VM: OpenJDK 64-Bit Server VM Temurin-17.0.7+7 (17.0.7+7, mixed mode, emulated-client, tiered, compressed oops, compressed class ptrs, g1 gc, windows-amd64)
GC Precious Log:
 CPUs: 8 total, 8 available
 Memory: 16254M
 Large Page Support: Disabled
 NUMA Support: Disabled
 Compressed Oops: Enabled (Zero based)
 Heap Region Size: 2M
 Heap Min Capacity: 8M
 Heap Initial Capacity: 254M
 Heap Max Capacity: 4064M
 Pre-touch: Disabled
 Parallel Workers: 8
 Concurrent Workers: 2
 Concurrent Refinement Workers: 8
 Periodic GC: Disabled
Heap:
 garbage-first heap   total 90112K, used 49322K [0x0000000702000000, 0x0000000800000000)
  region size 2048K, 15 young (30720K), 3 survivors (6144K)
 Metaspace       used 72481K, committed 73088K, reserved 1114112K
  class space    used 10022K, committed 10368K, reserved 1048576K
GC Heap History (20 events):
Event: 3.098 GC heap before
{Heap before GC invocations=10 (full 0):
 garbage-first heap   total 75776K, used 22199K [0x0000000702000000, 0x0000000800000000)
  region size 2048K, 3 young (6144K), 2 survivors (4096K)
 Metaspace       used 42291K, committed 42752K, reserved 1114112K
  class space    used 5397K, committed 5632K, reserved 1048576K
}
Event: 3.102 GC heap after
{Heap after GC invocations=11 (full 0):
 garbage-first heap   total 75776K, used 21083K [0x0000000702000000, 0x0000000800000000)
  region size 2048K, 1 young (2048K), 1 survivors (2048K)
 Metaspace       used 42291K, committed 42752K, reserved 1114112K
  class space    used 5397K, committed 5632K, reserved 1048576K
}
Event: 3.859 GC heap before
{Heap before GC invocations=11 (full 0):
 garbage-first heap   total 75776K, used 53851K [0x0000000702000000, 0x0000000800000000)
  region size 2048K, 17 young (34816K), 1 survivors (2048K)
 Metaspace       used 48341K, committed 48768K, reserved 1114112K
  class space    used 6318K, committed 6528K, reserved 1048576K
}
Event: 3.863 GC heap after
{Heap after GC invocations=12 (full 0):
 garbage-first heap   total 96256K, used 22637K [0x0000000702000000, 0x0000000800000000)
  region size 2048K, 2 young (4096K), 2 survivors (4096K)
 Metaspace       used 48341K, committed 48768K, reserved 1114112K
  class space    used 6318K, committed 6528K, reserved 1048576K
}
Event: 4.982 GC heap before
{Heap before GC invocations=12 (full 0):
 garbage-first heap   total 96256K, used 69741K [0x0000000702000000, 0x0000000800000000)
  region size 2048K, 25 young (51200K), 2 survivors (4096K)
 Metaspace       used 59039K, committed 59520K, reserved 1114112K
  class space    used 7955K, committed 8192K, reserved 1048576K
}
Event: 4.987 GC heap after
{Heap after GC invocations=13 (full 0):
 garbage-first heap   total 96256K, used 24739K [0x0000000702000000, 0x0000000800000000)
  region size 2048K, 3 young (6144K), 3 survivors (6144K)
 Metaspace       used 59039K, committed 59520K, reserved 1114112K
  class space    used 7955K, committed 8192K, reserved 1048576K
}
Event: 5.068 GC heap before
{Heap before GC invocations=13 (full 0):
 garbage-first heap   total 96256K, used 28835K [0x0000000702000000, 0x0000000800000000)
  region size 2048K, 6 young (12288K), 3 survivors (6144K)
 Metaspace       used 59927K, committed 60416K, reserved 1114112K
  class space    used 8102K, committed 8384K, reserved 1048576K
}
Event: 5.071 GC heap after
{Heap after GC invocations=14 (full 0):
 garbage-first heap   total 96256K, used 24990K [0x0000000702000000, 0x0000000800000000)
  region size 2048K, 3 young (6144K), 3 survivors (6144K)
 Metaspace       used 59927K, committed 60416K, reserved 1114112K
  class space    used 8102K, committed 8384K, reserved 1048576K
}
Event: 5.823 GC heap before
{Heap before GC invocations=15 (full 0):
 garbage-first heap   total 96256K, used 72094K [0x0000000702000000, 0x0000000800000000)
  region size 2048K, 26 young (53248K), 3 survivors (6144K)
 Metaspace       used 66273K, committed 66816K, reserved 1114112K
  class space    used 9079K, committed 9344K, reserved 1048576K
}
Event: 5.828 GC heap after
{Heap after GC invocations=16 (full 0):
 garbage-first heap   total 96256K, used 27246K [0x0000000702000000, 0x0000000800000000)
  region size 2048K, 4 young (8192K), 4 survivors (8192K)
 Metaspace       used 66273K, committed 66816K, reserved 1114112K
  class space    used 9079K, committed 9344K, reserved 1048576K
}
Event: 5.869 GC heap before
{Heap before GC invocations=16 (full 0):
 garbage-first heap   total 96256K, used 29294K [0x0000000702000000, 0x0000000800000000)
  region size 2048K, 5 young (10240K), 4 survivors (8192K)
 Metaspace       used 66680K, committed 67200K, reserved 1114112K
  class space    used 9146K, committed 9408K, reserved 1048576K
}
Event: 5.875 GC heap after
{Heap after GC invocations=17 (full 0):
 garbage-first heap   total 96256K, used 27516K [0x0000000702000000, 0x0000000800000000)
  region size 2048K, 1 young (2048K), 1 survivors (2048K)
 Metaspace       used 66680K, committed 67200K, reserved 1114112K
  class space    used 9146K, committed 9408K, reserved 1048576K
}
Event: 6.173 GC heap before
{Heap before GC invocations=17 (full 0):
 garbage-first heap   total 96256K, used 74620K [0x0000000702000000, 0x0000000800000000)
  region size 2048K, 24 young (49152K), 1 survivors (2048K)
 Metaspace       used 68288K, committed 68864K, reserved 1114112K
  class space    used 9392K, committed 9664K, reserved 1048576K
}
Event: 6.176 GC heap after
{Heap after GC invocations=18 (full 0):
 garbage-first heap   total 96256K, used 28808K [0x0000000702000000, 0x0000000800000000)
  region size 2048K, 2 young (4096K), 2 survivors (4096K)
 Metaspace       used 68288K, committed 68864K, reserved 1114112K
  class space    used 9392K, committed 9664K, reserved 1048576K
}
Event: 70.833 GC heap before
{Heap before GC invocations=18 (full 0):
 garbage-first heap   total 96256K, used 75912K [0x0000000702000000, 0x0000000800000000)
  region size 2048K, 25 young (51200K), 2 survivors (4096K)
 Metaspace       used 72213K, committed 72704K, reserved 1114112K
  class space    used 9994K, committed 10240K, reserved 1048576K
}
Event: 70.842 GC heap after
{Heap after GC invocations=19 (full 0):
 garbage-first heap   total 96256K, used 32157K [0x0000000702000000, 0x0000000800000000)
  region size 2048K, 3 young (6144K), 3 survivors (6144K)
 Metaspace       used 72213K, committed 72704K, reserved 1114112K
  class space    used 9994K, committed 10240K, reserved 1048576K
}
Event: 306.431 GC heap before
{Heap before GC invocations=19 (full 0):
 garbage-first heap   total 96256K, used 42397K [0x0000000702000000, 0x0000000800000000)
  region size 2048K, 9 young (18432K), 3 survivors (6144K)
 Metaspace       used 72383K, committed 73024K, reserved 1114112K
  class space    used 10030K, committed 10368K, reserved 1048576K
}
Event: 306.464 GC heap after
{Heap after GC invocations=20 (full 1):
 garbage-first heap   total 90112K, used 21791K [0x0000000702000000, 0x0000000800000000)
  region size 2048K, 0 young (0K), 0 survivors (0K)
 Metaspace       used 72112K, committed 73024K, reserved 1114112K
  class space    used 9970K, committed 10368K, reserved 1048576K
}
Event: 306.807 GC heap before
{Heap before GC invocations=20 (full 1):
 garbage-first heap   total 90112K, used 64799K [0x0000000702000000, 0x0000000800000000)
  region size 2048K, 21 young (43008K), 0 survivors (0K)
 Metaspace       used 72272K, committed 73024K, reserved 1114112K
  class space    used 9995K, committed 10368K, reserved 1048576K
}
Event: 306.811 GC heap after
{Heap after GC invocations=21 (full 1):
 garbage-first heap   total 90112K, used 26794K [0x0000000702000000, 0x0000000800000000)
  region size 2048K, 3 young (6144K), 3 survivors (6144K)
 Metaspace       used 72272K, committed 73024K, reserved 1114112K
  class space    used 9995K, committed 10368K, reserved 1048576K
}

