# JRE version: OpenJDK Runtime Environment Temurin-17.0.7+7 (17.0.7+7) (build 17.0.7+7)
# Java VM: OpenJDK 64-Bit Server VM Temurin-17.0.7+7 (17.0.7+7, mixed mode, emulated-client, tiered, compressed oops, compressed class ptrs, g1 gc, windows-amd64)
GC Precious Log:
 CPUs: 8 total, 8 available
 Memory: 16254M
 Large Page Support: Disabled
 NUMA Support: Disabled
 Compressed Oops: Enabled (Zero based)
 Heap Region Size: 2M
 Heap Min Capacity: 8M
 Heap Initial Capacity: 254M
 Heap Max Capacity: 4064M
 Pre-touch: Disabled
 Parallel Workers: 8
 Concurrent Workers: 2
 Concurrent Refinement Workers: 8
 Periodic GC: Disabled
Heap:
 garbage-first heap   total 196608K, used 118728K [0x0000000702000000, 0x0000000800000000)
  region size 2048K, 42 young (86016K), 3 survivors (6144K)
 Metaspace       used 87754K, committed 88576K, reserved 1179648K
  class space    used 12138K, committed 12544K, reserved 1048576K
GC Heap History (20 events):
Event: 5.921 GC heap after
{Heap after GC invocations=17 (full 0):
 garbage-first heap   total 96256K, used 30257K [0x0000000702000000, 0x0000000800000000)
  region size 2048K, 3 young (6144K), 3 survivors (6144K)
 Metaspace       used 72577K, committed 73216K, reserved 1114112K
  class space    used 9914K, committed 10240K, reserved 1048576K
}
Event: 5.925 GC heap before
{Heap before GC invocations=17 (full 0):
 garbage-first heap   total 96256K, used 32305K [0x0000000702000000, 0x0000000800000000)
  region size 2048K, 4 young (8192K), 3 survivors (6144K)
 Metaspace       used 72580K, committed 73280K, reserved 1114112K
  class space    used 9915K, committed 10240K, reserved 1048576K
}
Event: 5.930 GC heap after
{Heap after GC invocations=18 (full 0):
 garbage-first heap   total 96256K, used 30405K [0x0000000702000000, 0x0000000800000000)
  region size 2048K, 1 young (2048K), 1 survivors (2048K)
 Metaspace       used 72580K, committed 73280K, reserved 1114112K
  class space    used 9915K, committed 10240K, reserved 1048576K
}
Event: 6.122 GC heap before
{Heap before GC invocations=18 (full 0):
 garbage-first heap   total 96256K, used 73413K [0x0000000702000000, 0x0000000800000000)
  region size 2048K, 22 young (45056K), 1 survivors (2048K)
 Metaspace       used 73407K, committed 74048K, reserved 1114112K
  class space    used 10010K, committed 10304K, reserved 1048576K
}
Event: 6.124 GC heap after
{Heap after GC invocations=19 (full 0):
 garbage-first heap   total 96256K, used 31201K [0x0000000702000000, 0x0000000800000000)
  region size 2048K, 1 young (2048K), 1 survivors (2048K)
 Metaspace       used 73407K, committed 74048K, reserved 1114112K
  class space    used 10010K, committed 10304K, reserved 1048576K
}
Event: 6.608 GC heap before
{Heap before GC invocations=19 (full 0):
 garbage-first heap   total 96256K, used 74209K [0x0000000702000000, 0x0000000800000000)
  region size 2048K, 22 young (45056K), 1 survivors (2048K)
 Metaspace       used 77730K, committed 78336K, reserved 1179648K
  class space    used 10637K, committed 10944K, reserved 1048576K
}
Event: 6.614 GC heap after
{Heap after GC invocations=20 (full 0):
 garbage-first heap   total 196608K, used 36021K [0x0000000702000000, 0x0000000800000000)
  region size 2048K, 3 young (6144K), 3 survivors (6144K)
 Metaspace       used 77730K, committed 78336K, reserved 1179648K
  class space    used 10637K, committed 10944K, reserved 1048576K
}
Event: 6.845 GC heap before
{Heap before GC invocations=20 (full 0):
 garbage-first heap   total 196608K, used 144565K [0x0000000702000000, 0x0000000800000000)
  region size 2048K, 57 young (116736K), 3 survivors (6144K)
 Metaspace       used 77826K, committed 78400K, reserved 1179648K
  class space    used 10651K, committed 10944K, reserved 1048576K
}
Event: 6.850 GC heap after
{Heap after GC invocations=21 (full 0):
 garbage-first heap   total 196608K, used 40350K [0x0000000702000000, 0x0000000800000000)
  region size 2048K, 6 young (12288K), 6 survivors (12288K)
 Metaspace       used 77826K, committed 78400K, reserved 1179648K
  class space    used 10651K, committed 10944K, reserved 1048576K
}
Event: 31.954 GC heap before
{Heap before GC invocations=21 (full 0):
 garbage-first heap   total 196608K, used 142750K [0x0000000702000000, 0x0000000800000000)
  region size 2048K, 57 young (116736K), 6 survivors (12288K)
 Metaspace       used 81867K, committed 82560K, reserved 1179648K
  class space    used 11240K, committed 11584K, reserved 1048576K
}
Event: 31.961 GC heap after
{Heap after GC invocations=22 (full 0):
 garbage-first heap   total 196608K, used 37973K [0x0000000702000000, 0x0000000800000000)
  region size 2048K, 2 young (4096K), 2 survivors (4096K)
 Metaspace       used 81867K, committed 82560K, reserved 1179648K
  class space    used 11240K, committed 11584K, reserved 1048576K
}
Event: 595.565 GC heap before
{Heap before GC invocations=22 (full 0):
 garbage-first heap   total 196608K, used 148565K [0x0000000702000000, 0x0000000800000000)
  region size 2048K, 57 young (116736K), 2 survivors (4096K)
 Metaspace       used 87115K, committed 87872K, reserved 1179648K
  class space    used 12033K, committed 12416K, reserved 1048576K
}
Event: 595.572 GC heap after
{Heap after GC invocations=23 (full 0):
 garbage-first heap   total 196608K, used 39862K [0x0000000702000000, 0x0000000800000000)
  region size 2048K, 3 young (6144K), 3 survivors (6144K)
 Metaspace       used 87115K, committed 87872K, reserved 1179648K
  class space    used 12033K, committed 12416K, reserved 1048576K
}
Event: 1213.799 GC heap before
{Heap before GC invocations=23 (full 0):
 garbage-first heap   total 196608K, used 150454K [0x0000000702000000, 0x0000000800000000)
  region size 2048K, 57 young (116736K), 3 survivors (6144K)
 Metaspace       used 87273K, committed 88128K, reserved 1179648K
  class space    used 12067K, committed 12480K, reserved 1048576K
}
Event: 1213.806 GC heap after
{Heap after GC invocations=24 (full 0):
 garbage-first heap   total 196608K, used 39689K [0x0000000702000000, 0x0000000800000000)
  region size 2048K, 3 young (6144K), 3 survivors (6144K)
 Metaspace       used 87273K, committed 88128K, reserved 1179648K
  class space    used 12067K, committed 12480K, reserved 1048576K
}
Event: 2126.566 GC heap before
{Heap before GC invocations=24 (full 0):
 garbage-first heap   total 196608K, used 150281K [0x0000000702000000, 0x0000000800000000)
  region size 2048K, 57 young (116736K), 3 survivors (6144K)
 Metaspace       used 87325K, committed 88192K, reserved 1179648K
  class space    used 12076K, committed 12480K, reserved 1048576K
}
Event: 2126.572 GC heap after
{Heap after GC invocations=25 (full 0):
 garbage-first heap   total 196608K, used 40167K [0x0000000702000000, 0x0000000800000000)
  region size 2048K, 3 young (6144K), 3 survivors (6144K)
 Metaspace       used 87325K, committed 88192K, reserved 1179648K
  class space    used 12076K, committed 12480K, reserved 1048576K
}
Event: 3280.186 GC heap before
{Heap before GC invocations=25 (full 0):
 garbage-first heap   total 196608K, used 150759K [0x0000000702000000, 0x0000000800000000)
  region size 2048K, 57 young (116736K), 3 survivors (6144K)
 Metaspace       used 87325K, committed 88192K, reserved 1179648K
  class space    used 12076K, committed 12480K, reserved 1048576K
}
Event: 3280.202 GC heap after
{Heap after GC invocations=26 (full 0):
 garbage-first heap   total 196608K, used 40121K [0x0000000702000000, 0x0000000800000000)
  region size 2048K, 3 young (6144K), 3 survivors (6144K)
 Metaspace       used 87325K, committed 88192K, reserved 1179648K
  class space    used 12076K, committed 12480K, reserved 1048576K
}
Event: 3936.443 GC heap before
{Heap before GC invocations=26 (full 0):
 garbage-first heap   total 196608K, used 117945K [0x0000000702000000, 0x0000000800000000)
  region size 2048K, 42 young (86016K), 3 survivors (6144K)
 Metaspace       used 87754K, committed 88576K, reserved 1179648K
  class space    used 12138K, committed 12544K, reserved 1048576K
}

