# JRE version: OpenJDK Runtime Environment Temurin-17.0.7+7 (17.0.7+7) (build 17.0.7+7)
# Java VM: OpenJDK 64-Bit Server VM Temurin-17.0.7+7 (17.0.7+7, mixed mode, emulated-client, tiered, compressed oops, compressed class ptrs, g1 gc, windows-amd64)
GC Precious Log:
 CPUs: 8 total, 8 available
 Memory: 16254M
 Large Page Support: Disabled
 NUMA Support: Disabled
 Compressed Oops: Enabled (Zero based)
 Heap Region Size: 2M
 Heap Min Capacity: 8M
 Heap Initial Capacity: 254M
 Heap Max Capacity: 4064M
 Pre-touch: Disabled
 Parallel Workers: 8
 Concurrent Workers: 2
 Concurrent Refinement Workers: 8
 Periodic GC: Disabled
Heap:
 garbage-first heap   total 81920K, used 23093K [0x0000000702000000, 0x0000000800000000)
  region size 2048K, 6 young (12288K), 3 survivors (6144K)
 Metaspace       used 36295K, committed 36672K, reserved 1114112K
  class space    used 4592K, committed 4736K, reserved 1048576K
GC Heap History (16 events):
Event: 1.106 GC heap before
{Heap before GC invocations=0 (full 0):
 garbage-first heap   total 260096K, used 20480K [0x0000000702000000, 0x0000000800000000)
  region size 2048K, 11 young (22528K), 0 survivors (0K)
 Metaspace       used 14783K, committed 14976K, reserved 1114112K
  class space    used 1546K, committed 1664K, reserved 1048576K
}
Event: 1.112 GC heap after
{Heap after GC invocations=1 (full 0):
 garbage-first heap   total 260096K, used 8245K [0x0000000702000000, 0x0000000800000000)
  region size 2048K, 2 young (4096K), 2 survivors (4096K)
 Metaspace       used 14783K, committed 14976K, reserved 1114112K
  class space    used 1546K, committed 1664K, reserved 1048576K
}
Event: 1.479 GC heap before
{Heap before GC invocations=1 (full 0):
 garbage-first heap   total 260096K, used 26677K [0x0000000702000000, 0x0000000800000000)
  region size 2048K, 11 young (22528K), 2 survivors (4096K)
 Metaspace       used 18058K, committed 18304K, reserved 1114112K
  class space    used 2013K, committed 2112K, reserved 1048576K
}
Event: 1.483 GC heap after
{Heap after GC invocations=2 (full 0):
 garbage-first heap   total 260096K, used 9537K [0x0000000702000000, 0x0000000800000000)
  region size 2048K, 1 young (2048K), 1 survivors (2048K)
 Metaspace       used 18058K, committed 18304K, reserved 1114112K
  class space    used 2013K, committed 2112K, reserved 1048576K
}
Event: 1.734 GC heap before
{Heap before GC invocations=2 (full 0):
 garbage-first heap   total 260096K, used 27969K [0x0000000702000000, 0x0000000800000000)
  region size 2048K, 11 young (22528K), 1 survivors (2048K)
 Metaspace       used 21241K, committed 21568K, reserved 1114112K
  class space    used 2503K, committed 2688K, reserved 1048576K
}
Event: 1.736 GC heap after
{Heap after GC invocations=3 (full 0):
 garbage-first heap   total 260096K, used 10425K [0x0000000702000000, 0x0000000800000000)
  region size 2048K, 1 young (2048K), 1 survivors (2048K)
 Metaspace       used 21241K, committed 21568K, reserved 1114112K
  class space    used 2503K, committed 2688K, reserved 1048576K
}
Event: 2.023 GC heap before
{Heap before GC invocations=4 (full 0):
 garbage-first heap   total 49152K, used 32953K [0x0000000702000000, 0x0000000800000000)
  region size 2048K, 13 young (26624K), 1 survivors (2048K)
 Metaspace       used 25389K, committed 25664K, reserved 1114112K
  class space    used 3125K, committed 3264K, reserved 1048576K
}
Event: 2.027 GC heap after
{Heap after GC invocations=5 (full 0):
 garbage-first heap   total 49152K, used 11938K [0x0000000702000000, 0x0000000800000000)
  region size 2048K, 2 young (4096K), 2 survivors (4096K)
 Metaspace       used 25389K, committed 25664K, reserved 1114112K
  class space    used 3125K, committed 3264K, reserved 1048576K
}
Event: 2.196 GC heap before
{Heap before GC invocations=5 (full 0):
 garbage-first heap   total 49152K, used 26274K [0x0000000702000000, 0x0000000800000000)
  region size 2048K, 10 young (20480K), 2 survivors (4096K)
 Metaspace       used 28510K, committed 28800K, reserved 1114112K
  class space    used 3466K, committed 3584K, reserved 1048576K
}
Event: 2.201 GC heap after
{Heap after GC invocations=6 (full 0):
 garbage-first heap   total 49152K, used 13826K [0x0000000702000000, 0x0000000800000000)
  region size 2048K, 2 young (4096K), 2 survivors (4096K)
 Metaspace       used 28510K, committed 28800K, reserved 1114112K
  class space    used 3466K, committed 3584K, reserved 1048576K
}
Event: 2.482 GC heap before
{Heap before GC invocations=6 (full 0):
 garbage-first heap   total 49152K, used 30210K [0x0000000702000000, 0x0000000800000000)
  region size 2048K, 10 young (20480K), 2 survivors (4096K)
 Metaspace       used 30601K, committed 30848K, reserved 1114112K
  class space    used 3768K, committed 3904K, reserved 1048576K
}
Event: 2.485 GC heap after
{Heap after GC invocations=7 (full 0):
 garbage-first heap   total 49152K, used 15041K [0x0000000702000000, 0x0000000800000000)
  region size 2048K, 2 young (4096K), 2 survivors (4096K)
 Metaspace       used 30601K, committed 30848K, reserved 1114112K
  class space    used 3768K, committed 3904K, reserved 1048576K
}
Event: 2.787 GC heap before
{Heap before GC invocations=7 (full 0):
 garbage-first heap   total 49152K, used 31425K [0x0000000702000000, 0x0000000800000000)
  region size 2048K, 10 young (20480K), 2 survivors (4096K)
 Metaspace       used 31417K, committed 31680K, reserved 1114112K
  class space    used 3894K, committed 4032K, reserved 1048576K
}
Event: 2.790 GC heap after
{Heap after GC invocations=8 (full 0):
 garbage-first heap   total 155648K, used 16376K [0x0000000702000000, 0x0000000800000000)
  region size 2048K, 2 young (4096K), 2 survivors (4096K)
 Metaspace       used 31417K, committed 31680K, reserved 1114112K
  class space    used 3894K, committed 4032K, reserved 1048576K
}
Event: 3.859 GC heap before
{Heap before GC invocations=8 (full 0):
 garbage-first heap   total 155648K, used 57336K [0x0000000702000000, 0x0000000800000000)
  region size 2048K, 23 young (47104K), 2 survivors (4096K)
 Metaspace       used 35848K, committed 36160K, reserved 1114112K
  class space    used 4530K, committed 4672K, reserved 1048576K
}
Event: 3.864 GC heap after
{Heap after GC invocations=9 (full 0):
 garbage-first heap   total 155648K, used 18997K [0x0000000702000000, 0x0000000800000000)
  region size 2048K, 3 young (6144K), 3 survivors (6144K)
 Metaspace       used 35848K, committed 36160K, reserved 1114112K
  class space    used 4530K, committed 4672K, reserved 1048576K
}

