# JRE version: OpenJDK Runtime Environment Temurin-17.0.7+7 (17.0.7+7) (build 17.0.7+7)
# Java VM: OpenJDK 64-Bit Server VM Temurin-17.0.7+7 (17.0.7+7, mixed mode, emulated-client, tiered, compressed oops, compressed class ptrs, g1 gc, windows-amd64)
GC Precious Log:
 CPUs: 8 total, 8 available
 Memory: 16254M
 Large Page Support: Disabled
 NUMA Support: Disabled
 Compressed Oops: Enabled (Zero based)
 Heap Region Size: 2M
 Heap Min Capacity: 8M
 Heap Initial Capacity: 254M
 Heap Max Capacity: 4064M
 Pre-touch: Disabled
 Parallel Workers: 8
 Concurrent Workers: 2
 Concurrent Refinement Workers: 8
 Periodic GC: Disabled
Heap:
 garbage-first heap   total 425984K, used 197119K [0x0000000702000000, 0x0000000800000000)
  region size 2048K, 32 young (65536K), 9 survivors (18432K)
 Metaspace       used 116682K, committed 118336K, reserved 1179648K
  class space    used 15150K, committed 15936K, reserved 1048576K
GC Heap History (20 events):
Event: 778.536 GC heap after
{Heap after GC invocations=96 (full 16):
 garbage-first heap   total 425984K, used 136394K [0x0000000702000000, 0x0000000800000000)
  region size 2048K, 3 young (6144K), 3 survivors (6144K)
 Metaspace       used 112849K, committed 114368K, reserved 1179648K
  class space    used 14801K, committed 15488K, reserved 1048576K
}
Event: 791.934 GC heap before
{Heap before GC invocations=96 (full 16):
 garbage-first heap   total 425984K, used 144586K [0x0000000702000000, 0x0000000800000000)
  region size 2048K, 8 young (16384K), 3 survivors (6144K)
 Metaspace       used 112852K, committed 114432K, reserved 1179648K
  class space    used 14802K, committed 15552K, reserved 1048576K
}
Event: 792.035 GC heap after
{Heap after GC invocations=97 (full 17):
 garbage-first heap   total 425984K, used 125964K [0x0000000702000000, 0x0000000800000000)
  region size 2048K, 0 young (0K), 0 survivors (0K)
 Metaspace       used 112852K, committed 114432K, reserved 1179648K
  class space    used 14802K, committed 15552K, reserved 1048576K
}
Event: 793.042 GC heap before
{Heap before GC invocations=97 (full 17):
 garbage-first heap   total 425984K, used 341004K [0x0000000702000000, 0x0000000800000000)
  region size 2048K, 105 young (215040K), 0 survivors (0K)
 Metaspace       used 114114K, committed 115648K, reserved 1179648K
  class space    used 14915K, committed 15616K, reserved 1048576K
}
Event: 793.048 GC heap after
{Heap after GC invocations=98 (full 17):
 garbage-first heap   total 425984K, used 136680K [0x0000000702000000, 0x0000000800000000)
  region size 2048K, 6 young (12288K), 6 survivors (12288K)
 Metaspace       used 114114K, committed 115648K, reserved 1179648K
  class space    used 14915K, committed 15616K, reserved 1048576K
}
Event: 793.417 GC heap before
{Heap before GC invocations=98 (full 17):
 garbage-first heap   total 425984K, used 337384K [0x0000000702000000, 0x0000000800000000)
  region size 2048K, 105 young (215040K), 6 survivors (12288K)
 Metaspace       used 114114K, committed 115648K, reserved 1179648K
  class space    used 14915K, committed 15616K, reserved 1048576K
}
Event: 793.424 GC heap after
{Heap after GC invocations=99 (full 17):
 garbage-first heap   total 425984K, used 144211K [0x0000000702000000, 0x0000000800000000)
  region size 2048K, 9 young (18432K), 9 survivors (18432K)
 Metaspace       used 114114K, committed 115648K, reserved 1179648K
  class space    used 14915K, committed 15616K, reserved 1048576K
}
Event: 805.864 GC heap before
{Heap before GC invocations=99 (full 17):
 garbage-first heap   total 425984K, used 183123K [0x0000000702000000, 0x0000000800000000)
  region size 2048K, 29 young (59392K), 9 survivors (18432K)
 Metaspace       used 114126K, committed 115712K, reserved 1179648K
  class space    used 14917K, committed 15680K, reserved 1048576K
}
Event: 805.970 GC heap after
{Heap after GC invocations=100 (full 18):
 garbage-first heap   total 425984K, used 128968K [0x0000000702000000, 0x0000000800000000)
  region size 2048K, 0 young (0K), 0 survivors (0K)
 Metaspace       used 114126K, committed 115712K, reserved 1179648K
  class space    used 14917K, committed 15680K, reserved 1048576K
}
Event: 806.972 GC heap before
{Heap before GC invocations=100 (full 18):
 garbage-first heap   total 425984K, used 337864K [0x0000000702000000, 0x0000000800000000)
  region size 2048K, 102 young (208896K), 0 survivors (0K)
 Metaspace       used 115389K, committed 116928K, reserved 1179648K
  class space    used 15031K, committed 15744K, reserved 1048576K
}
Event: 806.979 GC heap after
{Heap after GC invocations=101 (full 18):
 garbage-first heap   total 425984K, used 141149K [0x0000000702000000, 0x0000000800000000)
  region size 2048K, 6 young (12288K), 6 survivors (12288K)
 Metaspace       used 115389K, committed 116928K, reserved 1179648K
  class space    used 15031K, committed 15744K, reserved 1048576K
}
Event: 807.310 GC heap before
{Heap before GC invocations=101 (full 18):
 garbage-first heap   total 425984K, used 339805K [0x0000000702000000, 0x0000000800000000)
  region size 2048K, 104 young (212992K), 6 survivors (12288K)
 Metaspace       used 115389K, committed 116928K, reserved 1179648K
  class space    used 15031K, committed 15744K, reserved 1048576K
}
Event: 807.317 GC heap after
{Heap after GC invocations=102 (full 18):
 garbage-first heap   total 425984K, used 147400K [0x0000000702000000, 0x0000000800000000)
  region size 2048K, 9 young (18432K), 9 survivors (18432K)
 Metaspace       used 115389K, committed 116928K, reserved 1179648K
  class space    used 15031K, committed 15744K, reserved 1048576K
}
Event: 822.925 GC heap before
{Heap before GC invocations=102 (full 18):
 garbage-first heap   total 425984K, used 192456K [0x0000000702000000, 0x0000000800000000)
  region size 2048K, 32 young (65536K), 9 survivors (18432K)
 Metaspace       used 115399K, committed 116992K, reserved 1179648K
  class space    used 15033K, committed 15808K, reserved 1048576K
}
Event: 823.028 GC heap after
{Heap after GC invocations=103 (full 19):
 garbage-first heap   total 425984K, used 132658K [0x0000000702000000, 0x0000000800000000)
  region size 2048K, 0 young (0K), 0 survivors (0K)
 Metaspace       used 115399K, committed 116992K, reserved 1179648K
  class space    used 15033K, committed 15808K, reserved 1048576K
}
Event: 824.242 GC heap before
{Heap before GC invocations=103 (full 19):
 garbage-first heap   total 425984K, used 345650K [0x0000000702000000, 0x0000000800000000)
  region size 2048K, 104 young (212992K), 0 survivors (0K)
 Metaspace       used 116662K, committed 118208K, reserved 1179648K
  class space    used 15148K, committed 15872K, reserved 1048576K
}
Event: 824.249 GC heap after
{Heap after GC invocations=104 (full 19):
 garbage-first heap   total 425984K, used 144445K [0x0000000702000000, 0x0000000800000000)
  region size 2048K, 6 young (12288K), 6 survivors (12288K)
 Metaspace       used 116662K, committed 118208K, reserved 1179648K
  class space    used 15148K, committed 15872K, reserved 1048576K
}
Event: 824.613 GC heap before
{Heap before GC invocations=104 (full 19):
 garbage-first heap   total 425984K, used 345149K [0x0000000702000000, 0x0000000800000000)
  region size 2048K, 105 young (215040K), 6 survivors (12288K)
 Metaspace       used 116662K, committed 118208K, reserved 1179648K
  class space    used 15148K, committed 15872K, reserved 1048576K
}
Event: 824.621 GC heap after
{Heap after GC invocations=105 (full 19):
 garbage-first heap   total 425984K, used 151068K [0x0000000702000000, 0x0000000800000000)
  region size 2048K, 9 young (18432K), 9 survivors (18432K)
 Metaspace       used 116662K, committed 118208K, reserved 1179648K
  class space    used 15148K, committed 15872K, reserved 1048576K
}
Event: 857.552 GC heap before
{Heap before GC invocations=105 (full 19):
 garbage-first heap   total 425984K, used 196124K [0x0000000702000000, 0x0000000800000000)
  region size 2048K, 32 young (65536K), 9 survivors (18432K)
 Metaspace       used 116682K, committed 118336K, reserved 1179648K
  class space    used 15150K, committed 15936K, reserved 1048576K
}

