# JRE version: OpenJDK Runtime Environment Temurin-17.0.7+7 (17.0.7+7) (build 17.0.7+7)
# Java VM: OpenJDK 64-Bit Server VM Temurin-17.0.7+7 (17.0.7+7, mixed mode, emulated-client, tiered, compressed oops, compressed class ptrs, g1 gc, windows-amd64)
GC Precious Log:
 CPUs: 8 total, 8 available
 Memory: 16254M
 Large Page Support: Disabled
 NUMA Support: Disabled
 Compressed Oops: Enabled (Zero based)
 Heap Region Size: 2M
 Heap Min Capacity: 8M
 Heap Initial Capacity: 254M
 Heap Max Capacity: 4064M
 Pre-touch: Disabled
 Parallel Workers: 8
 Concurrent Workers: 2
 Concurrent Refinement Workers: 8
 Periodic GC: Disabled
Heap:
 garbage-first heap   total 174080K, used 63294K [0x0000000702000000, 0x0000000800000000)
  region size 2048K, 4 young (8192K), 1 survivors (2048K)
 Metaspace       used 84654K, committed 85376K, reserved 1179648K
  class space    used 11547K, committed 11840K, reserved 1048576K
GC Heap History (20 events):
Event: 55.211 GC heap after
{Heap after GC invocations=34 (full 1):
 garbage-first heap   total 161792K, used 57241K [0x0000000702000000, 0x0000000800000000)
  region size 2048K, 3 young (6144K), 3 survivors (6144K)
 Metaspace       used 83245K, committed 83904K, reserved 1179648K
  class space    used 11408K, committed 11712K, reserved 1048576K
}
Event: 166.780 GC heap before
{Heap before GC invocations=34 (full 1):
 garbage-first heap   total 161792K, used 106393K [0x0000000702000000, 0x0000000800000000)
  region size 2048K, 29 young (59392K), 3 survivors (6144K)
 Metaspace       used 83429K, committed 84160K, reserved 1179648K
  class space    used 11436K, committed 11776K, reserved 1048576K
}
Event: 166.823 GC heap after
{Heap after GC invocations=35 (full 2):
 garbage-first heap   total 131072K, used 34243K [0x0000000702000000, 0x0000000800000000)
  region size 2048K, 0 young (0K), 0 survivors (0K)
 Metaspace       used 83429K, committed 84160K, reserved 1179648K
  class space    used 11436K, committed 11776K, reserved 1048576K
}
Event: 167.289 GC heap before
{Heap before GC invocations=35 (full 2):
 garbage-first heap   total 131072K, used 95683K [0x0000000702000000, 0x0000000800000000)
  region size 2048K, 30 young (61440K), 0 survivors (0K)
 Metaspace       used 83851K, committed 84544K, reserved 1179648K
  class space    used 11481K, committed 11776K, reserved 1048576K
}
Event: 167.293 GC heap after
{Heap after GC invocations=36 (full 2):
 garbage-first heap   total 131072K, used 39495K [0x0000000702000000, 0x0000000800000000)
  region size 2048K, 3 young (6144K), 3 survivors (6144K)
 Metaspace       used 83851K, committed 84544K, reserved 1179648K
  class space    used 11481K, committed 11776K, reserved 1048576K
}
Event: 167.715 GC heap before
{Heap before GC invocations=36 (full 2):
 garbage-first heap   total 131072K, used 94791K [0x0000000702000000, 0x0000000800000000)
  region size 2048K, 30 young (61440K), 3 survivors (6144K)
 Metaspace       used 84172K, committed 84928K, reserved 1179648K
  class space    used 11511K, committed 11840K, reserved 1048576K
}
Event: 167.720 GC heap after
{Heap after GC invocations=37 (full 2):
 garbage-first heap   total 131072K, used 42205K [0x0000000702000000, 0x0000000800000000)
  region size 2048K, 2 young (4096K), 2 survivors (4096K)
 Metaspace       used 84172K, committed 84928K, reserved 1179648K
  class space    used 11511K, committed 11840K, reserved 1048576K
}
Event: 167.876 GC heap before
{Heap before GC invocations=37 (full 2):
 garbage-first heap   total 131072K, used 95453K [0x0000000702000000, 0x0000000800000000)
  region size 2048K, 28 young (57344K), 2 survivors (4096K)
 Metaspace       used 84480K, committed 85184K, reserved 1179648K
  class space    used 11532K, committed 11840K, reserved 1048576K
}
Event: 167.879 GC heap after
{Heap after GC invocations=38 (full 2):
 garbage-first heap   total 131072K, used 43159K [0x0000000702000000, 0x0000000800000000)
  region size 2048K, 3 young (6144K), 3 survivors (6144K)
 Metaspace       used 84480K, committed 85184K, reserved 1179648K
  class space    used 11532K, committed 11840K, reserved 1048576K
}
Event: 168.108 GC heap before
{Heap before GC invocations=38 (full 2):
 garbage-first heap   total 131072K, used 96407K [0x0000000702000000, 0x0000000800000000)
  region size 2048K, 29 young (59392K), 3 survivors (6144K)
 Metaspace       used 84637K, committed 85312K, reserved 1179648K
  class space    used 11544K, committed 11840K, reserved 1048576K
}
Event: 168.113 GC heap after
{Heap after GC invocations=39 (full 2):
 garbage-first heap   total 174080K, used 49786K [0x0000000702000000, 0x0000000800000000)
  region size 2048K, 4 young (8192K), 4 survivors (8192K)
 Metaspace       used 84637K, committed 85312K, reserved 1179648K
  class space    used 11544K, committed 11840K, reserved 1048576K
}
Event: 168.286 GC heap before
{Heap before GC invocations=39 (full 2):
 garbage-first heap   total 174080K, used 129658K [0x0000000702000000, 0x0000000800000000)
  region size 2048K, 44 young (90112K), 4 survivors (8192K)
 Metaspace       used 84644K, committed 85376K, reserved 1179648K
  class space    used 11545K, committed 11840K, reserved 1048576K
}
Event: 168.294 GC heap after
{Heap after GC invocations=40 (full 2):
 garbage-first heap   total 174080K, used 57139K [0x0000000702000000, 0x0000000800000000)
  region size 2048K, 6 young (12288K), 6 survivors (12288K)
 Metaspace       used 84644K, committed 85376K, reserved 1179648K
  class space    used 11545K, committed 11840K, reserved 1048576K
}
Event: 168.423 GC heap before
{Heap before GC invocations=40 (full 2):
 garbage-first heap   total 174080K, used 122675K [0x0000000702000000, 0x0000000800000000)
  region size 2048K, 39 young (79872K), 6 survivors (12288K)
 Metaspace       used 84644K, committed 85376K, reserved 1179648K
  class space    used 11545K, committed 11840K, reserved 1048576K
}
Event: 168.430 GC heap after
{Heap after GC invocations=41 (full 2):
 garbage-first heap   total 174080K, used 63353K [0x0000000702000000, 0x0000000800000000)
  region size 2048K, 4 young (8192K), 4 survivors (8192K)
 Metaspace       used 84644K, committed 85376K, reserved 1179648K
  class space    used 11545K, committed 11840K, reserved 1048576K
}
Event: 340.718 GC heap before
{Heap before GC invocations=41 (full 2):
 garbage-first heap   total 174080K, used 128889K [0x0000000702000000, 0x0000000800000000)
  region size 2048K, 36 young (73728K), 4 survivors (8192K)
 Metaspace       used 84650K, committed 85376K, reserved 1179648K
  class space    used 11546K, committed 11840K, reserved 1048576K
}
Event: 340.722 GC heap after
{Heap after GC invocations=42 (full 2):
 garbage-first heap   total 174080K, used 58643K [0x0000000702000000, 0x0000000800000000)
  region size 2048K, 1 young (2048K), 1 survivors (2048K)
 Metaspace       used 84650K, committed 85376K, reserved 1179648K
  class space    used 11546K, committed 11840K, reserved 1048576K
}
Event: 972.611 GC heap before
{Heap before GC invocations=42 (full 2):
 garbage-first heap   total 174080K, used 132371K [0x0000000702000000, 0x0000000800000000)
  region size 2048K, 37 young (75776K), 1 survivors (2048K)
 Metaspace       used 84651K, committed 85376K, reserved 1179648K
  class space    used 11546K, committed 11840K, reserved 1048576K
}
Event: 972.614 GC heap after
{Heap after GC invocations=43 (full 2):
 garbage-first heap   total 174080K, used 58082K [0x0000000702000000, 0x0000000800000000)
  region size 2048K, 1 young (2048K), 1 survivors (2048K)
 Metaspace       used 84651K, committed 85376K, reserved 1179648K
  class space    used 11546K, committed 11840K, reserved 1048576K
}
Event: 996.974 GC heap before
{Heap before GC invocations=43 (full 2):
 garbage-first heap   total 174080K, used 62178K [0x0000000702000000, 0x0000000800000000)
  region size 2048K, 4 young (8192K), 1 survivors (2048K)
 Metaspace       used 84654K, committed 85376K, reserved 1179648K
  class space    used 11547K, committed 11840K, reserved 1048576K
}

