# JRE version: OpenJDK Runtime Environment Temurin-17.0.7+7 (17.0.7+7) (build 17.0.7+7)
# Java VM: OpenJDK 64-Bit Server VM Temurin-17.0.7+7 (17.0.7+7, mixed mode, emulated-client, tiered, compressed oops, compressed class ptrs, g1 gc, windows-amd64)
GC Precious Log:
 CPUs: 8 total, 8 available
 Memory: 16254M
 Large Page Support: Disabled
 NUMA Support: Disabled
 Compressed Oops: Enabled (Zero based)
 Heap Region Size: 2M
 Heap Min Capacity: 8M
 Heap Initial Capacity: 254M
 Heap Max Capacity: 4064M
 Pre-touch: Disabled
 Parallel Workers: 8
 Concurrent Workers: 2
 Concurrent Refinement Workers: 8
 Periodic GC: Disabled
Heap:
 garbage-first heap   total 116736K, used 33067K [0x0000000702000000, 0x0000000800000000)
  region size 2048K, 2 young (4096K), 0 survivors (0K)
 Metaspace       used 82162K, committed 82880K, reserved 1179648K
  class space    used 11346K, committed 11712K, reserved 1048576K
GC Heap History (20 events):
Event: 4.514 GC heap before
{Heap before GC invocations=12 (full 0):
 garbage-first heap   total 131072K, used 76264K [0x0000000702000000, 0x0000000800000000)
  region size 2048K, 29 young (59392K), 2 survivors (4096K)
 Metaspace       used 59951K, committed 60416K, reserved 1114112K
  class space    used 8033K, committed 8256K, reserved 1048576K
}
Event: 4.518 GC heap after
{Heap after GC invocations=13 (full 0):
 garbage-first heap   total 131072K, used 25358K [0x0000000702000000, 0x0000000800000000)
  region size 2048K, 3 young (6144K), 3 survivors (6144K)
 Metaspace       used 59951K, committed 60416K, reserved 1114112K
  class space    used 8033K, committed 8256K, reserved 1048576K
}
Event: 5.318 GC heap before
{Heap before GC invocations=14 (full 0):
 garbage-first heap   total 96256K, used 76558K [0x0000000702000000, 0x0000000800000000)
  region size 2048K, 28 young (57344K), 3 survivors (6144K)
 Metaspace       used 67406K, committed 67968K, reserved 1114112K
  class space    used 9198K, committed 9472K, reserved 1048576K
}
Event: 5.323 GC heap after
{Heap after GC invocations=15 (full 0):
 garbage-first heap   total 96256K, used 28146K [0x0000000702000000, 0x0000000800000000)
  region size 2048K, 3 young (6144K), 3 survivors (6144K)
 Metaspace       used 67406K, committed 67968K, reserved 1114112K
  class space    used 9198K, committed 9472K, reserved 1048576K
}
Event: 5.328 GC heap before
{Heap before GC invocations=15 (full 0):
 garbage-first heap   total 96256K, used 30194K [0x0000000702000000, 0x0000000800000000)
  region size 2048K, 4 young (8192K), 3 survivors (6144K)
 Metaspace       used 67406K, committed 67968K, reserved 1114112K
  class space    used 9198K, committed 9472K, reserved 1048576K
}
Event: 5.333 GC heap after
{Heap after GC invocations=16 (full 0):
 garbage-first heap   total 96256K, used 28250K [0x0000000702000000, 0x0000000800000000)
  region size 2048K, 1 young (2048K), 1 survivors (2048K)
 Metaspace       used 67406K, committed 67968K, reserved 1114112K
  class space    used 9198K, committed 9472K, reserved 1048576K
}
Event: 5.527 GC heap before
{Heap before GC invocations=16 (full 0):
 garbage-first heap   total 96256K, used 71258K [0x0000000702000000, 0x0000000800000000)
  region size 2048K, 22 young (45056K), 1 survivors (2048K)
 Metaspace       used 68859K, committed 69440K, reserved 1114112K
  class space    used 9415K, committed 9664K, reserved 1048576K
}
Event: 5.528 GC heap after
{Heap after GC invocations=17 (full 0):
 garbage-first heap   total 96256K, used 28822K [0x0000000702000000, 0x0000000800000000)
  region size 2048K, 1 young (2048K), 1 survivors (2048K)
 Metaspace       used 68859K, committed 69440K, reserved 1114112K
  class space    used 9415K, committed 9664K, reserved 1048576K
}
Event: 5.943 GC heap before
{Heap before GC invocations=17 (full 0):
 garbage-first heap   total 96256K, used 73878K [0x0000000702000000, 0x0000000800000000)
  region size 2048K, 23 young (47104K), 1 survivors (2048K)
 Metaspace       used 72601K, committed 73216K, reserved 1114112K
  class space    used 9981K, committed 10240K, reserved 1048576K
}
Event: 5.947 GC heap after
{Heap after GC invocations=18 (full 0):
 garbage-first heap   total 96256K, used 32156K [0x0000000702000000, 0x0000000800000000)
  region size 2048K, 3 young (6144K), 3 survivors (6144K)
 Metaspace       used 72601K, committed 73216K, reserved 1114112K
  class space    used 9981K, committed 10240K, reserved 1048576K
}
Event: 6.118 GC heap before
{Heap before GC invocations=18 (full 0):
 garbage-first heap   total 96256K, used 71068K [0x0000000702000000, 0x0000000800000000)
  region size 2048K, 23 young (47104K), 3 survivors (6144K)
 Metaspace       used 73842K, committed 74432K, reserved 1114112K
  class space    used 10122K, committed 10368K, reserved 1048576K
}
Event: 6.125 GC heap after
{Heap after GC invocations=19 (full 0):
 garbage-first heap   total 96256K, used 39852K [0x0000000702000000, 0x0000000800000000)
  region size 2048K, 3 young (6144K), 3 survivors (6144K)
 Metaspace       used 73842K, committed 74432K, reserved 1114112K
  class space    used 10122K, committed 10368K, reserved 1048576K
}
Event: 6.200 GC heap before
{Heap before GC invocations=19 (full 0):
 garbage-first heap   total 96256K, used 70572K [0x0000000702000000, 0x0000000800000000)
  region size 2048K, 19 young (38912K), 3 survivors (6144K)
 Metaspace       used 73938K, committed 74560K, reserved 1114112K
  class space    used 10136K, committed 10432K, reserved 1048576K
}
Event: 6.204 GC heap after
{Heap after GC invocations=20 (full 0):
 garbage-first heap   total 96256K, used 45000K [0x0000000702000000, 0x0000000800000000)
  region size 2048K, 3 young (6144K), 3 survivors (6144K)
 Metaspace       used 73938K, committed 74560K, reserved 1114112K
  class space    used 10136K, committed 10432K, reserved 1048576K
}
Event: 6.260 GC heap before
{Heap before GC invocations=20 (full 0):
 garbage-first heap   total 96256K, used 71624K [0x0000000702000000, 0x0000000800000000)
  region size 2048K, 16 young (32768K), 3 survivors (6144K)
 Metaspace       used 73938K, committed 74560K, reserved 1114112K
  class space    used 10136K, committed 10432K, reserved 1048576K
}
Event: 6.266 GC heap after
{Heap after GC invocations=21 (full 0):
 garbage-first heap   total 204800K, used 50974K [0x0000000702000000, 0x0000000800000000)
  region size 2048K, 2 young (4096K), 2 survivors (4096K)
 Metaspace       used 73938K, committed 74560K, reserved 1114112K
  class space    used 10136K, committed 10432K, reserved 1048576K
}
Event: 6.438 GC heap before
{Heap before GC invocations=21 (full 0):
 garbage-first heap   total 204800K, used 141086K [0x0000000702000000, 0x0000000800000000)
  region size 2048K, 47 young (96256K), 2 survivors (4096K)
 Metaspace       used 74295K, committed 74880K, reserved 1114112K
  class space    used 10186K, committed 10432K, reserved 1048576K
}
Event: 6.442 GC heap after
{Heap after GC invocations=22 (full 0):
 garbage-first heap   total 204800K, used 51384K [0x0000000702000000, 0x0000000800000000)
  region size 2048K, 3 young (6144K), 3 survivors (6144K)
 Metaspace       used 74295K, committed 74880K, reserved 1114112K
  class space    used 10186K, committed 10432K, reserved 1048576K
}
Event: 160.269 GC heap before
{Heap before GC invocations=22 (full 0):
 garbage-first heap   total 204800K, used 116920K [0x0000000702000000, 0x0000000800000000)
  region size 2048K, 36 young (73728K), 3 survivors (6144K)
 Metaspace       used 82158K, committed 82880K, reserved 1179648K
  class space    used 11344K, committed 11712K, reserved 1048576K
}
Event: 160.314 GC heap after
{Heap after GC invocations=23 (full 1):
 garbage-first heap   total 116736K, used 31019K [0x0000000702000000, 0x0000000800000000)
  region size 2048K, 0 young (0K), 0 survivors (0K)
 Metaspace       used 82158K, committed 82880K, reserved 1179648K
  class space    used 11344K, committed 11712K, reserved 1048576K
}

