# JRE version: OpenJDK Runtime Environment Temurin-17.0.7+7 (17.0.7+7) (build 17.0.7+7)
# Java VM: OpenJDK 64-Bit Server VM Temurin-17.0.7+7 (17.0.7+7, mixed mode, emulated-client, tiered, compressed oops, compressed class ptrs, g1 gc, windows-amd64)
GC Precious Log:
 CPUs: 8 total, 8 available
 Memory: 16254M
 Large Page Support: Disabled
 NUMA Support: Disabled
 Compressed Oops: Enabled (Zero based)
 Heap Region Size: 2M
 Heap Min Capacity: 8M
 Heap Initial Capacity: 254M
 Heap Max Capacity: 4064M
 Pre-touch: Disabled
 Parallel Workers: 8
 Concurrent Workers: 2
 Concurrent Refinement Workers: 8
 Periodic GC: Disabled
Heap:
 garbage-first heap   total 69632K, used 51741K [0x0000000702000000, 0x0000000800000000)
  region size 2048K, 19 young (38912K), 2 survivors (4096K)
 Metaspace       used 41354K, committed 41792K, reserved 1114112K
  class space    used 5284K, committed 5504K, reserved 1048576K
GC Heap History (15 events):
Event: 0.563 GC heap before
{Heap before GC invocations=0 (full 0):
 garbage-first heap   total 260096K, used 22528K [0x0000000702000000, 0x0000000800000000)
  region size 2048K, 11 young (22528K), 0 survivors (0K)
 Metaspace       used 15336K, committed 15616K, reserved 1114112K
  class space    used 1618K, committed 1728K, reserved 1048576K
}
Event: 0.568 GC heap after
{Heap after GC invocations=1 (full 0):
 garbage-first heap   total 260096K, used 7834K [0x0000000702000000, 0x0000000800000000)
  region size 2048K, 2 young (4096K), 2 survivors (4096K)
 Metaspace       used 15336K, committed 15616K, reserved 1114112K
  class space    used 1618K, committed 1728K, reserved 1048576K
}
Event: 0.910 GC heap before
{Heap before GC invocations=1 (full 0):
 garbage-first heap   total 260096K, used 28314K [0x0000000702000000, 0x0000000800000000)
  region size 2048K, 13 young (26624K), 2 survivors (4096K)
 Metaspace       used 19262K, committed 19584K, reserved 1114112K
  class space    used 2194K, committed 2368K, reserved 1048576K
}
Event: 0.914 GC heap after
{Heap after GC invocations=2 (full 0):
 garbage-first heap   total 260096K, used 9564K [0x0000000702000000, 0x0000000800000000)
  region size 2048K, 1 young (2048K), 1 survivors (2048K)
 Metaspace       used 19262K, committed 19584K, reserved 1114112K
  class space    used 2194K, committed 2368K, reserved 1048576K
}
Event: 1.013 GC heap before
{Heap before GC invocations=2 (full 0):
 garbage-first heap   total 260096K, used 19804K [0x0000000702000000, 0x0000000800000000)
  region size 2048K, 7 young (14336K), 1 survivors (2048K)
 Metaspace       used 21257K, committed 21504K, reserved 1114112K
  class space    used 2493K, committed 2624K, reserved 1048576K
}
Event: 1.015 GC heap after
{Heap after GC invocations=3 (full 0):
 garbage-first heap   total 260096K, used 9880K [0x0000000702000000, 0x0000000800000000)
  region size 2048K, 1 young (2048K), 1 survivors (2048K)
 Metaspace       used 21257K, committed 21504K, reserved 1114112K
  class space    used 2493K, committed 2624K, reserved 1048576K
}
Event: 1.251 GC heap before
{Heap before GC invocations=4 (full 0):
 garbage-first heap   total 49152K, used 34456K [0x0000000702000000, 0x0000000800000000)
  region size 2048K, 14 young (28672K), 1 survivors (2048K)
 Metaspace       used 25470K, committed 25728K, reserved 1114112K
  class space    used 3132K, committed 3264K, reserved 1048576K
}
Event: 1.254 GC heap after
{Heap after GC invocations=5 (full 0):
 garbage-first heap   total 49152K, used 11197K [0x0000000702000000, 0x0000000800000000)
  region size 2048K, 2 young (4096K), 2 survivors (4096K)
 Metaspace       used 25470K, committed 25728K, reserved 1114112K
  class space    used 3132K, committed 3264K, reserved 1048576K
}
Event: 1.272 GC heap before
{Heap before GC invocations=5 (full 0):
 garbage-first heap   total 49152K, used 13245K [0x0000000702000000, 0x0000000800000000)
  region size 2048K, 3 young (6144K), 2 survivors (4096K)
 Metaspace       used 25855K, committed 26112K, reserved 1114112K
  class space    used 3168K, committed 3264K, reserved 1048576K
}
Event: 1.276 GC heap after
{Heap after GC invocations=6 (full 0):
 garbage-first heap   total 49152K, used 11478K [0x0000000702000000, 0x0000000800000000)
  region size 2048K, 1 young (2048K), 1 survivors (2048K)
 Metaspace       used 25855K, committed 26112K, reserved 1114112K
  class space    used 3168K, committed 3264K, reserved 1048576K
}
Event: 1.406 GC heap before
{Heap before GC invocations=6 (full 0):
 garbage-first heap   total 49152K, used 27862K [0x0000000702000000, 0x0000000800000000)
  region size 2048K, 9 young (18432K), 1 survivors (2048K)
 Metaspace       used 29054K, committed 29312K, reserved 1114112K
  class space    used 3529K, committed 3648K, reserved 1048576K
}
Event: 1.408 GC heap after
{Heap after GC invocations=7 (full 0):
 garbage-first heap   total 155648K, used 12604K [0x0000000702000000, 0x0000000800000000)
  region size 2048K, 1 young (2048K), 1 survivors (2048K)
 Metaspace       used 29054K, committed 29312K, reserved 1114112K
  class space    used 3529K, committed 3648K, reserved 1048576K
}
Event: 2.373 GC heap before
{Heap before GC invocations=7 (full 0):
 garbage-first heap   total 155648K, used 76092K [0x0000000702000000, 0x0000000800000000)
  region size 2048K, 33 young (67584K), 1 survivors (2048K)
 Metaspace       used 35753K, committed 36096K, reserved 1114112K
  class space    used 4589K, committed 4736K, reserved 1048576K
}
Event: 2.379 GC heap after
{Heap after GC invocations=8 (full 0):
 garbage-first heap   total 155648K, used 16925K [0x0000000702000000, 0x0000000800000000)
  region size 2048K, 3 young (6144K), 3 survivors (6144K)
 Metaspace       used 35753K, committed 36096K, reserved 1114112K
  class space    used 4589K, committed 4736K, reserved 1048576K
}
Event: 2.979 GC heap before
{Heap before GC invocations=9 (full 0):
 garbage-first heap   total 69632K, used 51741K [0x0000000702000000, 0x0000000800000000)
  region size 2048K, 20 young (40960K), 3 survivors (6144K)
 Metaspace       used 41354K, committed 41792K, reserved 1114112K
  class space    used 5284K, committed 5504K, reserved 1048576K
}

