# JRE version: OpenJDK Runtime Environment Temurin-17.0.7+7 (17.0.7+7) (build 17.0.7+7)
# Java VM: OpenJDK 64-Bit Server VM Temurin-17.0.7+7 (17.0.7+7, mixed mode, tiered, compressed oops, compressed class ptrs, g1 gc, windows-amd64)
GC Precious Log:
 CPUs: 8 total, 8 available
 Memory: 16254M
 Large Page Support: Disabled
 NUMA Support: Disabled
 Compressed Oops: Enabled (Zero based)
 Heap Region Size: 2M
 Heap Min Capacity: 8M
 Heap Initial Capacity: 254M
 Heap Max Capacity: 4064M
 Pre-touch: Disabled
 Parallel Workers: 8
 Concurrent Workers: 2
 Concurrent Refinement Workers: 8
 Periodic GC: Disabled
Heap:
 garbage-first heap   total 151552K, used 54459K [0x0000000702000000, 0x0000000800000000)
  region size 2048K, 6 young (12288K), 1 survivors (2048K)
 Metaspace       used 35706K, committed 35968K, reserved 1114112K
  class space    used 3823K, committed 3968K, reserved 1048576K
GC Heap History (19 events):
Event: 2.547 GC heap before
{Heap before GC invocations=0 (full 0):
 garbage-first heap   total 260096K, used 22528K [0x0000000702000000, 0x0000000800000000)
  region size 2048K, 11 young (22528K), 0 survivors (0K)
 Metaspace       used 15309K, committed 15424K, reserved 1114112K
  class space    used 1516K, committed 1536K, reserved 1048576K
}
Event: 2.552 GC heap after
{Heap after GC invocations=1 (full 0):
 garbage-first heap   total 260096K, used 4285K [0x0000000702000000, 0x0000000800000000)
  region size 2048K, 2 young (4096K), 2 survivors (4096K)
 Metaspace       used 15309K, committed 15424K, reserved 1114112K
  class space    used 1516K, committed 1536K, reserved 1048576K
}
Event: 2.986 GC heap before
{Heap before GC invocations=1 (full 0):
 garbage-first heap   total 260096K, used 32957K [0x0000000702000000, 0x0000000800000000)
  region size 2048K, 16 young (32768K), 2 survivors (4096K)
 Metaspace       used 18995K, committed 19136K, reserved 1114112K
  class space    used 1975K, committed 2048K, reserved 1048576K
}
Event: 2.990 GC heap after
{Heap after GC invocations=2 (full 0):
 garbage-first heap   total 260096K, used 5781K [0x0000000702000000, 0x0000000800000000)
  region size 2048K, 1 young (2048K), 1 survivors (2048K)
 Metaspace       used 18995K, committed 19136K, reserved 1114112K
  class space    used 1975K, committed 2048K, reserved 1048576K
}
Event: 3.283 GC heap before
{Heap before GC invocations=2 (full 0):
 garbage-first heap   total 260096K, used 18069K [0x0000000702000000, 0x0000000800000000)
  region size 2048K, 8 young (16384K), 1 survivors (2048K)
 Metaspace       used 21393K, committed 21504K, reserved 1114112K
  class space    used 2299K, committed 2368K, reserved 1048576K
}
Event: 3.286 GC heap after
{Heap after GC invocations=3 (full 0):
 garbage-first heap   total 260096K, used 6818K [0x0000000702000000, 0x0000000800000000)
  region size 2048K, 2 young (4096K), 2 survivors (4096K)
 Metaspace       used 21393K, committed 21504K, reserved 1114112K
  class space    used 2299K, committed 2368K, reserved 1048576K
}
Event: 3.690 GC heap before
{Heap before GC invocations=4 (full 0):
 garbage-first heap   total 40960K, used 27298K [0x0000000702000000, 0x0000000800000000)
  region size 2048K, 12 young (24576K), 2 survivors (4096K)
 Metaspace       used 24583K, committed 24768K, reserved 1114112K
  class space    used 2650K, committed 2752K, reserved 1048576K
}
Event: 3.696 GC heap after
{Heap after GC invocations=5 (full 0):
 garbage-first heap   total 40960K, used 9054K [0x0000000702000000, 0x0000000800000000)
  region size 2048K, 2 young (4096K), 2 survivors (4096K)
 Metaspace       used 24583K, committed 24768K, reserved 1114112K
  class space    used 2650K, committed 2752K, reserved 1048576K
}
Event: 3.717 GC heap before
{Heap before GC invocations=5 (full 0):
 garbage-first heap   total 40960K, used 9054K [0x0000000702000000, 0x0000000800000000)
  region size 2048K, 3 young (6144K), 2 survivors (4096K)
 Metaspace       used 24602K, committed 24768K, reserved 1114112K
  class space    used 2650K, committed 2752K, reserved 1048576K
}
Event: 3.722 GC heap after
{Heap after GC invocations=6 (full 0):
 garbage-first heap   total 40960K, used 9605K [0x0000000702000000, 0x0000000800000000)
  region size 2048K, 1 young (2048K), 1 survivors (2048K)
 Metaspace       used 24602K, committed 24768K, reserved 1114112K
  class space    used 2650K, committed 2752K, reserved 1048576K
}
Event: 3.997 GC heap before
{Heap before GC invocations=6 (full 0):
 garbage-first heap   total 40960K, used 25989K [0x0000000702000000, 0x0000000800000000)
  region size 2048K, 9 young (18432K), 1 survivors (2048K)
 Metaspace       used 25129K, committed 25344K, reserved 1114112K
  class space    used 2697K, committed 2816K, reserved 1048576K
}
Event: 4.001 GC heap after
{Heap after GC invocations=7 (full 0):
 garbage-first heap   total 40960K, used 11292K [0x0000000702000000, 0x0000000800000000)
  region size 2048K, 2 young (4096K), 2 survivors (4096K)
 Metaspace       used 25129K, committed 25344K, reserved 1114112K
  class space    used 2697K, committed 2816K, reserved 1048576K
}
Event: 4.149 GC heap before
{Heap before GC invocations=7 (full 0):
 garbage-first heap   total 40960K, used 27676K [0x0000000702000000, 0x0000000800000000)
  region size 2048K, 10 young (20480K), 2 survivors (4096K)
 Metaspace       used 25339K, committed 25536K, reserved 1114112K
  class space    used 2711K, committed 2816K, reserved 1048576K
}
Event: 4.155 GC heap after
{Heap after GC invocations=8 (full 0):
 garbage-first heap   total 151552K, used 13046K [0x0000000702000000, 0x0000000800000000)
  region size 2048K, 1 young (2048K), 1 survivors (2048K)
 Metaspace       used 25339K, committed 25536K, reserved 1114112K
  class space    used 2711K, committed 2816K, reserved 1048576K
}
Event: 5.799 GC heap before
{Heap before GC invocations=8 (full 0):
 garbage-first heap   total 151552K, used 133878K [0x0000000702000000, 0x0000000800000000)
  region size 2048K, 44 young (90112K), 1 survivors (2048K)
 Metaspace       used 29151K, committed 29440K, reserved 1114112K
  class space    used 3077K, committed 3200K, reserved 1048576K
}
Event: 5.806 GC heap after
{Heap after GC invocations=9 (full 0):
 garbage-first heap   total 151552K, used 19022K [0x0000000702000000, 0x0000000800000000)
  region size 2048K, 4 young (8192K), 4 survivors (8192K)
 Metaspace       used 29151K, committed 29440K, reserved 1114112K
  class space    used 3077K, committed 3200K, reserved 1048576K
}
Event: 6.856 GC heap before
{Heap before GC invocations=9 (full 0):
 garbage-first heap   total 151552K, used 105038K [0x0000000702000000, 0x0000000800000000)
  region size 2048K, 44 young (90112K), 4 survivors (8192K)
 Metaspace       used 35516K, committed 35776K, reserved 1114112K
  class space    used 3801K, committed 3904K, reserved 1048576K
}
Event: 6.874 GC heap after
{Heap after GC invocations=10 (full 0):
 garbage-first heap   total 151552K, used 45241K [0x0000000702000000, 0x0000000800000000)
  region size 2048K, 6 young (12288K), 6 survivors (12288K)
 Metaspace       used 35516K, committed 35776K, reserved 1114112K
  class space    used 3801K, committed 3904K, reserved 1048576K
}
Event: 6.964 GC heap before
{Heap before GC invocations=10 (full 0):
 garbage-first heap   total 151552K, used 53433K [0x0000000702000000, 0x0000000800000000)
  region size 2048K, 11 young (22528K), 6 survivors (12288K)
 Metaspace       used 35706K, committed 35968K, reserved 1114112K
  class space    used 3823K, committed 3968K, reserved 1048576K
}

