# JRE version: OpenJDK Runtime Environment Temurin-17.0.7+7 (17.0.7+7) (build 17.0.7+7)
# Java VM: OpenJDK 64-Bit Server VM Temurin-17.0.7+7 (17.0.7+7, mixed mode, emulated-client, tiered, compressed oops, compressed class ptrs, g1 gc, windows-amd64)
GC Precious Log:
 CPUs: 8 total, 8 available
 Memory: 16254M
 Large Page Support: Disabled
 NUMA Support: Disabled
 Compressed Oops: Enabled (Zero based)
 Heap Region Size: 2M
 Heap Min Capacity: 8M
 Heap Initial Capacity: 254M
 Heap Max Capacity: 4064M
 Pre-touch: Disabled
 Parallel Workers: 8
 Concurrent Workers: 2
 Concurrent Refinement Workers: 8
 Periodic GC: Disabled
Heap:
 garbage-first heap   total 90112K, used 38941K [0x0000000702000000, 0x0000000800000000)
  region size 2048K, 9 young (18432K), 2 survivors (4096K)
 Metaspace       used 64014K, committed 64512K, reserved 1114112K
  class space    used 8567K, committed 8832K, reserved 1048576K
GC Heap History (20 events):
Event: 1.180 GC heap before
{Heap before GC invocations=2 (full 0):
 garbage-first heap   total 260096K, used 21929K [0x0000000702000000, 0x0000000800000000)
  region size 2048K, 8 young (16384K), 1 survivors (2048K)
 Metaspace       used 21249K, committed 21504K, reserved 1114112K
  class space    used 2504K, committed 2624K, reserved 1048576K
}
Event: 1.182 GC heap after
{Heap after GC invocations=3 (full 0):
 garbage-first heap   total 260096K, used 10274K [0x0000000702000000, 0x0000000800000000)
  region size 2048K, 2 young (4096K), 2 survivors (4096K)
 Metaspace       used 21249K, committed 21504K, reserved 1114112K
  class space    used 2504K, committed 2624K, reserved 1048576K
}
Event: 1.442 GC heap before
{Heap before GC invocations=4 (full 0):
 garbage-first heap   total 55296K, used 38946K [0x0000000702000000, 0x0000000800000000)
  region size 2048K, 17 young (34816K), 2 survivors (4096K)
 Metaspace       used 26162K, committed 26432K, reserved 1114112K
  class space    used 3205K, committed 3328K, reserved 1048576K
}
Event: 1.446 GC heap after
{Heap after GC invocations=5 (full 0):
 garbage-first heap   total 55296K, used 12288K [0x0000000702000000, 0x0000000800000000)
  region size 2048K, 2 young (4096K), 2 survivors (4096K)
 Metaspace       used 26162K, committed 26432K, reserved 1114112K
  class space    used 3205K, committed 3328K, reserved 1048576K
}
Event: 1.463 GC heap before
{Heap before GC invocations=5 (full 0):
 garbage-first heap   total 55296K, used 12288K [0x0000000702000000, 0x0000000800000000)
  region size 2048K, 3 young (6144K), 2 survivors (4096K)
 Metaspace       used 26584K, committed 26880K, reserved 1114112K
  class space    used 3246K, committed 3392K, reserved 1048576K
}
Event: 1.467 GC heap after
{Heap after GC invocations=6 (full 0):
 garbage-first heap   total 55296K, used 12792K [0x0000000702000000, 0x0000000800000000)
  region size 2048K, 1 young (2048K), 1 survivors (2048K)
 Metaspace       used 26584K, committed 26880K, reserved 1114112K
  class space    used 3246K, committed 3392K, reserved 1048576K
}
Event: 1.604 GC heap before
{Heap before GC invocations=6 (full 0):
 garbage-first heap   total 55296K, used 31224K [0x0000000702000000, 0x0000000800000000)
  region size 2048K, 11 young (22528K), 1 survivors (2048K)
 Metaspace       used 30019K, committed 30336K, reserved 1114112K
  class space    used 3690K, committed 3840K, reserved 1048576K
}
Event: 1.606 GC heap after
{Heap after GC invocations=7 (full 0):
 garbage-first heap   total 157696K, used 13984K [0x0000000702000000, 0x0000000800000000)
  region size 2048K, 2 young (4096K), 2 survivors (4096K)
 Metaspace       used 30019K, committed 30336K, reserved 1114112K
  class space    used 3690K, committed 3840K, reserved 1048576K
}
Event: 2.356 GC heap before
{Heap before GC invocations=7 (full 0):
 garbage-first heap   total 157696K, used 75424K [0x0000000702000000, 0x0000000800000000)
  region size 2048K, 33 young (67584K), 2 survivors (4096K)
 Metaspace       used 35851K, committed 36160K, reserved 1114112K
  class space    used 4532K, committed 4672K, reserved 1048576K
}
Event: 2.361 GC heap after
{Heap after GC invocations=8 (full 0):
 garbage-first heap   total 157696K, used 17808K [0x0000000702000000, 0x0000000800000000)
  region size 2048K, 3 young (6144K), 3 survivors (6144K)
 Metaspace       used 35851K, committed 36160K, reserved 1114112K
  class space    used 4532K, committed 4672K, reserved 1048576K
}
Event: 2.917 GC heap before
{Heap before GC invocations=9 (full 0):
 garbage-first heap   total 69632K, used 52624K [0x0000000702000000, 0x0000000800000000)
  region size 2048K, 20 young (40960K), 3 survivors (6144K)
 Metaspace       used 40418K, committed 40896K, reserved 1114112K
  class space    used 5192K, committed 5440K, reserved 1048576K
}
Event: 2.925 GC heap after
{Heap after GC invocations=10 (full 0):
 garbage-first heap   total 69632K, used 20940K [0x0000000702000000, 0x0000000800000000)
  region size 2048K, 2 young (4096K), 2 survivors (4096K)
 Metaspace       used 40418K, committed 40896K, reserved 1114112K
  class space    used 5192K, committed 5440K, reserved 1048576K
}
Event: 2.973 GC heap before
{Heap before GC invocations=10 (full 0):
 garbage-first heap   total 69632K, used 22988K [0x0000000702000000, 0x0000000800000000)
  region size 2048K, 3 young (6144K), 2 survivors (4096K)
 Metaspace       used 40929K, committed 41408K, reserved 1114112K
  class space    used 5246K, committed 5504K, reserved 1048576K
}
Event: 2.977 GC heap after
{Heap after GC invocations=11 (full 0):
 garbage-first heap   total 69632K, used 21585K [0x0000000702000000, 0x0000000800000000)
  region size 2048K, 1 young (2048K), 1 survivors (2048K)
 Metaspace       used 40929K, committed 41408K, reserved 1114112K
  class space    used 5246K, committed 5504K, reserved 1048576K
}
Event: 3.563 GC heap before
{Heap before GC invocations=11 (full 0):
 garbage-first heap   total 69632K, used 48209K [0x0000000702000000, 0x0000000800000000)
  region size 2048K, 14 young (28672K), 1 survivors (2048K)
 Metaspace       used 48590K, committed 49088K, reserved 1114112K
  class space    used 6188K, committed 6400K, reserved 1048576K
}
Event: 3.566 GC heap after
{Heap after GC invocations=12 (full 0):
 garbage-first heap   total 90112K, used 23561K [0x0000000702000000, 0x0000000800000000)
  region size 2048K, 2 young (4096K), 2 survivors (4096K)
 Metaspace       used 48590K, committed 49088K, reserved 1114112K
  class space    used 6188K, committed 6400K, reserved 1048576K
}
Event: 4.328 GC heap before
{Heap before GC invocations=12 (full 0):
 garbage-first heap   total 90112K, used 62473K [0x0000000702000000, 0x0000000800000000)
  region size 2048K, 22 young (45056K), 2 survivors (4096K)
 Metaspace       used 56923K, committed 57344K, reserved 1114112K
  class space    used 7431K, committed 7616K, reserved 1048576K
}
Event: 4.331 GC heap after
{Heap after GC invocations=13 (full 0):
 garbage-first heap   total 90112K, used 25644K [0x0000000702000000, 0x0000000800000000)
  region size 2048K, 3 young (6144K), 3 survivors (6144K)
 Metaspace       used 56923K, committed 57344K, reserved 1114112K
  class space    used 7431K, committed 7616K, reserved 1048576K
}
Event: 4.632 GC heap before
{Heap before GC invocations=13 (full 0):
 garbage-first heap   total 90112K, used 44076K [0x0000000702000000, 0x0000000800000000)
  region size 2048K, 13 young (26624K), 3 survivors (6144K)
 Metaspace       used 60241K, committed 60736K, reserved 1114112K
  class space    used 7862K, committed 8128K, reserved 1048576K
}
Event: 4.636 GC heap after
{Heap after GC invocations=14 (full 0):
 garbage-first heap   total 90112K, used 26653K [0x0000000702000000, 0x0000000800000000)
  region size 2048K, 2 young (4096K), 2 survivors (4096K)
 Metaspace       used 60241K, committed 60736K, reserved 1114112K
  class space    used 7862K, committed 8128K, reserved 1048576K
}

