# JRE version: OpenJDK Runtime Environment Temurin-17.0.7+7 (17.0.7+7) (build 17.0.7+7)
# Java VM: OpenJDK 64-Bit Server VM Temurin-17.0.7+7 (17.0.7+7, mixed mode, emulated-client, tiered, compressed oops, compressed class ptrs, g1 gc, windows-amd64)
GC Precious Log:
 CPUs: 8 total, 8 available
 Memory: 16254M
 Large Page Support: Disabled
 NUMA Support: Disabled
 Compressed Oops: Enabled (Zero based)
 Heap Region Size: 2M
 Heap Min Capacity: 8M
 Heap Initial Capacity: 254M
 Heap Max Capacity: 4064M
 Pre-touch: Disabled
 Parallel Workers: 8
 Concurrent Workers: 2
 Concurrent Refinement Workers: 8
 Periodic GC: Disabled
Heap:
 garbage-first heap   total 245760K, used 196509K [0x0000000702000000, 0x0000000800000000)
  region size 2048K, 52 young (106496K), 2 survivors (4096K)
 Metaspace       used 101899K, committed 102848K, reserved 1179648K
  class space    used 13755K, committed 14208K, reserved 1048576K
GC Heap History (20 events):
Event: 3155.369 GC heap after
{Heap after GC invocations=72 (full 7):
 garbage-first heap   total 204800K, used 70558K [0x0000000702000000, 0x0000000800000000)
  region size 2048K, 2 young (4096K), 2 survivors (4096K)
 Metaspace       used 100341K, committed 101184K, reserved 1179648K
  class space    used 13581K, committed 13952K, reserved 1048576K
}
Event: 3155.632 GC heap before
{Heap before GC invocations=72 (full 7):
 garbage-first heap   total 204800K, used 154526K [0x0000000702000000, 0x0000000800000000)
  region size 2048K, 44 young (90112K), 2 survivors (4096K)
 Metaspace       used 100367K, committed 101184K, reserved 1179648K
  class space    used 13582K, committed 13952K, reserved 1048576K
}
Event: 3155.637 GC heap after
{Heap after GC invocations=73 (full 7):
 garbage-first heap   total 245760K, used 75767K [0x0000000702000000, 0x0000000800000000)
  region size 2048K, 4 young (8192K), 4 survivors (8192K)
 Metaspace       used 100367K, committed 101184K, reserved 1179648K
  class space    used 13582K, committed 13952K, reserved 1048576K
}
Event: 3155.909 GC heap before
{Heap before GC invocations=73 (full 7):
 garbage-first heap   total 245760K, used 186359K [0x0000000702000000, 0x0000000800000000)
  region size 2048K, 59 young (120832K), 4 survivors (8192K)
 Metaspace       used 100367K, committed 101184K, reserved 1179648K
  class space    used 13582K, committed 13952K, reserved 1048576K
}
Event: 3155.914 GC heap after
{Heap after GC invocations=74 (full 7):
 garbage-first heap   total 245760K, used 76976K [0x0000000702000000, 0x0000000800000000)
  region size 2048K, 5 young (10240K), 5 survivors (10240K)
 Metaspace       used 100367K, committed 101184K, reserved 1179648K
  class space    used 13582K, committed 13952K, reserved 1048576K
}
Event: 3187.574 GC heap before
{Heap before GC invocations=74 (full 7):
 garbage-first heap   total 245760K, used 126128K [0x0000000702000000, 0x0000000800000000)
  region size 2048K, 31 young (63488K), 5 survivors (10240K)
 Metaspace       used 100381K, committed 101248K, reserved 1179648K
  class space    used 13585K, committed 13952K, reserved 1048576K
}
Event: 3187.685 GC heap after
{Heap after GC invocations=75 (full 8):
 garbage-first heap   total 245760K, used 66982K [0x0000000702000000, 0x0000000800000000)
  region size 2048K, 0 young (0K), 0 survivors (0K)
 Metaspace       used 100371K, committed 101248K, reserved 1179648K
  class space    used 13583K, committed 13952K, reserved 1048576K
}
Event: 3189.445 GC heap before
{Heap before GC invocations=75 (full 8):
 garbage-first heap   total 245760K, used 196006K [0x0000000702000000, 0x0000000800000000)
  region size 2048K, 63 young (129024K), 0 survivors (0K)
 Metaspace       used 101277K, committed 102144K, reserved 1179648K
  class space    used 13679K, committed 14080K, reserved 1048576K
}
Event: 3189.450 GC heap after
{Heap after GC invocations=76 (full 8):
 garbage-first heap   total 245760K, used 75368K [0x0000000702000000, 0x0000000800000000)
  region size 2048K, 5 young (10240K), 5 survivors (10240K)
 Metaspace       used 101277K, committed 102144K, reserved 1179648K
  class space    used 13679K, committed 14080K, reserved 1048576K
}
Event: 3190.079 GC heap before
{Heap before GC invocations=76 (full 8):
 garbage-first heap   total 245760K, used 190056K [0x0000000702000000, 0x0000000800000000)
  region size 2048K, 62 young (126976K), 5 survivors (10240K)
 Metaspace       used 101645K, committed 102528K, reserved 1179648K
  class space    used 13707K, committed 14080K, reserved 1048576K
}
Event: 3190.092 GC heap after
{Heap after GC invocations=77 (full 8):
 garbage-first heap   total 245760K, used 87378K [0x0000000702000000, 0x0000000800000000)
  region size 2048K, 8 young (16384K), 8 survivors (16384K)
 Metaspace       used 101645K, committed 102528K, reserved 1179648K
  class space    used 13707K, committed 14080K, reserved 1048576K
}
Event: 3190.362 GC heap before
{Heap before GC invocations=77 (full 8):
 garbage-first heap   total 245760K, used 187730K [0x0000000702000000, 0x0000000800000000)
  region size 2048K, 58 young (118784K), 8 survivors (16384K)
 Metaspace       used 101645K, committed 102528K, reserved 1179648K
  class space    used 13707K, committed 14080K, reserved 1048576K
}
Event: 3190.376 GC heap after
{Heap after GC invocations=78 (full 8):
 garbage-first heap   total 245760K, used 100527K [0x0000000702000000, 0x0000000800000000)
  region size 2048K, 7 young (14336K), 7 survivors (14336K)
 Metaspace       used 101645K, committed 102528K, reserved 1179648K
  class space    used 13707K, committed 14080K, reserved 1048576K
}
Event: 3235.230 GC heap before
{Heap before GC invocations=78 (full 8):
 garbage-first heap   total 245760K, used 184495K [0x0000000702000000, 0x0000000800000000)
  region size 2048K, 49 young (100352K), 7 survivors (14336K)
 Metaspace       used 101708K, committed 102592K, reserved 1179648K
  class space    used 13723K, committed 14144K, reserved 1048576K
}
Event: 3235.235 GC heap after
{Heap after GC invocations=79 (full 8):
 garbage-first heap   total 245760K, used 94378K [0x0000000702000000, 0x0000000800000000)
  region size 2048K, 2 young (4096K), 2 survivors (4096K)
 Metaspace       used 101708K, committed 102592K, reserved 1179648K
  class space    used 13723K, committed 14144K, reserved 1048576K
}
Event: 3850.972 GC heap before
{Heap before GC invocations=79 (full 8):
 garbage-first heap   total 245760K, used 190634K [0x0000000702000000, 0x0000000800000000)
  region size 2048K, 49 young (100352K), 2 survivors (4096K)
 Metaspace       used 101835K, committed 102720K, reserved 1179648K
  class space    used 13748K, committed 14144K, reserved 1048576K
}
Event: 3850.976 GC heap after
{Heap after GC invocations=80 (full 8):
 garbage-first heap   total 245760K, used 94564K [0x0000000702000000, 0x0000000800000000)
  region size 2048K, 2 young (4096K), 2 survivors (4096K)
 Metaspace       used 101835K, committed 102720K, reserved 1179648K
  class space    used 13748K, committed 14144K, reserved 1048576K
}
Event: 4511.263 GC heap before
{Heap before GC invocations=80 (full 8):
 garbage-first heap   total 245760K, used 194916K [0x0000000702000000, 0x0000000800000000)
  region size 2048K, 51 young (104448K), 2 survivors (4096K)
 Metaspace       used 101837K, committed 102784K, reserved 1179648K
  class space    used 13749K, committed 14208K, reserved 1048576K
}
Event: 4511.268 GC heap after
{Heap after GC invocations=81 (full 8):
 garbage-first heap   total 245760K, used 94109K [0x0000000702000000, 0x0000000800000000)
  region size 2048K, 2 young (4096K), 2 survivors (4096K)
 Metaspace       used 101837K, committed 102784K, reserved 1179648K
  class space    used 13749K, committed 14208K, reserved 1048576K
}
Event: 5138.207 GC heap before
{Heap before GC invocations=81 (full 8):
 garbage-first heap   total 245760K, used 196509K [0x0000000702000000, 0x0000000800000000)
  region size 2048K, 52 young (106496K), 2 survivors (4096K)
 Metaspace       used 101899K, committed 102848K, reserved 1179648K
  class space    used 13755K, committed 14208K, reserved 1048576K
}

