# JRE version: OpenJDK Runtime Environment Temurin-17.0.7+7 (17.0.7+7) (build 17.0.7+7)
# Java VM: OpenJDK 64-Bit Server VM Temurin-17.0.7+7 (17.0.7+7, mixed mode, emulated-client, tiered, compressed oops, compressed class ptrs, g1 gc, windows-amd64)
GC Precious Log:
 CPUs: 8 total, 8 available
 Memory: 16254M
 Large Page Support: Disabled
 NUMA Support: Disabled
 Compressed Oops: Enabled (Zero based)
 Heap Region Size: 2M
 Heap Min Capacity: 8M
 Heap Initial Capacity: 254M
 Heap Max Capacity: 4064M
 Pre-touch: Disabled
 Parallel Workers: 8
 Concurrent Workers: 2
 Concurrent Refinement Workers: 8
 Periodic GC: Disabled
Heap:
 garbage-first heap   total 131072K, used 36317K [0x0000000702000000, 0x0000000800000000)
  region size 2048K, 2 young (4096K), 0 survivors (0K)
 Metaspace       used 88984K, committed 89664K, reserved 1179648K
  class space    used 11984K, committed 12288K, reserved 1048576K
GC Heap History (20 events):
Event: 325.823 GC heap before
{Heap before GC invocations=55 (full 4):
 garbage-first heap   total 155648K, used 113480K [0x0000000702000000, 0x0000000800000000)
  region size 2048K, 40 young (81920K), 2 survivors (4096K)
 Metaspace       used 86066K, committed 86656K, reserved 1179648K
  class space    used 11590K, committed 11840K, reserved 1048576K
}
Event: 325.831 GC heap after
{Heap after GC invocations=56 (full 4):
 garbage-first heap   total 155648K, used 50068K [0x0000000702000000, 0x0000000800000000)
  region size 2048K, 5 young (10240K), 5 survivors (10240K)
 Metaspace       used 86066K, committed 86656K, reserved 1179648K
  class space    used 11590K, committed 11840K, reserved 1048576K
}
Event: 325.955 GC heap before
{Heap before GC invocations=56 (full 4):
 garbage-first heap   total 155648K, used 109460K [0x0000000702000000, 0x0000000800000000)
  region size 2048K, 35 young (71680K), 5 survivors (10240K)
 Metaspace       used 86066K, committed 86656K, reserved 1179648K
  class space    used 11590K, committed 11840K, reserved 1048576K
}
Event: 325.961 GC heap after
{Heap after GC invocations=57 (full 4):
 garbage-first heap   total 155648K, used 53100K [0x0000000702000000, 0x0000000800000000)
  region size 2048K, 2 young (4096K), 2 survivors (4096K)
 Metaspace       used 86066K, committed 86656K, reserved 1179648K
  class space    used 11590K, committed 11840K, reserved 1048576K
}
Event: 326.069 GC heap before
{Heap before GC invocations=57 (full 4):
 garbage-first heap   total 155648K, used 112492K [0x0000000702000000, 0x0000000800000000)
  region size 2048K, 32 young (65536K), 2 survivors (4096K)
 Metaspace       used 86066K, committed 86656K, reserved 1179648K
  class space    used 11590K, committed 11840K, reserved 1048576K
}
Event: 326.071 GC heap after
{Heap after GC invocations=58 (full 4):
 garbage-first heap   total 155648K, used 55809K [0x0000000702000000, 0x0000000800000000)
  region size 2048K, 3 young (6144K), 3 survivors (6144K)
 Metaspace       used 86066K, committed 86656K, reserved 1179648K
  class space    used 11590K, committed 11840K, reserved 1048576K
}
Event: 385.073 GC heap before
{Heap before GC invocations=58 (full 4):
 garbage-first heap   total 155648K, used 94721K [0x0000000702000000, 0x0000000800000000)
  region size 2048K, 24 young (49152K), 3 survivors (6144K)
 Metaspace       used 86421K, committed 87104K, reserved 1179648K
  class space    used 11651K, committed 11968K, reserved 1048576K
}
Event: 385.117 GC heap after
{Heap after GC invocations=59 (full 5):
 garbage-first heap   total 131072K, used 33382K [0x0000000702000000, 0x0000000800000000)
  region size 2048K, 0 young (0K), 0 survivors (0K)
 Metaspace       used 86419K, committed 87104K, reserved 1179648K
  class space    used 11650K, committed 11968K, reserved 1048576K
}
Event: 385.550 GC heap before
{Heap before GC invocations=59 (full 5):
 garbage-first heap   total 131072K, used 92774K [0x0000000702000000, 0x0000000800000000)
  region size 2048K, 29 young (59392K), 0 survivors (0K)
 Metaspace       used 86748K, committed 87488K, reserved 1179648K
  class space    used 11689K, committed 12032K, reserved 1048576K
}
Event: 385.555 GC heap after
{Heap after GC invocations=60 (full 5):
 garbage-first heap   total 131072K, used 38465K [0x0000000702000000, 0x0000000800000000)
  region size 2048K, 3 young (6144K), 3 survivors (6144K)
 Metaspace       used 86748K, committed 87488K, reserved 1179648K
  class space    used 11689K, committed 12032K, reserved 1048576K
}
Event: 385.863 GC heap before
{Heap before GC invocations=60 (full 5):
 garbage-first heap   total 131072K, used 93761K [0x0000000702000000, 0x0000000800000000)
  region size 2048K, 30 young (61440K), 3 survivors (6144K)
 Metaspace       used 87103K, committed 87808K, reserved 1179648K
  class space    used 11721K, committed 12032K, reserved 1048576K
}
Event: 385.867 GC heap after
{Heap after GC invocations=61 (full 5):
 garbage-first heap   total 159744K, used 40761K [0x0000000702000000, 0x0000000800000000)
  region size 2048K, 2 young (4096K), 2 survivors (4096K)
 Metaspace       used 87103K, committed 87808K, reserved 1179648K
  class space    used 11721K, committed 12032K, reserved 1048576K
}
Event: 386.147 GC heap before
{Heap before GC invocations=61 (full 5):
 garbage-first heap   total 159744K, used 116537K [0x0000000702000000, 0x0000000800000000)
  region size 2048K, 39 young (79872K), 2 survivors (4096K)
 Metaspace       used 87401K, committed 88064K, reserved 1179648K
  class space    used 11743K, committed 12032K, reserved 1048576K
}
Event: 386.152 GC heap after
{Heap after GC invocations=62 (full 5):
 garbage-first heap   total 159744K, used 47761K [0x0000000702000000, 0x0000000800000000)
  region size 2048K, 5 young (10240K), 5 survivors (10240K)
 Metaspace       used 87401K, committed 88064K, reserved 1179648K
  class space    used 11743K, committed 12032K, reserved 1048576K
}
Event: 386.280 GC heap before
{Heap before GC invocations=62 (full 5):
 garbage-first heap   total 159744K, used 115345K [0x0000000702000000, 0x0000000800000000)
  region size 2048K, 39 young (79872K), 5 survivors (10240K)
 Metaspace       used 87401K, committed 88064K, reserved 1179648K
  class space    used 11743K, committed 12032K, reserved 1048576K
}
Event: 386.287 GC heap after
{Heap after GC invocations=63 (full 5):
 garbage-first heap   total 159744K, used 53430K [0x0000000702000000, 0x0000000800000000)
  region size 2048K, 5 young (10240K), 5 survivors (10240K)
 Metaspace       used 87401K, committed 88064K, reserved 1179648K
  class space    used 11743K, committed 12032K, reserved 1048576K
}
Event: 386.400 GC heap before
{Heap before GC invocations=63 (full 5):
 garbage-first heap   total 159744K, used 112822K [0x0000000702000000, 0x0000000800000000)
  region size 2048K, 35 young (71680K), 5 survivors (10240K)
 Metaspace       used 87401K, committed 88064K, reserved 1179648K
  class space    used 11743K, committed 12032K, reserved 1048576K
}
Event: 386.403 GC heap after
{Heap after GC invocations=64 (full 5):
 garbage-first heap   total 159744K, used 50834K [0x0000000702000000, 0x0000000800000000)
  region size 2048K, 2 young (4096K), 2 survivors (4096K)
 Metaspace       used 87401K, committed 88064K, reserved 1179648K
  class space    used 11743K, committed 12032K, reserved 1048576K
}
Event: 412.961 GC heap before
{Heap before GC invocations=64 (full 5):
 garbage-first heap   total 159744K, used 104082K [0x0000000702000000, 0x0000000800000000)
  region size 2048K, 30 young (61440K), 2 survivors (4096K)
 Metaspace       used 88985K, committed 89664K, reserved 1179648K
  class space    used 11984K, committed 12288K, reserved 1048576K
}
Event: 413.008 GC heap after
{Heap after GC invocations=65 (full 6):
 garbage-first heap   total 131072K, used 34269K [0x0000000702000000, 0x0000000800000000)
  region size 2048K, 0 young (0K), 0 survivors (0K)
 Metaspace       used 88982K, committed 89664K, reserved 1179648K
  class space    used 11983K, committed 12288K, reserved 1048576K
}

