# JRE version: OpenJDK Runtime Environment Temurin-17.0.7+7 (17.0.7+7) (build 17.0.7+7)
# Java VM: OpenJDK 64-Bit Server VM Temurin-17.0.7+7 (17.0.7+7, mixed mode, emulated-client, tiered, compressed oops, compressed class ptrs, g1 gc, windows-amd64)
GC Precious Log:
 CPUs: 8 total, 8 available
 Memory: 16254M
 Large Page Support: Disabled
 NUMA Support: Disabled
 Compressed Oops: Enabled (Zero based)
 Heap Region Size: 2M
 Heap Min Capacity: 8M
 Heap Initial Capacity: 254M
 Heap Max Capacity: 4064M
 Pre-touch: Disabled
 Parallel Workers: 8
 Concurrent Workers: 2
 Concurrent Refinement Workers: 8
 Periodic GC: Disabled
Heap:
 garbage-first heap   total 155648K, used 23548K [0x0000000702000000, 0x0000000800000000)
  region size 2048K, 7 young (14336K), 1 survivors (2048K)
 Metaspace       used 29772K, committed 30080K, reserved 1114112K
  class space    used 3649K, committed 3776K, reserved 1048576K
GC Heap History (12 events):
Event: 12.982 GC heap before
{Heap before GC invocations=0 (full 0):
 garbage-first heap   total 260096K, used 20480K [0x0000000702000000, 0x0000000800000000)
  region size 2048K, 11 young (22528K), 0 survivors (0K)
 Metaspace       used 14437K, committed 14592K, reserved 1114112K
  class space    used 1501K, committed 1536K, reserved 1048576K
}
Event: 12.987 GC heap after
{Heap after GC invocations=1 (full 0):
 garbage-first heap   total 260096K, used 8145K [0x0000000702000000, 0x0000000800000000)
  region size 2048K, 2 young (4096K), 2 survivors (4096K)
 Metaspace       used 14437K, committed 14592K, reserved 1114112K
  class space    used 1501K, committed 1536K, reserved 1048576K
}
Event: 13.302 GC heap before
{Heap before GC invocations=1 (full 0):
 garbage-first heap   total 260096K, used 28625K [0x0000000702000000, 0x0000000800000000)
  region size 2048K, 12 young (24576K), 2 survivors (4096K)
 Metaspace       used 17926K, committed 18176K, reserved 1114112K
  class space    used 2003K, committed 2112K, reserved 1048576K
}
Event: 13.306 GC heap after
{Heap after GC invocations=2 (full 0):
 garbage-first heap   total 260096K, used 9191K [0x0000000702000000, 0x0000000800000000)
  region size 2048K, 1 young (2048K), 1 survivors (2048K)
 Metaspace       used 17926K, committed 18176K, reserved 1114112K
  class space    used 2003K, committed 2112K, reserved 1048576K
}
Event: 13.514 GC heap before
{Heap before GC invocations=2 (full 0):
 garbage-first heap   total 260096K, used 25575K [0x0000000702000000, 0x0000000800000000)
  region size 2048K, 10 young (20480K), 1 survivors (2048K)
 Metaspace       used 21292K, committed 21504K, reserved 1114112K
  class space    used 2522K, committed 2624K, reserved 1048576K
}
Event: 13.516 GC heap after
{Heap after GC invocations=3 (full 0):
 garbage-first heap   total 260096K, used 10094K [0x0000000702000000, 0x0000000800000000)
  region size 2048K, 2 young (4096K), 2 survivors (4096K)
 Metaspace       used 21292K, committed 21504K, reserved 1114112K
  class space    used 2522K, committed 2624K, reserved 1048576K
}
Event: 13.727 GC heap before
{Heap before GC invocations=4 (full 0):
 garbage-first heap   total 49152K, used 32622K [0x0000000702000000, 0x0000000800000000)
  region size 2048K, 14 young (28672K), 2 survivors (4096K)
 Metaspace       used 25135K, committed 25408K, reserved 1114112K
  class space    used 3074K, committed 3200K, reserved 1048576K
}
Event: 13.730 GC heap after
{Heap after GC invocations=5 (full 0):
 garbage-first heap   total 49152K, used 11618K [0x0000000702000000, 0x0000000800000000)
  region size 2048K, 2 young (4096K), 2 survivors (4096K)
 Metaspace       used 25135K, committed 25408K, reserved 1114112K
  class space    used 3074K, committed 3200K, reserved 1048576K
}
Event: 13.754 GC heap before
{Heap before GC invocations=5 (full 0):
 garbage-first heap   total 49152K, used 13666K [0x0000000702000000, 0x0000000800000000)
  region size 2048K, 3 young (6144K), 2 survivors (4096K)
 Metaspace       used 25565K, committed 25792K, reserved 1114112K
  class space    used 3111K, committed 3200K, reserved 1048576K
}
Event: 13.758 GC heap after
{Heap after GC invocations=6 (full 0):
 garbage-first heap   total 49152K, used 12006K [0x0000000702000000, 0x0000000800000000)
  region size 2048K, 1 young (2048K), 1 survivors (2048K)
 Metaspace       used 25565K, committed 25792K, reserved 1114112K
  class space    used 3111K, committed 3200K, reserved 1048576K
}
Event: 13.885 GC heap before
{Heap before GC invocations=6 (full 0):
 garbage-first heap   total 49152K, used 26342K [0x0000000702000000, 0x0000000800000000)
  region size 2048K, 9 young (18432K), 1 survivors (2048K)
 Metaspace       used 28795K, committed 29120K, reserved 1114112K
  class space    used 3486K, committed 3648K, reserved 1048576K
}
Event: 13.887 GC heap after
{Heap after GC invocations=7 (full 0):
 garbage-first heap   total 155648K, used 13308K [0x0000000702000000, 0x0000000800000000)
  region size 2048K, 1 young (2048K), 1 survivors (2048K)
 Metaspace       used 28795K, committed 29120K, reserved 1114112K
  class space    used 3486K, committed 3648K, reserved 1048576K
}

