# JRE version: OpenJDK Runtime Environment Temurin-17.0.7+7 (17.0.7+7) (build 17.0.7+7)
# Java VM: OpenJDK 64-Bit Server VM Temurin-17.0.7+7 (17.0.7+7, mixed mode, emulated-client, tiered, compressed oops, compressed class ptrs, g1 gc, windows-amd64)
GC Precious Log:
 CPUs: 8 total, 8 available
 Memory: 16254M
 Large Page Support: Disabled
 NUMA Support: Disabled
 Compressed Oops: Enabled (Zero based)
 Heap Region Size: 2M
 Heap Min Capacity: 8M
 Heap Initial Capacity: 254M
 Heap Max Capacity: 4064M
 Pre-touch: Disabled
 Parallel Workers: 8
 Concurrent Workers: 2
 Concurrent Refinement Workers: 8
 Periodic GC: Disabled
Heap:
 garbage-first heap   total 122880K, used 87576K [0x0000000702000000, 0x0000000800000000)
  region size 2048K, 26 young (53248K), 3 survivors (6144K)
 Metaspace       used 76392K, committed 76992K, reserved 1179648K
  class space    used 10473K, committed 10752K, reserved 1048576K
GC Heap History (20 events):
Event: 2.527 GC heap before
{Heap before GC invocations=8 (full 0):
 garbage-first heap   total 69632K, used 52355K [0x0000000702000000, 0x0000000800000000)
  region size 2048K, 20 young (40960K), 3 survivors (6144K)
 Metaspace       used 40360K, committed 40832K, reserved 1114112K
  class space    used 5175K, committed 5440K, reserved 1048576K
}
Event: 2.535 GC heap after
{Heap after GC invocations=9 (full 0):
 garbage-first heap   total 69632K, used 21051K [0x0000000702000000, 0x0000000800000000)
  region size 2048K, 2 young (4096K), 2 survivors (4096K)
 Metaspace       used 40360K, committed 40832K, reserved 1114112K
  class space    used 5175K, committed 5440K, reserved 1048576K
}
Event: 2.865 GC heap before
{Heap before GC invocations=9 (full 0):
 garbage-first heap   total 69632K, used 47675K [0x0000000702000000, 0x0000000800000000)
  region size 2048K, 15 young (30720K), 2 survivors (4096K)
 Metaspace       used 45544K, committed 46016K, reserved 1114112K
  class space    used 5792K, committed 6016K, reserved 1048576K
}
Event: 2.870 GC heap after
{Heap after GC invocations=10 (full 0):
 garbage-first heap   total 69632K, used 23306K [0x0000000702000000, 0x0000000800000000)
  region size 2048K, 2 young (4096K), 2 survivors (4096K)
 Metaspace       used 45544K, committed 46016K, reserved 1114112K
  class space    used 5792K, committed 6016K, reserved 1048576K
}
Event: 3.174 GC heap before
{Heap before GC invocations=10 (full 0):
 garbage-first heap   total 69632K, used 45834K [0x0000000702000000, 0x0000000800000000)
  region size 2048K, 14 young (28672K), 2 survivors (4096K)
 Metaspace       used 50807K, committed 51328K, reserved 1114112K
  class space    used 6620K, committed 6912K, reserved 1048576K
}
Event: 3.178 GC heap after
{Heap after GC invocations=11 (full 0):
 garbage-first heap   total 124928K, used 24886K [0x0000000702000000, 0x0000000800000000)
  region size 2048K, 1 young (2048K), 1 survivors (2048K)
 Metaspace       used 50807K, committed 51328K, reserved 1114112K
  class space    used 6620K, committed 6912K, reserved 1048576K
}
Event: 3.708 GC heap before
{Heap before GC invocations=11 (full 0):
 garbage-first heap   total 124928K, used 63798K [0x0000000702000000, 0x0000000800000000)
  region size 2048K, 21 young (43008K), 1 survivors (2048K)
 Metaspace       used 59816K, committed 60288K, reserved 1114112K
  class space    used 8004K, committed 8256K, reserved 1048576K
}
Event: 3.712 GC heap after
{Heap after GC invocations=12 (full 0):
 garbage-first heap   total 124928K, used 26372K [0x0000000702000000, 0x0000000800000000)
  region size 2048K, 2 young (4096K), 2 survivors (4096K)
 Metaspace       used 59816K, committed 60288K, reserved 1114112K
  class space    used 8004K, committed 8256K, reserved 1048576K
}
Event: 4.426 GC heap before
{Heap before GC invocations=13 (full 0):
 garbage-first heap   total 102400K, used 83716K [0x0000000702000000, 0x0000000800000000)
  region size 2048K, 30 young (61440K), 2 survivors (4096K)
 Metaspace       used 67645K, committed 68224K, reserved 1114112K
  class space    used 9249K, committed 9536K, reserved 1048576K
}
Event: 4.431 GC heap after
{Heap after GC invocations=14 (full 0):
 garbage-first heap   total 102400K, used 29174K [0x0000000702000000, 0x0000000800000000)
  region size 2048K, 3 young (6144K), 3 survivors (6144K)
 Metaspace       used 67645K, committed 68224K, reserved 1114112K
  class space    used 9249K, committed 9536K, reserved 1048576K
}
Event: 4.636 GC heap before
{Heap before GC invocations=14 (full 0):
 garbage-first heap   total 102400K, used 80374K [0x0000000702000000, 0x0000000800000000)
  region size 2048K, 28 young (57344K), 3 survivors (6144K)
 Metaspace       used 69017K, committed 69632K, reserved 1114112K
  class space    used 9431K, committed 9728K, reserved 1048576K
}
Event: 4.641 GC heap after
{Heap after GC invocations=15 (full 0):
 garbage-first heap   total 102400K, used 30587K [0x0000000702000000, 0x0000000800000000)
  region size 2048K, 3 young (6144K), 3 survivors (6144K)
 Metaspace       used 69017K, committed 69632K, reserved 1114112K
  class space    used 9431K, committed 9728K, reserved 1048576K
}
Event: 5.148 GC heap before
{Heap before GC invocations=15 (full 0):
 garbage-first heap   total 102400K, used 75643K [0x0000000702000000, 0x0000000800000000)
  region size 2048K, 26 young (53248K), 3 survivors (6144K)
 Metaspace       used 73843K, committed 74432K, reserved 1114112K
  class space    used 10124K, committed 10368K, reserved 1048576K
}
Event: 5.154 GC heap after
{Heap after GC invocations=16 (full 0):
 garbage-first heap   total 102400K, used 34997K [0x0000000702000000, 0x0000000800000000)
  region size 2048K, 4 young (8192K), 4 survivors (8192K)
 Metaspace       used 73843K, committed 74432K, reserved 1114112K
  class space    used 10124K, committed 10368K, reserved 1048576K
}
Event: 5.254 GC heap before
{Heap before GC invocations=16 (full 0):
 garbage-first heap   total 102400K, used 78005K [0x0000000702000000, 0x0000000800000000)
  region size 2048K, 26 young (53248K), 4 survivors (8192K)
 Metaspace       used 73938K, committed 74560K, reserved 1114112K
  class space    used 10138K, committed 10432K, reserved 1048576K
}
Event: 5.260 GC heap after
{Heap after GC invocations=17 (full 0):
 garbage-first heap   total 122880K, used 37751K [0x0000000702000000, 0x0000000800000000)
  region size 2048K, 2 young (4096K), 2 survivors (4096K)
 Metaspace       used 73938K, committed 74560K, reserved 1114112K
  class space    used 10138K, committed 10432K, reserved 1048576K
}
Event: 5.361 GC heap before
{Heap before GC invocations=17 (full 0):
 garbage-first heap   total 122880K, used 93047K [0x0000000702000000, 0x0000000800000000)
  region size 2048K, 30 young (61440K), 2 survivors (4096K)
 Metaspace       used 73939K, committed 74560K, reserved 1114112K
  class space    used 10138K, committed 10432K, reserved 1048576K
}
Event: 5.363 GC heap after
{Heap after GC invocations=18 (full 0):
 garbage-first heap   total 122880K, used 40278K [0x0000000702000000, 0x0000000800000000)
  region size 2048K, 3 young (6144K), 3 survivors (6144K)
 Metaspace       used 73939K, committed 74560K, reserved 1114112K
  class space    used 10138K, committed 10432K, reserved 1048576K
}
Event: 5.448 GC heap before
{Heap before GC invocations=18 (full 0):
 garbage-first heap   total 122880K, used 95574K [0x0000000702000000, 0x0000000800000000)
  region size 2048K, 30 young (61440K), 3 survivors (6144K)
 Metaspace       used 73980K, committed 74624K, reserved 1114112K
  class space    used 10145K, committed 10432K, reserved 1048576K
}
Event: 5.451 GC heap after
{Heap after GC invocations=19 (full 0):
 garbage-first heap   total 122880K, used 42520K [0x0000000702000000, 0x0000000800000000)
  region size 2048K, 3 young (6144K), 3 survivors (6144K)
 Metaspace       used 73980K, committed 74624K, reserved 1114112K
  class space    used 10145K, committed 10432K, reserved 1048576K
}

