# JRE version: OpenJDK Runtime Environment Temurin-17.0.7+7 (17.0.7+7) (build 17.0.7+7)
# Java VM: OpenJDK 64-Bit Server VM Temurin-17.0.7+7 (17.0.7+7, mixed mode, emulated-client, tiered, compressed oops, compressed class ptrs, g1 gc, windows-amd64)
GC Precious Log:
 CPUs: 8 total, 8 available
 Memory: 16254M
 Large Page Support: Disabled
 NUMA Support: Disabled
 Compressed Oops: Enabled (Zero based)
 Heap Region Size: 2M
 Heap Min Capacity: 8M
 Heap Initial Capacity: 254M
 Heap Max Capacity: 4064M
 Pre-touch: Disabled
 Parallel Workers: 8
 Concurrent Workers: 2
 Concurrent Refinement Workers: 8
 Periodic GC: Disabled
Heap:
 garbage-first heap   total 253952K, used 129233K [0x0000000702000000, 0x0000000800000000)
  region size 2048K, 25 young (51200K), 1 survivors (2048K)
 Metaspace       used 90386K, committed 91072K, reserved 1179648K
  class space    used 12604K, committed 12928K, reserved 1048576K
GC Heap History (20 events):
Event: 7.058 GC heap after
{Heap after GC invocations=19 (full 0):
 garbage-first heap   total 98304K, used 32416K [0x0000000702000000, 0x0000000800000000)
  region size 2048K, 2 young (4096K), 2 survivors (4096K)
 Metaspace       used 73597K, committed 74176K, reserved 1114112K
  class space    used 10013K, committed 10304K, reserved 1048576K
}
Event: 7.405 GC heap before
{Heap before GC invocations=19 (full 0):
 garbage-first heap   total 98304K, used 79520K [0x0000000702000000, 0x0000000800000000)
  region size 2048K, 25 young (51200K), 2 survivors (4096K)
 Metaspace       used 76030K, committed 76608K, reserved 1179648K
  class space    used 10351K, committed 10624K, reserved 1048576K
}
Event: 7.410 GC heap after
{Heap after GC invocations=20 (full 0):
 garbage-first heap   total 98304K, used 34817K [0x0000000702000000, 0x0000000800000000)
  region size 2048K, 4 young (8192K), 4 survivors (8192K)
 Metaspace       used 76030K, committed 76608K, reserved 1179648K
  class space    used 10351K, committed 10624K, reserved 1048576K
}
Event: 7.880 GC heap before
{Heap before GC invocations=20 (full 0):
 garbage-first heap   total 98304K, used 75777K [0x0000000702000000, 0x0000000800000000)
  region size 2048K, 25 young (51200K), 4 survivors (8192K)
 Metaspace       used 78982K, committed 79616K, reserved 1179648K
  class space    used 10781K, committed 11072K, reserved 1048576K
}
Event: 7.888 GC heap after
{Heap after GC invocations=21 (full 0):
 garbage-first heap   total 98304K, used 42171K [0x0000000702000000, 0x0000000800000000)
  region size 2048K, 4 young (8192K), 4 survivors (8192K)
 Metaspace       used 78982K, committed 79616K, reserved 1179648K
  class space    used 10781K, committed 11072K, reserved 1048576K
}
Event: 7.991 GC heap before
{Heap before GC invocations=21 (full 0):
 garbage-first heap   total 98304K, used 76987K [0x0000000702000000, 0x0000000800000000)
  region size 2048K, 21 young (43008K), 4 survivors (8192K)
 Metaspace       used 79079K, committed 79744K, reserved 1179648K
  class space    used 10794K, committed 11136K, reserved 1048576K
}
Event: 8.001 GC heap after
{Heap after GC invocations=22 (full 0):
 garbage-first heap   total 137216K, used 50048K [0x0000000702000000, 0x0000000800000000)
  region size 2048K, 3 young (6144K), 3 survivors (6144K)
 Metaspace       used 79079K, committed 79744K, reserved 1179648K
  class space    used 10794K, committed 11136K, reserved 1048576K
}
Event: 8.106 GC heap before
{Heap before GC invocations=22 (full 0):
 garbage-first heap   total 137216K, used 99200K [0x0000000702000000, 0x0000000800000000)
  region size 2048K, 27 young (55296K), 3 survivors (6144K)
 Metaspace       used 79079K, committed 79744K, reserved 1179648K
  class space    used 10794K, committed 11136K, reserved 1048576K
}
Event: 8.114 GC heap after
{Heap after GC invocations=23 (full 0):
 garbage-first heap   total 137216K, used 62862K [0x0000000702000000, 0x0000000800000000)
  region size 2048K, 4 young (8192K), 4 survivors (8192K)
 Metaspace       used 79079K, committed 79744K, reserved 1179648K
  class space    used 10794K, committed 11136K, reserved 1048576K
}
Event: 8.216 GC heap before
{Heap before GC invocations=23 (full 0):
 garbage-first heap   total 137216K, used 97678K [0x0000000702000000, 0x0000000800000000)
  region size 2048K, 22 young (45056K), 4 survivors (8192K)
 Metaspace       used 79079K, committed 79744K, reserved 1179648K
  class space    used 10794K, committed 11136K, reserved 1048576K
}
Event: 8.222 GC heap after
{Heap after GC invocations=24 (full 0):
 garbage-first heap   total 137216K, used 71524K [0x0000000702000000, 0x0000000800000000)
  region size 2048K, 3 young (6144K), 3 survivors (6144K)
 Metaspace       used 79079K, committed 79744K, reserved 1179648K
  class space    used 10794K, committed 11136K, reserved 1048576K
}
Event: 8.292 GC heap before
{Heap before GC invocations=24 (full 0):
 garbage-first heap   total 137216K, used 100196K [0x0000000702000000, 0x0000000800000000)
  region size 2048K, 18 young (36864K), 3 survivors (6144K)
 Metaspace       used 79120K, committed 79808K, reserved 1179648K
  class space    used 10801K, committed 11136K, reserved 1048576K
}
Event: 8.299 GC heap after
{Heap after GC invocations=25 (full 0):
 garbage-first heap   total 137216K, used 82629K [0x0000000702000000, 0x0000000800000000)
  region size 2048K, 3 young (6144K), 3 survivors (6144K)
 Metaspace       used 79120K, committed 79808K, reserved 1179648K
  class space    used 10801K, committed 11136K, reserved 1048576K
}
Event: 8.338 GC heap before
{Heap before GC invocations=25 (full 0):
 garbage-first heap   total 137216K, used 105157K [0x0000000702000000, 0x0000000800000000)
  region size 2048K, 14 young (28672K), 3 survivors (6144K)
 Metaspace       used 79120K, committed 79808K, reserved 1179648K
  class space    used 10801K, committed 11136K, reserved 1048576K
}
Event: 8.344 GC heap after
{Heap after GC invocations=26 (full 0):
 garbage-first heap   total 253952K, used 88910K [0x0000000702000000, 0x0000000800000000)
  region size 2048K, 2 young (4096K), 2 survivors (4096K)
 Metaspace       used 79120K, committed 79808K, reserved 1179648K
  class space    used 10801K, committed 11136K, reserved 1048576K
}
Event: 119.870 GC heap before
{Heap before GC invocations=27 (full 0):
 garbage-first heap   total 253952K, used 160590K [0x0000000702000000, 0x0000000800000000)
  region size 2048K, 40 young (81920K), 2 survivors (4096K)
 Metaspace       used 85985K, committed 86656K, reserved 1179648K
  class space    used 11864K, committed 12160K, reserved 1048576K
}
Event: 119.884 GC heap after
{Heap after GC invocations=28 (full 0):
 garbage-first heap   total 253952K, used 94208K [0x0000000702000000, 0x0000000800000000)
  region size 2048K, 5 young (10240K), 5 survivors (10240K)
 Metaspace       used 85985K, committed 86656K, reserved 1179648K
  class space    used 11864K, committed 12160K, reserved 1048576K
}
Event: 119.982 GC heap before
{Heap before GC invocations=28 (full 0):
 garbage-first heap   total 253952K, used 96256K [0x0000000702000000, 0x0000000800000000)
  region size 2048K, 6 young (12288K), 5 survivors (10240K)
 Metaspace       used 86433K, committed 87104K, reserved 1179648K
  class space    used 11928K, committed 12224K, reserved 1048576K
}
Event: 119.990 GC heap after
{Heap after GC invocations=29 (full 0):
 garbage-first heap   total 253952K, used 80260K [0x0000000702000000, 0x0000000800000000)
  region size 2048K, 1 young (2048K), 1 survivors (2048K)
 Metaspace       used 86433K, committed 87104K, reserved 1179648K
  class space    used 11928K, committed 12224K, reserved 1048576K
}
Event: 174.495 GC heap before
{Heap before GC invocations=29 (full 0):
 garbage-first heap   total 253952K, used 127364K [0x0000000702000000, 0x0000000800000000)
  region size 2048K, 25 young (51200K), 1 survivors (2048K)
 Metaspace       used 90386K, committed 91072K, reserved 1179648K
  class space    used 12604K, committed 12928K, reserved 1048576K
}

