# JRE version: OpenJDK Runtime Environment Temurin-17.0.7+7 (17.0.7+7) (build 17.0.7+7)
# Java VM: OpenJDK 64-Bit Server VM Temurin-17.0.7+7 (17.0.7+7, mixed mode, tiered, compressed oops, compressed class ptrs, g1 gc, windows-amd64)
GC Precious Log:
 CPUs: 8 total, 8 available
 Memory: 16254M
 Large Page Support: Disabled
 NUMA Support: Disabled
 Compressed Oops: Enabled (Zero based)
 Heap Region Size: 2M
 Heap Min Capacity: 8M
 Heap Initial Capacity: 254M
 Heap Max Capacity: 4064M
 Pre-touch: Disabled
 Parallel Workers: 8
 Concurrent Workers: 2
 Concurrent Refinement Workers: 8
 Periodic GC: Disabled
Heap:
 garbage-first heap   total 40960K, used 13068K [0x0000000702000000, 0x0000000800000000)
  region size 2048K, 2 young (4096K), 1 survivors (2048K)
 Metaspace       used 25369K, committed 25600K, reserved 1114112K
  class space    used 2711K, committed 2816K, reserved 1048576K
GC Heap History (14 events):
Event: 3.096 GC heap before
{Heap before GC invocations=0 (full 0):
 garbage-first heap   total 260096K, used 22528K [0x0000000702000000, 0x0000000800000000)
  region size 2048K, 11 young (22528K), 0 survivors (0K)
 Metaspace       used 15304K, committed 15424K, reserved 1114112K
  class space    used 1515K, committed 1536K, reserved 1048576K
}
Event: 3.101 GC heap after
{Heap after GC invocations=1 (full 0):
 garbage-first heap   total 260096K, used 4242K [0x0000000702000000, 0x0000000800000000)
  region size 2048K, 2 young (4096K), 2 survivors (4096K)
 Metaspace       used 15304K, committed 15424K, reserved 1114112K
  class space    used 1515K, committed 1536K, reserved 1048576K
}
Event: 3.779 GC heap before
{Heap before GC invocations=1 (full 0):
 garbage-first heap   total 260096K, used 32914K [0x0000000702000000, 0x0000000800000000)
  region size 2048K, 16 young (32768K), 2 survivors (4096K)
 Metaspace       used 18984K, committed 19136K, reserved 1114112K
  class space    used 1973K, committed 2048K, reserved 1048576K
}
Event: 3.784 GC heap after
{Heap after GC invocations=2 (full 0):
 garbage-first heap   total 260096K, used 5755K [0x0000000702000000, 0x0000000800000000)
  region size 2048K, 1 young (2048K), 1 survivors (2048K)
 Metaspace       used 18984K, committed 19136K, reserved 1114112K
  class space    used 1973K, committed 2048K, reserved 1048576K
}
Event: 4.301 GC heap before
{Heap before GC invocations=2 (full 0):
 garbage-first heap   total 260096K, used 18043K [0x0000000702000000, 0x0000000800000000)
  region size 2048K, 8 young (16384K), 1 survivors (2048K)
 Metaspace       used 21390K, committed 21504K, reserved 1114112K
  class space    used 2296K, committed 2368K, reserved 1048576K
}
Event: 4.304 GC heap after
{Heap after GC invocations=3 (full 0):
 garbage-first heap   total 260096K, used 6823K [0x0000000702000000, 0x0000000800000000)
  region size 2048K, 2 young (4096K), 2 survivors (4096K)
 Metaspace       used 21390K, committed 21504K, reserved 1114112K
  class space    used 2296K, committed 2368K, reserved 1048576K
}
Event: 4.923 GC heap before
{Heap before GC invocations=4 (full 0):
 garbage-first heap   total 40960K, used 27303K [0x0000000702000000, 0x0000000800000000)
  region size 2048K, 12 young (24576K), 2 survivors (4096K)
 Metaspace       used 24606K, committed 24768K, reserved 1114112K
  class space    used 2650K, committed 2752K, reserved 1048576K
}
Event: 4.930 GC heap after
{Heap after GC invocations=5 (full 0):
 garbage-first heap   total 40960K, used 9152K [0x0000000702000000, 0x0000000800000000)
  region size 2048K, 2 young (4096K), 2 survivors (4096K)
 Metaspace       used 24606K, committed 24768K, reserved 1114112K
  class space    used 2650K, committed 2752K, reserved 1048576K
}
Event: 4.965 GC heap before
{Heap before GC invocations=5 (full 0):
 garbage-first heap   total 40960K, used 11200K [0x0000000702000000, 0x0000000800000000)
  region size 2048K, 3 young (6144K), 2 survivors (4096K)
 Metaspace       used 24638K, committed 24832K, reserved 1114112K
  class space    used 2650K, committed 2752K, reserved 1048576K
}
Event: 4.971 GC heap after
{Heap after GC invocations=6 (full 0):
 garbage-first heap   total 40960K, used 9546K [0x0000000702000000, 0x0000000800000000)
  region size 2048K, 1 young (2048K), 1 survivors (2048K)
 Metaspace       used 24638K, committed 24832K, reserved 1114112K
  class space    used 2650K, committed 2752K, reserved 1048576K
}
Event: 5.593 GC heap before
{Heap before GC invocations=6 (full 0):
 garbage-first heap   total 40960K, used 25930K [0x0000000702000000, 0x0000000800000000)
  region size 2048K, 9 young (18432K), 1 survivors (2048K)
 Metaspace       used 25154K, committed 25408K, reserved 1114112K
  class space    used 2697K, committed 2816K, reserved 1048576K
}
Event: 5.598 GC heap after
{Heap after GC invocations=7 (full 0):
 garbage-first heap   total 40960K, used 11143K [0x0000000702000000, 0x0000000800000000)
  region size 2048K, 2 young (4096K), 2 survivors (4096K)
 Metaspace       used 25154K, committed 25408K, reserved 1114112K
  class space    used 2697K, committed 2816K, reserved 1048576K
}
Event: 5.799 GC heap before
{Heap before GC invocations=7 (full 0):
 garbage-first heap   total 40960K, used 27527K [0x0000000702000000, 0x0000000800000000)
  region size 2048K, 10 young (20480K), 2 survivors (4096K)
 Metaspace       used 25360K, committed 25600K, reserved 1114112K
  class space    used 2710K, committed 2816K, reserved 1048576K
}
Event: 5.806 GC heap after
{Heap after GC invocations=8 (full 0):
 garbage-first heap   total 40960K, used 13068K [0x0000000702000000, 0x0000000800000000)
  region size 2048K, 1 young (2048K), 1 survivors (2048K)
 Metaspace       used 25360K, committed 25600K, reserved 1114112K
  class space    used 2710K, committed 2816K, reserved 1048576K
}

