# JRE version: OpenJDK Runtime Environment Temurin-17.0.7+7 (17.0.7+7) (build 17.0.7+7)
# Java VM: OpenJDK 64-Bit Server VM Temurin-17.0.7+7 (17.0.7+7, mixed mode, emulated-client, tiered, compressed oops, compressed class ptrs, g1 gc, windows-amd64)
GC Precious Log:
 CPUs: 8 total, 8 available
 Memory: 16254M
 Large Page Support: Disabled
 NUMA Support: Disabled
 Compressed Oops: Enabled (Zero based)
 Heap Region Size: 2M
 Heap Min Capacity: 8M
 Heap Initial Capacity: 254M
 Heap Max Capacity: 4064M
 Pre-touch: Disabled
 Parallel Workers: 8
 Concurrent Workers: 2
 Concurrent Refinement Workers: 8
 Periodic GC: Disabled
Heap:
 garbage-first heap   total 141312K, used 110666K [0x0000000702000000, 0x0000000800000000)
  region size 2048K, 33 young (67584K), 3 survivors (6144K)
 Metaspace       used 88470K, committed 89152K, reserved 1179648K
  class space    used 12226K, committed 12544K, reserved 1048576K
GC Heap History (20 events):
Event: 10.308 GC heap after
{Heap after GC invocations=17 (full 0):
 garbage-first heap   total 75776K, used 27828K [0x0000000702000000, 0x0000000800000000)
  region size 2048K, 2 young (4096K), 2 survivors (4096K)
 Metaspace       used 65419K, committed 65920K, reserved 1114112K
  class space    used 8834K, committed 9088K, reserved 1048576K
}
Event: 10.328 GC heap before
{Heap before GC invocations=17 (full 0):
 garbage-first heap   total 75776K, used 29876K [0x0000000702000000, 0x0000000800000000)
  region size 2048K, 3 young (6144K), 2 survivors (4096K)
 Metaspace       used 65437K, committed 65984K, reserved 1114112K
  class space    used 8837K, committed 9088K, reserved 1048576K
}
Event: 10.332 GC heap after
{Heap after GC invocations=18 (full 0):
 garbage-first heap   total 75776K, used 27757K [0x0000000702000000, 0x0000000800000000)
  region size 2048K, 1 young (2048K), 1 survivors (2048K)
 Metaspace       used 65437K, committed 65984K, reserved 1114112K
  class space    used 8837K, committed 9088K, reserved 1048576K
}
Event: 11.132 GC heap before
{Heap before GC invocations=18 (full 0):
 garbage-first heap   total 75776K, used 58477K [0x0000000702000000, 0x0000000800000000)
  region size 2048K, 16 young (32768K), 1 survivors (2048K)
 Metaspace       used 71101K, committed 71680K, reserved 1114112K
  class space    used 9641K, committed 9920K, reserved 1048576K
}
Event: 11.136 GC heap after
{Heap after GC invocations=19 (full 0):
 garbage-first heap   total 75776K, used 29589K [0x0000000702000000, 0x0000000800000000)
  region size 2048K, 2 young (4096K), 2 survivors (4096K)
 Metaspace       used 71101K, committed 71680K, reserved 1114112K
  class space    used 9641K, committed 9920K, reserved 1048576K
}
Event: 11.467 GC heap before
{Heap before GC invocations=19 (full 0):
 garbage-first heap   total 75776K, used 60309K [0x0000000702000000, 0x0000000800000000)
  region size 2048K, 17 young (34816K), 2 survivors (4096K)
 Metaspace       used 73088K, committed 73664K, reserved 1114112K
  class space    used 9952K, committed 10240K, reserved 1048576K
}
Event: 11.472 GC heap after
{Heap after GC invocations=20 (full 0):
 garbage-first heap   total 75776K, used 31037K [0x0000000702000000, 0x0000000800000000)
  region size 2048K, 3 young (6144K), 3 survivors (6144K)
 Metaspace       used 73088K, committed 73664K, reserved 1114112K
  class space    used 9952K, committed 10240K, reserved 1048576K
}
Event: 11.586 GC heap before
{Heap before GC invocations=20 (full 0):
 garbage-first heap   total 75776K, used 59709K [0x0000000702000000, 0x0000000800000000)
  region size 2048K, 17 young (34816K), 3 survivors (6144K)
 Metaspace       used 73259K, committed 73856K, reserved 1114112K
  class space    used 9968K, committed 10240K, reserved 1048576K
}
Event: 11.590 GC heap after
{Heap after GC invocations=21 (full 0):
 garbage-first heap   total 75776K, used 31789K [0x0000000702000000, 0x0000000800000000)
  region size 2048K, 2 young (4096K), 2 survivors (4096K)
 Metaspace       used 73259K, committed 73856K, reserved 1114112K
  class space    used 9968K, committed 10240K, reserved 1048576K
}
Event: 11.690 GC heap before
{Heap before GC invocations=21 (full 0):
 garbage-first heap   total 75776K, used 58413K [0x0000000702000000, 0x0000000800000000)
  region size 2048K, 15 young (30720K), 2 survivors (4096K)
 Metaspace       used 73407K, committed 73984K, reserved 1114112K
  class space    used 9978K, committed 10240K, reserved 1048576K
}
Event: 11.693 GC heap after
{Heap after GC invocations=22 (full 0):
 garbage-first heap   total 141312K, used 32102K [0x0000000702000000, 0x0000000800000000)
  region size 2048K, 2 young (4096K), 2 survivors (4096K)
 Metaspace       used 73407K, committed 73984K, reserved 1114112K
  class space    used 9978K, committed 10240K, reserved 1048576K
}
Event: 12.607 GC heap before
{Heap before GC invocations=22 (full 0):
 garbage-first heap   total 141312K, used 111974K [0x0000000702000000, 0x0000000800000000)
  region size 2048K, 41 young (83968K), 2 survivors (4096K)
 Metaspace       used 78651K, committed 79232K, reserved 1179648K
  class space    used 10737K, committed 11008K, reserved 1048576K
}
Event: 12.614 GC heap after
{Heap after GC invocations=23 (full 0):
 garbage-first heap   total 141312K, used 41738K [0x0000000702000000, 0x0000000800000000)
  region size 2048K, 6 young (12288K), 6 survivors (12288K)
 Metaspace       used 78651K, committed 79232K, reserved 1179648K
  class space    used 10737K, committed 11008K, reserved 1048576K
}
Event: 12.763 GC heap before
{Heap before GC invocations=23 (full 0):
 garbage-first heap   total 141312K, used 105226K [0x0000000702000000, 0x0000000800000000)
  region size 2048K, 38 young (77824K), 6 survivors (12288K)
 Metaspace       used 78747K, committed 79296K, reserved 1179648K
  class space    used 10751K, committed 11008K, reserved 1048576K
}
Event: 12.773 GC heap after
{Heap after GC invocations=24 (full 0):
 garbage-first heap   total 141312K, used 46828K [0x0000000702000000, 0x0000000800000000)
  region size 2048K, 5 young (10240K), 5 survivors (10240K)
 Metaspace       used 78747K, committed 79296K, reserved 1179648K
  class space    used 10751K, committed 11008K, reserved 1048576K
}
Event: 12.926 GC heap before
{Heap before GC invocations=24 (full 0):
 garbage-first heap   total 141312K, used 104172K [0x0000000702000000, 0x0000000800000000)
  region size 2048K, 34 young (69632K), 5 survivors (10240K)
 Metaspace       used 78788K, committed 79424K, reserved 1179648K
  class space    used 10757K, committed 11072K, reserved 1048576K
}
Event: 12.930 GC heap after
{Heap after GC invocations=25 (full 0):
 garbage-first heap   total 141312K, used 47101K [0x0000000702000000, 0x0000000800000000)
  region size 2048K, 2 young (4096K), 2 survivors (4096K)
 Metaspace       used 78788K, committed 79424K, reserved 1179648K
  class space    used 10757K, committed 11072K, reserved 1048576K
}
Event: 13.354 GC heap before
{Heap before GC invocations=25 (full 0):
 garbage-first heap   total 141312K, used 106493K [0x0000000702000000, 0x0000000800000000)
  region size 2048K, 31 young (63488K), 2 survivors (4096K)
 Metaspace       used 80923K, committed 81536K, reserved 1179648K
  class space    used 11064K, committed 11328K, reserved 1048576K
}
Event: 13.357 GC heap after
{Heap after GC invocations=26 (full 0):
 garbage-first heap   total 141312K, used 47178K [0x0000000702000000, 0x0000000800000000)
  region size 2048K, 2 young (4096K), 2 survivors (4096K)
 Metaspace       used 80923K, committed 81536K, reserved 1179648K
  class space    used 11064K, committed 11328K, reserved 1048576K
}
Event: 105.885 GC heap before
{Heap before GC invocations=26 (full 0):
 garbage-first heap   total 141312K, used 108618K [0x0000000702000000, 0x0000000800000000)
  region size 2048K, 32 young (65536K), 2 survivors (4096K)
 Metaspace       used 88470K, committed 89152K, reserved 1179648K
  class space    used 12226K, committed 12544K, reserved 1048576K
}

