# JRE version: OpenJDK Runtime Environment Temurin-17.0.7+7 (17.0.7+7) (build 17.0.7+7)
# Java VM: OpenJDK 64-Bit Server VM Temurin-17.0.7+7 (17.0.7+7, mixed mode, emulated-client, tiered, compressed oops, compressed class ptrs, g1 gc, windows-amd64)
GC Precious Log:
 CPUs: 8 total, 8 available
 Memory: 16254M
 Large Page Support: Disabled
 NUMA Support: Disabled
 Compressed Oops: Enabled (Zero based)
 Heap Region Size: 2M
 Heap Min Capacity: 8M
 Heap Initial Capacity: 254M
 Heap Max Capacity: 4064M
 Pre-touch: Disabled
 Parallel Workers: 8
 Concurrent Workers: 2
 Concurrent Refinement Workers: 8
 Periodic GC: Disabled
Heap:
 garbage-first heap   total 176128K, used 154656K [0x0000000702000000, 0x0000000800000000)
  region size 2048K, 48 young (98304K), 2 survivors (4096K)
 Metaspace       used 89786K, committed 90560K, reserved 1179648K
  class space    used 12503K, committed 12864K, reserved 1048576K
GC Heap History (20 events):
Event: 6.317 GC heap after
{Heap after GC invocations=21 (full 0):
 garbage-first heap   total 135168K, used 51238K [0x0000000702000000, 0x0000000800000000)
  region size 2048K, 3 young (6144K), 3 survivors (6144K)
 Metaspace       used 78737K, committed 79360K, reserved 1179648K
  class space    used 10748K, committed 11072K, reserved 1048576K
}
Event: 6.411 GC heap before
{Heap before GC invocations=21 (full 0):
 garbage-first heap   total 135168K, used 98342K [0x0000000702000000, 0x0000000800000000)
  region size 2048K, 27 young (55296K), 3 survivors (6144K)
 Metaspace       used 78737K, committed 79360K, reserved 1179648K
  class space    used 10748K, committed 11072K, reserved 1048576K
}
Event: 6.413 GC heap after
{Heap after GC invocations=22 (full 0):
 garbage-first heap   total 135168K, used 52451K [0x0000000702000000, 0x0000000800000000)
  region size 2048K, 4 young (8192K), 4 survivors (8192K)
 Metaspace       used 78737K, committed 79360K, reserved 1179648K
  class space    used 10748K, committed 11072K, reserved 1048576K
}
Event: 6.499 GC heap before
{Heap before GC invocations=22 (full 0):
 garbage-first heap   total 135168K, used 97507K [0x0000000702000000, 0x0000000800000000)
  region size 2048K, 27 young (55296K), 4 survivors (8192K)
 Metaspace       used 78778K, committed 79424K, reserved 1179648K
  class space    used 10755K, committed 11072K, reserved 1048576K
}
Event: 6.501 GC heap after
{Heap after GC invocations=23 (full 0):
 garbage-first heap   total 135168K, used 52353K [0x0000000702000000, 0x0000000800000000)
  region size 2048K, 3 young (6144K), 3 survivors (6144K)
 Metaspace       used 78778K, committed 79424K, reserved 1179648K
  class space    used 10755K, committed 11072K, reserved 1048576K
}
Event: 6.949 GC heap before
{Heap before GC invocations=23 (full 0):
 garbage-first heap   total 135168K, used 99457K [0x0000000702000000, 0x0000000800000000)
  region size 2048K, 27 young (55296K), 3 survivors (6144K)
 Metaspace       used 81820K, committed 82496K, reserved 1179648K
  class space    used 11203K, committed 11520K, reserved 1048576K
}
Event: 6.954 GC heap after
{Heap after GC invocations=24 (full 0):
 garbage-first heap   total 135168K, used 49901K [0x0000000702000000, 0x0000000800000000)
  region size 2048K, 2 young (4096K), 2 survivors (4096K)
 Metaspace       used 81820K, committed 82496K, reserved 1179648K
  class space    used 11203K, committed 11520K, reserved 1048576K
}
Event: 52.575 GC heap before
{Heap before GC invocations=24 (full 0):
 garbage-first heap   total 135168K, used 105197K [0x0000000702000000, 0x0000000800000000)
  region size 2048K, 28 young (57344K), 2 survivors (4096K)
 Metaspace       used 88639K, committed 89344K, reserved 1179648K
  class space    used 12298K, committed 12672K, reserved 1048576K
}
Event: 52.580 GC heap after
{Heap after GC invocations=25 (full 0):
 garbage-first heap   total 176128K, used 54291K [0x0000000702000000, 0x0000000800000000)
  region size 2048K, 4 young (8192K), 4 survivors (8192K)
 Metaspace       used 88639K, committed 89344K, reserved 1179648K
  class space    used 12298K, committed 12672K, reserved 1048576K
}
Event: 692.996 GC heap before
{Heap before GC invocations=25 (full 0):
 garbage-first heap   total 176128K, used 138259K [0x0000000702000000, 0x0000000800000000)
  region size 2048K, 45 young (92160K), 4 survivors (8192K)
 Metaspace       used 88693K, committed 89408K, reserved 1179648K
  class space    used 12306K, committed 12672K, reserved 1048576K
}
Event: 693.003 GC heap after
{Heap after GC invocations=26 (full 0):
 garbage-first heap   total 176128K, used 52479K [0x0000000702000000, 0x0000000800000000)
  region size 2048K, 2 young (4096K), 2 survivors (4096K)
 Metaspace       used 88693K, committed 89408K, reserved 1179648K
  class space    used 12306K, committed 12672K, reserved 1048576K
}
Event: 1427.667 GC heap before
{Heap before GC invocations=26 (full 0):
 garbage-first heap   total 176128K, used 140543K [0x0000000702000000, 0x0000000800000000)
  region size 2048K, 45 young (92160K), 2 survivors (4096K)
 Metaspace       used 88754K, committed 89472K, reserved 1179648K
  class space    used 12319K, committed 12672K, reserved 1048576K
}
Event: 1427.670 GC heap after
{Heap after GC invocations=27 (full 0):
 garbage-first heap   total 176128K, used 52278K [0x0000000702000000, 0x0000000800000000)
  region size 2048K, 2 young (4096K), 2 survivors (4096K)
 Metaspace       used 88754K, committed 89472K, reserved 1179648K
  class space    used 12319K, committed 12672K, reserved 1048576K
}
Event: 1964.076 GC heap before
{Heap before GC invocations=27 (full 0):
 garbage-first heap   total 176128K, used 146486K [0x0000000702000000, 0x0000000800000000)
  region size 2048K, 46 young (94208K), 2 survivors (4096K)
 Metaspace       used 88866K, committed 89664K, reserved 1179648K
  class space    used 12341K, committed 12736K, reserved 1048576K
}
Event: 1964.080 GC heap after
{Heap after GC invocations=28 (full 0):
 garbage-first heap   total 176128K, used 57343K [0x0000000702000000, 0x0000000800000000)
  region size 2048K, 3 young (6144K), 3 survivors (6144K)
 Metaspace       used 88866K, committed 89664K, reserved 1179648K
  class space    used 12341K, committed 12736K, reserved 1048576K
}
Event: 2346.504 GC heap before
{Heap before GC invocations=28 (full 0):
 garbage-first heap   total 176128K, used 151551K [0x0000000702000000, 0x0000000800000000)
  region size 2048K, 45 young (92160K), 3 survivors (6144K)
 Metaspace       used 89566K, committed 90368K, reserved 1179648K
  class space    used 12455K, committed 12800K, reserved 1048576K
}
Event: 2346.507 GC heap after
{Heap after GC invocations=29 (full 0):
 garbage-first heap   total 176128K, used 53168K [0x0000000702000000, 0x0000000800000000)
  region size 2048K, 2 young (4096K), 2 survivors (4096K)
 Metaspace       used 89566K, committed 90368K, reserved 1179648K
  class space    used 12455K, committed 12800K, reserved 1048576K
}
Event: 2535.469 GC heap before
{Heap before GC invocations=29 (full 0):
 garbage-first heap   total 176128K, used 161712K [0x0000000702000000, 0x0000000800000000)
  region size 2048K, 46 young (94208K), 2 survivors (4096K)
 Metaspace       used 89663K, committed 90496K, reserved 1179648K
  class space    used 12476K, committed 12864K, reserved 1048576K
}
Event: 2535.474 GC heap after
{Heap after GC invocations=30 (full 0):
 garbage-first heap   total 176128K, used 53360K [0x0000000702000000, 0x0000000800000000)
  region size 2048K, 2 young (4096K), 2 survivors (4096K)
 Metaspace       used 89663K, committed 90496K, reserved 1179648K
  class space    used 12476K, committed 12864K, reserved 1048576K
}
Event: 3107.922 GC heap before
{Heap before GC invocations=30 (full 0):
 garbage-first heap   total 176128K, used 151664K [0x0000000702000000, 0x0000000800000000)
  region size 2048K, 48 young (98304K), 2 survivors (4096K)
 Metaspace       used 89786K, committed 90560K, reserved 1179648K
  class space    used 12503K, committed 12864K, reserved 1048576K
}

