# JRE version: OpenJDK Runtime Environment Temurin-17.0.7+7 (17.0.7+7) (build 17.0.7+7)
# Java VM: OpenJDK 64-Bit Server VM Temurin-17.0.7+7 (17.0.7+7, mixed mode, emulated-client, tiered, compressed oops, compressed class ptrs, g1 gc, windows-amd64)
GC Precious Log:
 CPUs: 8 total, 8 available
 Memory: 16254M
 Large Page Support: Disabled
 NUMA Support: Disabled
 Compressed Oops: Enabled (Zero based)
 Heap Region Size: 2M
 Heap Min Capacity: 8M
 Heap Initial Capacity: 254M
 Heap Max Capacity: 4064M
 Pre-touch: Disabled
 Parallel Workers: 8
 Concurrent Workers: 2
 Concurrent Refinement Workers: 8
 Periodic GC: Disabled
Heap:
 garbage-first heap   total 69632K, used 47737K [0x0000000702000000, 0x0000000800000000)
  region size 2048K, 15 young (30720K), 2 survivors (4096K)
 Metaspace       used 45566K, committed 46080K, reserved 1114112K
  class space    used 5791K, committed 6016K, reserved 1048576K
GC Heap History (17 events):
Event: 0.624 GC heap before
{Heap before GC invocations=0 (full 0):
 garbage-first heap   total 260096K, used 22528K [0x0000000702000000, 0x0000000800000000)
  region size 2048K, 11 young (22528K), 0 survivors (0K)
 Metaspace       used 14766K, committed 14912K, reserved 1114112K
  class space    used 1547K, committed 1600K, reserved 1048576K
}
Event: 0.629 GC heap after
{Heap after GC invocations=1 (full 0):
 garbage-first heap   total 260096K, used 8410K [0x0000000702000000, 0x0000000800000000)
  region size 2048K, 2 young (4096K), 2 survivors (4096K)
 Metaspace       used 14766K, committed 14912K, reserved 1114112K
  class space    used 1547K, committed 1600K, reserved 1048576K
}
Event: 0.977 GC heap before
{Heap before GC invocations=1 (full 0):
 garbage-first heap   total 260096K, used 28890K [0x0000000702000000, 0x0000000800000000)
  region size 2048K, 13 young (26624K), 2 survivors (4096K)
 Metaspace       used 18707K, committed 18944K, reserved 1114112K
  class space    used 2134K, committed 2240K, reserved 1048576K
}
Event: 0.981 GC heap after
{Heap after GC invocations=2 (full 0):
 garbage-first heap   total 260096K, used 10016K [0x0000000702000000, 0x0000000800000000)
  region size 2048K, 1 young (2048K), 1 survivors (2048K)
 Metaspace       used 18707K, committed 18944K, reserved 1114112K
  class space    used 2134K, committed 2240K, reserved 1048576K
}
Event: 1.108 GC heap before
{Heap before GC invocations=2 (full 0):
 garbage-first heap   total 260096K, used 22304K [0x0000000702000000, 0x0000000800000000)
  region size 2048K, 9 young (18432K), 1 survivors (2048K)
 Metaspace       used 21218K, committed 21568K, reserved 1114112K
  class space    used 2498K, committed 2688K, reserved 1048576K
}
Event: 1.111 GC heap after
{Heap after GC invocations=3 (full 0):
 garbage-first heap   total 260096K, used 10314K [0x0000000702000000, 0x0000000800000000)
  region size 2048K, 1 young (2048K), 1 survivors (2048K)
 Metaspace       used 21218K, committed 21568K, reserved 1114112K
  class space    used 2498K, committed 2688K, reserved 1048576K
}
Event: 1.309 GC heap before
{Heap before GC invocations=4 (full 0):
 garbage-first heap   total 49152K, used 32842K [0x0000000702000000, 0x0000000800000000)
  region size 2048K, 13 young (26624K), 1 survivors (2048K)
 Metaspace       used 25019K, committed 25280K, reserved 1114112K
  class space    used 3086K, committed 3200K, reserved 1048576K
}
Event: 1.312 GC heap after
{Heap after GC invocations=5 (full 0):
 garbage-first heap   total 49152K, used 11725K [0x0000000702000000, 0x0000000800000000)
  region size 2048K, 2 young (4096K), 2 survivors (4096K)
 Metaspace       used 25019K, committed 25280K, reserved 1114112K
  class space    used 3086K, committed 3200K, reserved 1048576K
}
Event: 1.323 GC heap before
{Heap before GC invocations=5 (full 0):
 garbage-first heap   total 49152K, used 13773K [0x0000000702000000, 0x0000000800000000)
  region size 2048K, 3 young (6144K), 2 survivors (4096K)
 Metaspace       used 25407K, committed 25728K, reserved 1114112K
  class space    used 3120K, committed 3264K, reserved 1048576K
}
Event: 1.326 GC heap after
{Heap after GC invocations=6 (full 0):
 garbage-first heap   total 49152K, used 12269K [0x0000000702000000, 0x0000000800000000)
  region size 2048K, 1 young (2048K), 1 survivors (2048K)
 Metaspace       used 25407K, committed 25728K, reserved 1114112K
  class space    used 3120K, committed 3264K, reserved 1048576K
}
Event: 1.426 GC heap before
{Heap before GC invocations=6 (full 0):
 garbage-first heap   total 49152K, used 26605K [0x0000000702000000, 0x0000000800000000)
  region size 2048K, 9 young (18432K), 1 survivors (2048K)
 Metaspace       used 28774K, committed 29056K, reserved 1114112K
  class space    used 3488K, committed 3648K, reserved 1048576K
}
Event: 1.428 GC heap after
{Heap after GC invocations=7 (full 0):
 garbage-first heap   total 155648K, used 13795K [0x0000000702000000, 0x0000000800000000)
  region size 2048K, 2 young (4096K), 2 survivors (4096K)
 Metaspace       used 28774K, committed 29056K, reserved 1114112K
  class space    used 3488K, committed 3648K, reserved 1048576K
}
Event: 2.166 GC heap before
{Heap before GC invocations=7 (full 0):
 garbage-first heap   total 155648K, used 79331K [0x0000000702000000, 0x0000000800000000)
  region size 2048K, 35 young (71680K), 2 survivors (4096K)
 Metaspace       used 35819K, committed 36160K, reserved 1114112K
  class space    used 4515K, committed 4672K, reserved 1048576K
}
Event: 2.171 GC heap after
{Heap after GC invocations=8 (full 0):
 garbage-first heap   total 155648K, used 17698K [0x0000000702000000, 0x0000000800000000)
  region size 2048K, 3 young (6144K), 3 survivors (6144K)
 Metaspace       used 35819K, committed 36160K, reserved 1114112K
  class space    used 4515K, committed 4672K, reserved 1048576K
}
Event: 2.609 GC heap before
{Heap before GC invocations=9 (full 0):
 garbage-first heap   total 69632K, used 50466K [0x0000000702000000, 0x0000000800000000)
  region size 2048K, 20 young (40960K), 3 survivors (6144K)
 Metaspace       used 40386K, committed 40896K, reserved 1114112K
  class space    used 5175K, committed 5440K, reserved 1048576K
}
Event: 2.616 GC heap after
{Heap after GC invocations=10 (full 0):
 garbage-first heap   total 69632K, used 21113K [0x0000000702000000, 0x0000000800000000)
  region size 2048K, 2 young (4096K), 2 survivors (4096K)
 Metaspace       used 40386K, committed 40896K, reserved 1114112K
  class space    used 5175K, committed 5440K, reserved 1048576K
}
Event: 2.955 GC heap before
{Heap before GC invocations=10 (full 0):
 garbage-first heap   total 69632K, used 47737K [0x0000000702000000, 0x0000000800000000)
  region size 2048K, 15 young (30720K), 2 survivors (4096K)
 Metaspace       used 45566K, committed 46080K, reserved 1114112K
  class space    used 5791K, committed 6016K, reserved 1048576K
}

