# JRE version: OpenJDK Runtime Environment Temurin-17.0.7+7 (17.0.7+7) (build 17.0.7+7)
# Java VM: OpenJDK 64-Bit Server VM Temurin-17.0.7+7 (17.0.7+7, mixed mode, emulated-client, tiered, compressed oops, compressed class ptrs, g1 gc, windows-amd64)
GC Precious Log:
 CPUs: 8 total, 8 available
 Memory: 16254M
 Large Page Support: Disabled
 NUMA Support: Disabled
 Compressed Oops: Enabled (Zero based)
 Heap Region Size: 2M
 Heap Min Capacity: 8M
 Heap Initial Capacity: 254M
 Heap Max Capacity: 4064M
 Pre-touch: Disabled
 Parallel Workers: 8
 Concurrent Workers: 2
 Concurrent Refinement Workers: 8
 Periodic GC: Disabled
Heap:
 garbage-first heap   total 694272K, used 113472K [0x0000000702000000, 0x0000000800000000)
  region size 2048K, 23 young (47104K), 6 survivors (12288K)
 Metaspace       used 97469K, committed 98240K, reserved 1179648K
  class space    used 13014K, committed 13376K, reserved 1048576K
GC Heap History (20 events):
Event: 197.497 GC heap after
{Heap after GC invocations=56 (full 5):
 garbage-first heap   total 262144K, used 77170K [0x0000000702000000, 0x0000000800000000)
  region size 2048K, 5 young (10240K), 5 survivors (10240K)
 Metaspace       used 94787K, committed 95424K, reserved 1179648K
  class space    used 12756K, committed 13056K, reserved 1048576K
}
Event: 197.695 GC heap before
{Heap before GC invocations=56 (full 5):
 garbage-first heap   total 262144K, used 195954K [0x0000000702000000, 0x0000000800000000)
  region size 2048K, 64 young (131072K), 5 survivors (10240K)
 Metaspace       used 94787K, committed 95424K, reserved 1179648K
  class space    used 12756K, committed 13056K, reserved 1048576K
}
Event: 197.700 GC heap after
{Heap after GC invocations=57 (full 5):
 garbage-first heap   total 262144K, used 79221K [0x0000000702000000, 0x0000000800000000)
  region size 2048K, 5 young (10240K), 5 survivors (10240K)
 Metaspace       used 94787K, committed 95424K, reserved 1179648K
  class space    used 12756K, committed 13056K, reserved 1048576K
}
Event: 209.985 GC heap before
{Heap before GC invocations=57 (full 5):
 garbage-first heap   total 262144K, used 116085K [0x0000000702000000, 0x0000000800000000)
  region size 2048K, 24 young (49152K), 5 survivors (10240K)
 Metaspace       used 94803K, committed 95424K, reserved 1179648K
  class space    used 12760K, committed 13056K, reserved 1048576K
}
Event: 210.048 GC heap after
{Heap after GC invocations=58 (full 6):
 garbage-first heap   total 239616K, used 64334K [0x0000000702000000, 0x0000000800000000)
  region size 2048K, 0 young (0K), 0 survivors (0K)
 Metaspace       used 94803K, committed 95424K, reserved 1179648K
  class space    used 12760K, committed 13056K, reserved 1048576K
}
Event: 210.771 GC heap before
{Heap before GC invocations=58 (full 6):
 garbage-first heap   total 239616K, used 185166K [0x0000000702000000, 0x0000000800000000)
  region size 2048K, 59 young (120832K), 0 survivors (0K)
 Metaspace       used 95587K, committed 96256K, reserved 1179648K
  class space    used 12841K, committed 13184K, reserved 1048576K
}
Event: 210.776 GC heap after
{Heap after GC invocations=59 (full 6):
 garbage-first heap   total 239616K, used 72526K [0x0000000702000000, 0x0000000800000000)
  region size 2048K, 4 young (8192K), 4 survivors (8192K)
 Metaspace       used 95587K, committed 96256K, reserved 1179648K
  class space    used 12841K, committed 13184K, reserved 1048576K
}
Event: 211.133 GC heap before
{Heap before GC invocations=59 (full 6):
 garbage-first heap   total 239616K, used 183118K [0x0000000702000000, 0x0000000800000000)
  region size 2048K, 59 young (120832K), 4 survivors (8192K)
 Metaspace       used 96069K, committed 96704K, reserved 1179648K
  class space    used 12878K, committed 13184K, reserved 1048576K
}
Event: 211.140 GC heap after
{Heap after GC invocations=60 (full 6):
 garbage-first heap   total 239616K, used 80852K [0x0000000702000000, 0x0000000800000000)
  region size 2048K, 8 young (16384K), 8 survivors (16384K)
 Metaspace       used 96069K, committed 96704K, reserved 1179648K
  class space    used 12878K, committed 13184K, reserved 1048576K
}
Event: 211.360 GC heap before
{Heap before GC invocations=60 (full 6):
 garbage-first heap   total 239616K, used 181204K [0x0000000702000000, 0x0000000800000000)
  region size 2048K, 58 young (118784K), 8 survivors (16384K)
 Metaspace       used 96069K, committed 96704K, reserved 1179648K
  class space    used 12878K, committed 13184K, reserved 1048576K
}
Event: 211.368 GC heap after
{Heap after GC invocations=61 (full 6):
 garbage-first heap   total 239616K, used 81809K [0x0000000702000000, 0x0000000800000000)
  region size 2048K, 4 young (8192K), 4 survivors (8192K)
 Metaspace       used 96069K, committed 96704K, reserved 1179648K
  class space    used 12878K, committed 13184K, reserved 1048576K
}
Event: 220.731 GC heap before
{Heap before GC invocations=61 (full 6):
 garbage-first heap   total 239616K, used 182161K [0x0000000702000000, 0x0000000800000000)
  region size 2048K, 54 young (110592K), 4 survivors (8192K)
 Metaspace       used 96081K, committed 96768K, reserved 1179648K
  class space    used 12880K, committed 13184K, reserved 1048576K
}
Event: 220.733 GC heap after
{Heap after GC invocations=62 (full 6):
 garbage-first heap   total 239616K, used 76575K [0x0000000702000000, 0x0000000800000000)
  region size 2048K, 1 young (2048K), 1 survivors (2048K)
 Metaspace       used 96081K, committed 96768K, reserved 1179648K
  class space    used 12880K, committed 13184K, reserved 1048576K
}
Event: 220.734 GC heap before
{Heap before GC invocations=62 (full 6):
 garbage-first heap   total 239616K, used 76575K [0x0000000702000000, 0x0000000800000000)
  region size 2048K, 2 young (4096K), 1 survivors (2048K)
 Metaspace       used 96081K, committed 96768K, reserved 1179648K
  class space    used 12880K, committed 13184K, reserved 1048576K
}
Event: 220.799 GC heap after
{Heap after GC invocations=63 (full 7):
 garbage-first heap   total 239616K, used 68124K [0x0000000702000000, 0x0000000800000000)
  region size 2048K, 0 young (0K), 0 survivors (0K)
 Metaspace       used 96081K, committed 96768K, reserved 1179648K
  class space    used 12880K, committed 13184K, reserved 1048576K
}
Event: 221.531 GC heap before
{Heap before GC invocations=63 (full 7):
 garbage-first heap   total 239616K, used 191004K [0x0000000702000000, 0x0000000800000000)
  region size 2048K, 60 young (122880K), 0 survivors (0K)
 Metaspace       used 96977K, committed 97664K, reserved 1179648K
  class space    used 12976K, committed 13312K, reserved 1048576K
}
Event: 221.538 GC heap after
{Heap after GC invocations=64 (full 7):
 garbage-first heap   total 694272K, used 76139K [0x0000000702000000, 0x0000000800000000)
  region size 2048K, 4 young (8192K), 4 survivors (8192K)
 Metaspace       used 96977K, committed 97664K, reserved 1179648K
  class space    used 12976K, committed 13312K, reserved 1048576K
}
Event: 222.413 GC heap before
{Heap before GC invocations=64 (full 7):
 garbage-first heap   total 694272K, used 424299K [0x0000000702000000, 0x0000000800000000)
  region size 2048K, 175 young (358400K), 4 survivors (8192K)
 Metaspace       used 97443K, committed 98176K, reserved 1179648K
  class space    used 13011K, committed 13376K, reserved 1048576K
}
Event: 222.421 GC heap after
{Heap after GC invocations=65 (full 7):
 garbage-first heap   total 694272K, used 79805K [0x0000000702000000, 0x0000000800000000)
  region size 2048K, 6 young (12288K), 6 survivors (12288K)
 Metaspace       used 97443K, committed 98176K, reserved 1179648K
  class space    used 13011K, committed 13376K, reserved 1048576K
}
Event: 393.150 GC heap before
{Heap before GC invocations=65 (full 7):
 garbage-first heap   total 694272K, used 112573K [0x0000000702000000, 0x0000000800000000)
  region size 2048K, 23 young (47104K), 6 survivors (12288K)
 Metaspace       used 97469K, committed 98240K, reserved 1179648K
  class space    used 13014K, committed 13376K, reserved 1048576K
}

