# JRE version: OpenJDK Runtime Environment Temurin-17.0.7+7 (17.0.7+7) (build 17.0.7+7)
# Java VM: OpenJDK 64-Bit Server VM Temurin-17.0.7+7 (17.0.7+7, mixed mode, emulated-client, tiered, compressed oops, compressed class ptrs, g1 gc, windows-amd64)
GC Precious Log:
 CPUs: 8 total, 8 available
 Memory: 16254M
 Large Page Support: Disabled
 NUMA Support: Disabled
 Compressed Oops: Enabled (Zero based)
 Heap Region Size: 2M
 Heap Min Capacity: 8M
 Heap Initial Capacity: 254M
 Heap Max Capacity: 4064M
 Pre-touch: Disabled
 Parallel Workers: 8
 Concurrent Workers: 2
 Concurrent Refinement Workers: 8
 Periodic GC: Disabled
Heap:
 garbage-first heap   total 221184K, used 87981K [0x0000000702000000, 0x0000000800000000)
  region size 2048K, 4 young (8192K), 2 survivors (4096K)
 Metaspace       used 89406K, committed 90240K, reserved 1179648K
  class space    used 12364K, committed 12736K, reserved 1048576K
GC Heap History (20 events):
Event: 67.629 GC heap before
{Heap before GC invocations=54 (full 0):
 garbage-first heap   total 221184K, used 142401K [0x0000000702000000, 0x0000000800000000)
  region size 2048K, 35 young (71680K), 5 survivors (10240K)
 Metaspace       used 86381K, committed 87040K, reserved 1179648K
  class space    used 11875K, committed 12160K, reserved 1048576K
}
Event: 67.637 GC heap after
{Heap after GC invocations=55 (full 0):
 garbage-first heap   total 221184K, used 84657K [0x0000000702000000, 0x0000000800000000)
  region size 2048K, 1 young (2048K), 1 survivors (2048K)
 Metaspace       used 86381K, committed 87040K, reserved 1179648K
  class space    used 11875K, committed 12160K, reserved 1048576K
}
Event: 69.219 GC heap before
{Heap before GC invocations=55 (full 0):
 garbage-first heap   total 221184K, used 156337K [0x0000000702000000, 0x0000000800000000)
  region size 2048K, 36 young (73728K), 1 survivors (2048K)
 Metaspace       used 89132K, committed 89920K, reserved 1179648K
  class space    used 12307K, committed 12672K, reserved 1048576K
}
Event: 69.224 GC heap after
{Heap after GC invocations=56 (full 0):
 garbage-first heap   total 221184K, used 85793K [0x0000000702000000, 0x0000000800000000)
  region size 2048K, 2 young (4096K), 2 survivors (4096K)
 Metaspace       used 89132K, committed 89920K, reserved 1179648K
  class space    used 12307K, committed 12672K, reserved 1048576K
}
Event: 71.118 GC heap before
{Heap before GC invocations=56 (full 0):
 garbage-first heap   total 221184K, used 163617K [0x0000000702000000, 0x0000000800000000)
  region size 2048K, 40 young (81920K), 2 survivors (4096K)
 Metaspace       used 89343K, committed 90176K, reserved 1179648K
  class space    used 12352K, committed 12736K, reserved 1048576K
}
Event: 71.123 GC heap after
{Heap after GC invocations=57 (full 0):
 garbage-first heap   total 221184K, used 86094K [0x0000000702000000, 0x0000000800000000)
  region size 2048K, 2 young (4096K), 2 survivors (4096K)
 Metaspace       used 89343K, committed 90176K, reserved 1179648K
  class space    used 12352K, committed 12736K, reserved 1048576K
}
Event: 73.306 GC heap before
{Heap before GC invocations=57 (full 0):
 garbage-first heap   total 221184K, used 172110K [0x0000000702000000, 0x0000000800000000)
  region size 2048K, 44 young (90112K), 2 survivors (4096K)
 Metaspace       used 89343K, committed 90176K, reserved 1179648K
  class space    used 12352K, committed 12736K, reserved 1048576K
}
Event: 73.311 GC heap after
{Heap after GC invocations=58 (full 0):
 garbage-first heap   total 221184K, used 86027K [0x0000000702000000, 0x0000000800000000)
  region size 2048K, 2 young (4096K), 2 survivors (4096K)
 Metaspace       used 89343K, committed 90176K, reserved 1179648K
  class space    used 12352K, committed 12736K, reserved 1048576K
}
Event: 75.403 GC heap before
{Heap before GC invocations=58 (full 0):
 garbage-first heap   total 221184K, used 176139K [0x0000000702000000, 0x0000000800000000)
  region size 2048K, 46 young (94208K), 2 survivors (4096K)
 Metaspace       used 89361K, committed 90176K, reserved 1179648K
  class space    used 12354K, committed 12736K, reserved 1048576K
}
Event: 75.407 GC heap after
{Heap after GC invocations=59 (full 0):
 garbage-first heap   total 221184K, used 85907K [0x0000000702000000, 0x0000000800000000)
  region size 2048K, 2 young (4096K), 2 survivors (4096K)
 Metaspace       used 89361K, committed 90176K, reserved 1179648K
  class space    used 12354K, committed 12736K, reserved 1048576K
}
Event: 76.972 GC heap before
{Heap before GC invocations=59 (full 0):
 garbage-first heap   total 221184K, used 180115K [0x0000000702000000, 0x0000000800000000)
  region size 2048K, 48 young (98304K), 2 survivors (4096K)
 Metaspace       used 89370K, committed 90176K, reserved 1179648K
  class space    used 12356K, committed 12736K, reserved 1048576K
}
Event: 76.978 GC heap after
{Heap after GC invocations=60 (full 0):
 garbage-first heap   total 221184K, used 86030K [0x0000000702000000, 0x0000000800000000)
  region size 2048K, 2 young (4096K), 2 survivors (4096K)
 Metaspace       used 89370K, committed 90176K, reserved 1179648K
  class space    used 12356K, committed 12736K, reserved 1048576K
}
Event: 78.524 GC heap before
{Heap before GC invocations=60 (full 0):
 garbage-first heap   total 221184K, used 184334K [0x0000000702000000, 0x0000000800000000)
  region size 2048K, 50 young (102400K), 2 survivors (4096K)
 Metaspace       used 89370K, committed 90176K, reserved 1179648K
  class space    used 12356K, committed 12736K, reserved 1048576K
}
Event: 78.529 GC heap after
{Heap after GC invocations=61 (full 0):
 garbage-first heap   total 221184K, used 85838K [0x0000000702000000, 0x0000000800000000)
  region size 2048K, 2 young (4096K), 2 survivors (4096K)
 Metaspace       used 89370K, committed 90176K, reserved 1179648K
  class space    used 12356K, committed 12736K, reserved 1048576K
}
Event: 80.249 GC heap before
{Heap before GC invocations=61 (full 0):
 garbage-first heap   total 221184K, used 186190K [0x0000000702000000, 0x0000000800000000)
  region size 2048K, 51 young (104448K), 2 survivors (4096K)
 Metaspace       used 89371K, committed 90176K, reserved 1179648K
  class space    used 12356K, committed 12736K, reserved 1048576K
}
Event: 80.255 GC heap after
{Heap after GC invocations=62 (full 0):
 garbage-first heap   total 221184K, used 85915K [0x0000000702000000, 0x0000000800000000)
  region size 2048K, 2 young (4096K), 2 survivors (4096K)
 Metaspace       used 89371K, committed 90176K, reserved 1179648K
  class space    used 12356K, committed 12736K, reserved 1048576K
}
Event: 82.207 GC heap before
{Heap before GC invocations=62 (full 0):
 garbage-first heap   total 221184K, used 188315K [0x0000000702000000, 0x0000000800000000)
  region size 2048K, 52 young (106496K), 2 survivors (4096K)
 Metaspace       used 89371K, committed 90176K, reserved 1179648K
  class space    used 12356K, committed 12736K, reserved 1048576K
}
Event: 82.212 GC heap after
{Heap after GC invocations=63 (full 0):
 garbage-first heap   total 221184K, used 85967K [0x0000000702000000, 0x0000000800000000)
  region size 2048K, 2 young (4096K), 2 survivors (4096K)
 Metaspace       used 89371K, committed 90176K, reserved 1179648K
  class space    used 12356K, committed 12736K, reserved 1048576K
}
Event: 83.908 GC heap before
{Heap before GC invocations=63 (full 0):
 garbage-first heap   total 221184K, used 190415K [0x0000000702000000, 0x0000000800000000)
  region size 2048K, 53 young (108544K), 2 survivors (4096K)
 Metaspace       used 89406K, committed 90240K, reserved 1179648K
  class space    used 12364K, committed 12736K, reserved 1048576K
}
Event: 83.914 GC heap after
{Heap after GC invocations=64 (full 0):
 garbage-first heap   total 221184K, used 85933K [0x0000000702000000, 0x0000000800000000)
  region size 2048K, 2 young (4096K), 2 survivors (4096K)
 Metaspace       used 89406K, committed 90240K, reserved 1179648K
  class space    used 12364K, committed 12736K, reserved 1048576K
}

