# JRE version: OpenJDK Runtime Environment Temurin-17.0.7+7 (17.0.7+7) (build 17.0.7+7)
# Java VM: OpenJDK 64-Bit Server VM Temurin-17.0.7+7 (17.0.7+7, mixed mode, emulated-client, tiered, compressed oops, compressed class ptrs, g1 gc, windows-amd64)
GC Precious Log:
 CPUs: 8 total, 8 available
 Memory: 16254M
 Large Page Support: Disabled
 NUMA Support: Disabled
 Compressed Oops: Enabled (Zero based)
 Heap Region Size: 2M
 Heap Min Capacity: 8M
 Heap Initial Capacity: 254M
 Heap Max Capacity: 4064M
 Pre-touch: Disabled
 Parallel Workers: 8
 Concurrent Workers: 2
 Concurrent Refinement Workers: 8
 Periodic GC: Disabled
Heap:
 garbage-first heap   total 155648K, used 18111K [0x0000000702000000, 0x0000000800000000)
  region size 2048K, 5 young (10240K), 4 survivors (8192K)
 Metaspace       used 36049K, committed 36416K, reserved 1114112K
  class space    used 4554K, committed 4736K, reserved 1048576K
GC Heap History (16 events):
Event: 16.657 GC heap before
{Heap before GC invocations=0 (full 0):
 garbage-first heap   total 260096K, used 20480K [0x0000000702000000, 0x0000000800000000)
  region size 2048K, 11 young (22528K), 0 survivors (0K)
 Metaspace       used 14632K, committed 14784K, reserved 1114112K
  class space    used 1524K, committed 1600K, reserved 1048576K
}
Event: 16.667 GC heap after
{Heap after GC invocations=1 (full 0):
 garbage-first heap   total 260096K, used 8548K [0x0000000702000000, 0x0000000800000000)
  region size 2048K, 2 young (4096K), 2 survivors (4096K)
 Metaspace       used 14632K, committed 14784K, reserved 1114112K
  class space    used 1524K, committed 1600K, reserved 1048576K
}
Event: 17.271 GC heap before
{Heap before GC invocations=1 (full 0):
 garbage-first heap   total 260096K, used 26980K [0x0000000702000000, 0x0000000800000000)
  region size 2048K, 11 young (22528K), 2 survivors (4096K)
 Metaspace       used 18049K, committed 18304K, reserved 1114112K
  class space    used 2012K, committed 2112K, reserved 1048576K
}
Event: 17.275 GC heap after
{Heap after GC invocations=2 (full 0):
 garbage-first heap   total 260096K, used 9457K [0x0000000702000000, 0x0000000800000000)
  region size 2048K, 1 young (2048K), 1 survivors (2048K)
 Metaspace       used 18049K, committed 18304K, reserved 1114112K
  class space    used 2012K, committed 2112K, reserved 1048576K
}
Event: 17.660 GC heap before
{Heap before GC invocations=2 (full 0):
 garbage-first heap   total 260096K, used 25841K [0x0000000702000000, 0x0000000800000000)
  region size 2048K, 10 young (20480K), 1 survivors (2048K)
 Metaspace       used 21187K, committed 21504K, reserved 1114112K
  class space    used 2494K, committed 2624K, reserved 1048576K
}
Event: 17.664 GC heap after
{Heap after GC invocations=3 (full 0):
 garbage-first heap   total 260096K, used 10358K [0x0000000702000000, 0x0000000800000000)
  region size 2048K, 2 young (4096K), 2 survivors (4096K)
 Metaspace       used 21187K, committed 21504K, reserved 1114112K
  class space    used 2494K, committed 2624K, reserved 1048576K
}
Event: 18.116 GC heap before
{Heap before GC invocations=4 (full 0):
 garbage-first heap   total 49152K, used 32886K [0x0000000702000000, 0x0000000800000000)
  region size 2048K, 14 young (28672K), 2 survivors (4096K)
 Metaspace       used 25039K, committed 25280K, reserved 1114112K
  class space    used 3091K, committed 3200K, reserved 1048576K
}
Event: 18.122 GC heap after
{Heap after GC invocations=5 (full 0):
 garbage-first heap   total 49152K, used 11661K [0x0000000702000000, 0x0000000800000000)
  region size 2048K, 2 young (4096K), 2 survivors (4096K)
 Metaspace       used 25039K, committed 25280K, reserved 1114112K
  class space    used 3091K, committed 3200K, reserved 1048576K
}
Event: 18.150 GC heap before
{Heap before GC invocations=5 (full 0):
 garbage-first heap   total 49152K, used 13709K [0x0000000702000000, 0x0000000800000000)
  region size 2048K, 3 young (6144K), 2 survivors (4096K)
 Metaspace       used 25380K, committed 25664K, reserved 1114112K
  class space    used 3121K, committed 3264K, reserved 1048576K
}
Event: 18.157 GC heap after
{Heap after GC invocations=6 (full 0):
 garbage-first heap   total 49152K, used 11888K [0x0000000702000000, 0x0000000800000000)
  region size 2048K, 1 young (2048K), 1 survivors (2048K)
 Metaspace       used 25380K, committed 25664K, reserved 1114112K
  class space    used 3121K, committed 3264K, reserved 1048576K
}
Event: 18.402 GC heap before
{Heap before GC invocations=6 (full 0):
 garbage-first heap   total 49152K, used 26224K [0x0000000702000000, 0x0000000800000000)
  region size 2048K, 9 young (18432K), 1 survivors (2048K)
 Metaspace       used 28443K, committed 28736K, reserved 1114112K
  class space    used 3461K, committed 3584K, reserved 1048576K
}
Event: 18.406 GC heap after
{Heap after GC invocations=7 (full 0):
 garbage-first heap   total 49152K, used 13318K [0x0000000702000000, 0x0000000800000000)
  region size 2048K, 2 young (4096K), 2 survivors (4096K)
 Metaspace       used 28443K, committed 28736K, reserved 1114112K
  class space    used 3461K, committed 3584K, reserved 1048576K
}
Event: 18.704 GC heap before
{Heap before GC invocations=7 (full 0):
 garbage-first heap   total 49152K, used 29702K [0x0000000702000000, 0x0000000800000000)
  region size 2048K, 10 young (20480K), 2 survivors (4096K)
 Metaspace       used 30502K, committed 30784K, reserved 1114112K
  class space    used 3759K, committed 3904K, reserved 1048576K
}
Event: 18.707 GC heap after
{Heap after GC invocations=8 (full 0):
 garbage-first heap   total 155648K, used 14598K [0x0000000702000000, 0x0000000800000000)
  region size 2048K, 2 young (4096K), 2 survivors (4096K)
 Metaspace       used 30502K, committed 30784K, reserved 1114112K
  class space    used 3759K, committed 3904K, reserved 1048576K
}
Event: 19.796 GC heap before
{Heap before GC invocations=8 (full 0):
 garbage-first heap   total 155648K, used 69894K [0x0000000702000000, 0x0000000800000000)
  region size 2048K, 31 young (63488K), 2 survivors (4096K)
 Metaspace       used 35804K, committed 36096K, reserved 1114112K
  class space    used 4517K, committed 4672K, reserved 1048576K
}
Event: 19.807 GC heap after
{Heap after GC invocations=9 (full 0):
 garbage-first heap   total 155648K, used 18111K [0x0000000702000000, 0x0000000800000000)
  region size 2048K, 4 young (8192K), 4 survivors (8192K)
 Metaspace       used 35804K, committed 36096K, reserved 1114112K
  class space    used 4517K, committed 4672K, reserved 1048576K
}

