# JRE version: OpenJDK Runtime Environment Temurin-17.0.7+7 (17.0.7+7) (build 17.0.7+7)
# Java VM: OpenJDK 64-Bit Server VM Temurin-17.0.7+7 (17.0.7+7, mixed mode, emulated-client, tiered, compressed oops, compressed class ptrs, g1 gc, windows-amd64)
GC Precious Log:
 CPUs: 8 total, 8 available
 Memory: 16254M
 Large Page Support: Disabled
 NUMA Support: Disabled
 Compressed Oops: Enabled (Zero based)
 Heap Region Size: 2M
 Heap Min Capacity: 8M
 Heap Initial Capacity: 254M
 Heap Max Capacity: 4064M
 Pre-touch: Disabled
 Parallel Workers: 8
 Concurrent Workers: 2
 Concurrent Refinement Workers: 8
 Periodic GC: Disabled
Heap:
 garbage-first heap   total 116736K, used 52006K [0x0000000702000000, 0x0000000800000000)
  region size 2048K, 13 young (26624K), 0 survivors (0K)
 Metaspace       used 77223K, committed 77888K, reserved 1179648K
  class space    used 10579K, committed 10880K, reserved 1048576K
GC Heap History (20 events):
Event: 5.810 GC heap before
{Heap before GC invocations=21 (full 0):
 garbage-first heap   total 161792K, used 113134K [0x0000000702000000, 0x0000000800000000)
  region size 2048K, 30 young (61440K), 5 survivors (10240K)
 Metaspace       used 74158K, committed 74752K, reserved 1114112K
  class space    used 10168K, committed 10432K, reserved 1048576K
}
Event: 5.820 GC heap after
{Heap after GC invocations=22 (full 0):
 garbage-first heap   total 161792K, used 78815K [0x0000000702000000, 0x0000000800000000)
  region size 2048K, 4 young (8192K), 4 survivors (8192K)
 Metaspace       used 74158K, committed 74752K, reserved 1114112K
  class space    used 10168K, committed 10432K, reserved 1048576K
}
Event: 203.356 GC heap before
{Heap before GC invocations=22 (full 0):
 garbage-first heap   total 161792K, used 119775K [0x0000000702000000, 0x0000000800000000)
  region size 2048K, 24 young (49152K), 4 survivors (8192K)
 Metaspace       used 76023K, committed 76736K, reserved 1179648K
  class space    used 10432K, committed 10752K, reserved 1048576K
}
Event: 203.375 GC heap after
{Heap after GC invocations=23 (full 0):
 garbage-first heap   total 161792K, used 84178K [0x0000000702000000, 0x0000000800000000)
  region size 2048K, 3 young (6144K), 3 survivors (6144K)
 Metaspace       used 76023K, committed 76736K, reserved 1179648K
  class space    used 10432K, committed 10752K, reserved 1048576K
}
Event: 223.987 GC heap before
{Heap before GC invocations=23 (full 0):
 garbage-first heap   total 161792K, used 86226K [0x0000000702000000, 0x0000000800000000)
  region size 2048K, 5 young (10240K), 3 survivors (6144K)
 Metaspace       used 76183K, committed 76800K, reserved 1179648K
  class space    used 10466K, committed 10752K, reserved 1048576K
}
Event: 224.023 GC heap after
{Heap after GC invocations=24 (full 1):
 garbage-first heap   total 96256K, used 23380K [0x0000000702000000, 0x0000000800000000)
  region size 2048K, 0 young (0K), 0 survivors (0K)
 Metaspace       used 75900K, committed 76800K, reserved 1179648K
  class space    used 10403K, committed 10752K, reserved 1048576K
}
Event: 224.328 GC heap before
{Heap before GC invocations=24 (full 1):
 garbage-first heap   total 96256K, used 58196K [0x0000000702000000, 0x0000000800000000)
  region size 2048K, 18 young (36864K), 0 survivors (0K)
 Metaspace       used 76148K, committed 76864K, reserved 1179648K
  class space    used 10432K, committed 10752K, reserved 1048576K
}
Event: 224.331 GC heap after
{Heap after GC invocations=25 (full 1):
 garbage-first heap   total 96256K, used 27321K [0x0000000702000000, 0x0000000800000000)
  region size 2048K, 2 young (4096K), 2 survivors (4096K)
 Metaspace       used 76148K, committed 76864K, reserved 1179648K
  class space    used 10432K, committed 10752K, reserved 1048576K
}
Event: 224.613 GC heap before
{Heap before GC invocations=25 (full 1):
 garbage-first heap   total 96256K, used 64185K [0x0000000702000000, 0x0000000800000000)
  region size 2048K, 20 young (40960K), 2 survivors (4096K)
 Metaspace       used 76306K, committed 76928K, reserved 1179648K
  class space    used 10455K, committed 10752K, reserved 1048576K
}
Event: 224.617 GC heap after
{Heap after GC invocations=26 (full 1):
 garbage-first heap   total 163840K, used 30401K [0x0000000702000000, 0x0000000800000000)
  region size 2048K, 2 young (4096K), 2 survivors (4096K)
 Metaspace       used 76306K, committed 76928K, reserved 1179648K
  class space    used 10455K, committed 10752K, reserved 1048576K
}
Event: 225.009 GC heap before
{Heap before GC invocations=26 (full 1):
 garbage-first heap   total 163840K, used 104129K [0x0000000702000000, 0x0000000800000000)
  region size 2048K, 38 young (77824K), 2 survivors (4096K)
 Metaspace       used 76882K, committed 77440K, reserved 1179648K
  class space    used 10507K, committed 10752K, reserved 1048576K
}
Event: 225.014 GC heap after
{Heap after GC invocations=27 (full 1):
 garbage-first heap   total 163840K, used 33670K [0x0000000702000000, 0x0000000800000000)
  region size 2048K, 4 young (8192K), 4 survivors (8192K)
 Metaspace       used 76882K, committed 77440K, reserved 1179648K
  class space    used 10507K, committed 10752K, reserved 1048576K
}
Event: 225.234 GC heap before
{Heap before GC invocations=27 (full 1):
 garbage-first heap   total 163840K, used 105350K [0x0000000702000000, 0x0000000800000000)
  region size 2048K, 40 young (81920K), 4 survivors (8192K)
 Metaspace       used 76916K, committed 77504K, reserved 1179648K
  class space    used 10513K, committed 10752K, reserved 1048576K
}
Event: 225.240 GC heap after
{Heap after GC invocations=28 (full 1):
 garbage-first heap   total 163840K, used 39371K [0x0000000702000000, 0x0000000800000000)
  region size 2048K, 5 young (10240K), 5 survivors (10240K)
 Metaspace       used 76916K, committed 77504K, reserved 1179648K
  class space    used 10513K, committed 10752K, reserved 1048576K
}
Event: 225.354 GC heap before
{Heap before GC invocations=28 (full 1):
 garbage-first heap   total 163840K, used 109003K [0x0000000702000000, 0x0000000800000000)
  region size 2048K, 40 young (81920K), 5 survivors (10240K)
 Metaspace       used 76916K, committed 77504K, reserved 1179648K
  class space    used 10513K, committed 10752K, reserved 1048576K
}
Event: 225.362 GC heap after
{Heap after GC invocations=29 (full 1):
 garbage-first heap   total 163840K, used 45375K [0x0000000702000000, 0x0000000800000000)
  region size 2048K, 5 young (10240K), 5 survivors (10240K)
 Metaspace       used 76916K, committed 77504K, reserved 1179648K
  class space    used 10513K, committed 10752K, reserved 1048576K
}
Event: 268.203 GC heap before
{Heap before GC invocations=29 (full 1):
 garbage-first heap   total 163840K, used 112959K [0x0000000702000000, 0x0000000800000000)
  region size 2048K, 38 young (77824K), 5 survivors (10240K)
 Metaspace       used 76940K, committed 77568K, reserved 1179648K
  class space    used 10518K, committed 10816K, reserved 1048576K
}
Event: 268.208 GC heap after
{Heap after GC invocations=30 (full 1):
 garbage-first heap   total 202752K, used 39123K [0x0000000702000000, 0x0000000800000000)
  region size 2048K, 2 young (4096K), 2 survivors (4096K)
 Metaspace       used 76940K, committed 77568K, reserved 1179648K
  class space    used 10518K, committed 10816K, reserved 1048576K
}
Event: 299.356 GC heap before
{Heap before GC invocations=30 (full 1):
 garbage-first heap   total 202752K, used 43219K [0x0000000702000000, 0x0000000800000000)
  region size 2048K, 5 young (10240K), 2 survivors (4096K)
 Metaspace       used 76942K, committed 77568K, reserved 1179648K
  class space    used 10519K, committed 10816K, reserved 1048576K
}
Event: 299.394 GC heap after
{Heap after GC invocations=31 (full 2):
 garbage-first heap   total 116736K, used 27430K [0x0000000702000000, 0x0000000800000000)
  region size 2048K, 0 young (0K), 0 survivors (0K)
 Metaspace       used 76940K, committed 77568K, reserved 1179648K
  class space    used 10518K, committed 10816K, reserved 1048576K
}

