# JRE version: OpenJDK Runtime Environment Temurin-17.0.7+7 (17.0.7+7) (build 17.0.7+7)
# Java VM: OpenJDK 64-Bit Server VM Temurin-17.0.7+7 (17.0.7+7, mixed mode, emulated-client, tiered, compressed oops, compressed class ptrs, g1 gc, windows-amd64)
GC Precious Log:
 CPUs: 8 total, 8 available
 Memory: 16254M
 Large Page Support: Disabled
 NUMA Support: Disabled
 Compressed Oops: Enabled (Zero based)
 Heap Region Size: 2M
 Heap Min Capacity: 8M
 Heap Initial Capacity: 254M
 Heap Max Capacity: 4064M
 Pre-touch: Disabled
 Parallel Workers: 8
 Concurrent Workers: 2
 Concurrent Refinement Workers: 8
 Periodic GC: Disabled
Heap:
 garbage-first heap   total 75776K, used 23993K [0x0000000702000000, 0x0000000800000000)
  region size 2048K, 8 young (16384K), 4 survivors (8192K)
 Metaspace       used 36513K, committed 36928K, reserved 1114112K
  class space    used 4630K, committed 4800K, reserved 1048576K
GC Heap History (14 events):
Event: 0.692 GC heap before
{Heap before GC invocations=0 (full 0):
 garbage-first heap   total 260096K, used 20480K [0x0000000702000000, 0x0000000800000000)
  region size 2048K, 11 young (22528K), 0 survivors (0K)
 Metaspace       used 14751K, committed 14912K, reserved 1114112K
  class space    used 1541K, committed 1600K, reserved 1048576K
}
Event: 0.698 GC heap after
{Heap after GC invocations=1 (full 0):
 garbage-first heap   total 260096K, used 8145K [0x0000000702000000, 0x0000000800000000)
  region size 2048K, 2 young (4096K), 2 survivors (4096K)
 Metaspace       used 14751K, committed 14912K, reserved 1114112K
  class space    used 1541K, committed 1600K, reserved 1048576K
}
Event: 1.035 GC heap before
{Heap before GC invocations=1 (full 0):
 garbage-first heap   total 260096K, used 26577K [0x0000000702000000, 0x0000000800000000)
  region size 2048K, 11 young (22528K), 2 survivors (4096K)
 Metaspace       used 17998K, committed 18240K, reserved 1114112K
  class space    used 2006K, committed 2112K, reserved 1048576K
}
Event: 1.039 GC heap after
{Heap after GC invocations=2 (full 0):
 garbage-first heap   total 260096K, used 9162K [0x0000000702000000, 0x0000000800000000)
  region size 2048K, 1 young (2048K), 1 survivors (2048K)
 Metaspace       used 17998K, committed 18240K, reserved 1114112K
  class space    used 2006K, committed 2112K, reserved 1048576K
}
Event: 1.289 GC heap before
{Heap before GC invocations=2 (full 0):
 garbage-first heap   total 260096K, used 25546K [0x0000000702000000, 0x0000000800000000)
  region size 2048K, 10 young (20480K), 1 survivors (2048K)
 Metaspace       used 21248K, committed 21504K, reserved 1114112K
  class space    used 2507K, committed 2624K, reserved 1048576K
}
Event: 1.291 GC heap after
{Heap after GC invocations=3 (full 0):
 garbage-first heap   total 260096K, used 10049K [0x0000000702000000, 0x0000000800000000)
  region size 2048K, 1 young (2048K), 1 survivors (2048K)
 Metaspace       used 21248K, committed 21504K, reserved 1114112K
  class space    used 2507K, committed 2624K, reserved 1048576K
}
Event: 1.503 GC heap before
{Heap before GC invocations=4 (full 0):
 garbage-first heap   total 40960K, used 28481K [0x0000000702000000, 0x0000000800000000)
  region size 2048K, 11 young (22528K), 1 survivors (2048K)
 Metaspace       used 24501K, committed 24832K, reserved 1114112K
  class space    used 3048K, committed 3200K, reserved 1048576K
}
Event: 1.506 GC heap after
{Heap after GC invocations=5 (full 0):
 garbage-first heap   total 40960K, used 11281K [0x0000000702000000, 0x0000000800000000)
  region size 2048K, 2 young (4096K), 2 survivors (4096K)
 Metaspace       used 24501K, committed 24832K, reserved 1114112K
  class space    used 3048K, committed 3200K, reserved 1048576K
}
Event: 1.528 GC heap before
{Heap before GC invocations=5 (full 0):
 garbage-first heap   total 40960K, used 11281K [0x0000000702000000, 0x0000000800000000)
  region size 2048K, 3 young (6144K), 2 survivors (4096K)
 Metaspace       used 24936K, committed 25216K, reserved 1114112K
  class space    used 3086K, committed 3200K, reserved 1048576K
}
Event: 1.532 GC heap after
{Heap after GC invocations=6 (full 0):
 garbage-first heap   total 40960K, used 11649K [0x0000000702000000, 0x0000000800000000)
  region size 2048K, 1 young (2048K), 1 survivors (2048K)
 Metaspace       used 24936K, committed 25216K, reserved 1114112K
  class space    used 3086K, committed 3200K, reserved 1048576K
}
Event: 1.666 GC heap before
{Heap before GC invocations=6 (full 0):
 garbage-first heap   total 40960K, used 25985K [0x0000000702000000, 0x0000000800000000)
  region size 2048K, 8 young (16384K), 1 survivors (2048K)
 Metaspace       used 27675K, committed 27968K, reserved 1114112K
  class space    used 3378K, committed 3520K, reserved 1048576K
}
Event: 1.668 GC heap after
{Heap after GC invocations=7 (full 0):
 garbage-first heap   total 151552K, used 12936K [0x0000000702000000, 0x0000000800000000)
  region size 2048K, 1 young (2048K), 1 survivors (2048K)
 Metaspace       used 27675K, committed 27968K, reserved 1114112K
  class space    used 3378K, committed 3520K, reserved 1048576K
}
Event: 2.716 GC heap before
{Heap before GC invocations=7 (full 0):
 garbage-first heap   total 151552K, used 90760K [0x0000000702000000, 0x0000000800000000)
  region size 2048K, 40 young (81920K), 1 survivors (2048K)
 Metaspace       used 35780K, committed 36096K, reserved 1114112K
  class space    used 4517K, committed 4672K, reserved 1048576K
}
Event: 2.722 GC heap after
{Heap after GC invocations=8 (full 0):
 garbage-first heap   total 151552K, used 17849K [0x0000000702000000, 0x0000000800000000)
  region size 2048K, 4 young (8192K), 4 survivors (8192K)
 Metaspace       used 35780K, committed 36096K, reserved 1114112K
  class space    used 4517K, committed 4672K, reserved 1048576K
}

