# JRE version: OpenJDK Runtime Environment Temurin-17.0.7+7 (17.0.7+7) (build 17.0.7+7)
# Java VM: OpenJDK 64-Bit Server VM Temurin-17.0.7+7 (17.0.7+7, mixed mode, emulated-client, tiered, compressed oops, compressed class ptrs, g1 gc, windows-amd64)
GC Precious Log:
 CPUs: 8 total, 8 available
 Memory: 16254M
 Large Page Support: Disabled
 NUMA Support: Disabled
 Compressed Oops: Enabled (Zero based)
 Heap Region Size: 2M
 Heap Min Capacity: 8M
 Heap Initial Capacity: 254M
 Heap Max Capacity: 4064M
 Pre-touch: Disabled
 Parallel Workers: 8
 Concurrent Workers: 2
 Concurrent Refinement Workers: 8
 Periodic GC: Disabled
Heap:
 garbage-first heap   total 137216K, used 67144K [0x0000000702000000, 0x0000000800000000)
  region size 2048K, 17 young (34816K), 1 survivors (2048K)
 Metaspace       used 81875K, committed 82496K, reserved 1179648K
  class space    used 11318K, committed 11648K, reserved 1048576K
GC Heap History (20 events):
Event: 20714.684 GC heap before
{Heap before GC invocations=76 (full 0):
 garbage-first heap   total 137216K, used 115987K [0x0000000702000000, 0x0000000800000000)
  region size 2048K, 40 young (81920K), 1 survivors (2048K)
 Metaspace       used 81611K, committed 82304K, reserved 1179648K
  class space    used 11273K, committed 11584K, reserved 1048576K
}
Event: 20714.688 GC heap after
{Heap after GC invocations=77 (full 0):
 garbage-first heap   total 137216K, used 36549K [0x0000000702000000, 0x0000000800000000)
  region size 2048K, 1 young (2048K), 1 survivors (2048K)
 Metaspace       used 81611K, committed 82304K, reserved 1179648K
  class space    used 11273K, committed 11584K, reserved 1048576K
}
Event: 21445.869 GC heap before
{Heap before GC invocations=78 (full 0):
 garbage-first heap   total 137216K, used 116421K [0x0000000702000000, 0x0000000800000000)
  region size 2048K, 40 young (81920K), 1 survivors (2048K)
 Metaspace       used 81612K, committed 82304K, reserved 1179648K
  class space    used 11273K, committed 11584K, reserved 1048576K
}
Event: 21445.877 GC heap after
{Heap after GC invocations=79 (full 0):
 garbage-first heap   total 137216K, used 36240K [0x0000000702000000, 0x0000000800000000)
  region size 2048K, 1 young (2048K), 1 survivors (2048K)
 Metaspace       used 81612K, committed 82304K, reserved 1179648K
  class space    used 11273K, committed 11584K, reserved 1048576K
}
Event: 21497.136 GC heap before
{Heap before GC invocations=79 (full 0):
 garbage-first heap   total 137216K, used 40336K [0x0000000702000000, 0x0000000800000000)
  region size 2048K, 3 young (6144K), 1 survivors (2048K)
 Metaspace       used 81612K, committed 82304K, reserved 1179648K
  class space    used 11273K, committed 11584K, reserved 1048576K
}
Event: 21497.138 GC heap after
{Heap after GC invocations=80 (full 0):
 garbage-first heap   total 137216K, used 36111K [0x0000000702000000, 0x0000000800000000)
  region size 2048K, 1 young (2048K), 1 survivors (2048K)
 Metaspace       used 81612K, committed 82304K, reserved 1179648K
  class space    used 11273K, committed 11584K, reserved 1048576K
}
Event: 22155.866 GC heap before
{Heap before GC invocations=80 (full 0):
 garbage-first heap   total 137216K, used 115983K [0x0000000702000000, 0x0000000800000000)
  region size 2048K, 40 young (81920K), 1 survivors (2048K)
 Metaspace       used 81635K, committed 82304K, reserved 1179648K
  class space    used 11277K, committed 11584K, reserved 1048576K
}
Event: 22155.868 GC heap after
{Heap after GC invocations=81 (full 0):
 garbage-first heap   total 137216K, used 36611K [0x0000000702000000, 0x0000000800000000)
  region size 2048K, 1 young (2048K), 1 survivors (2048K)
 Metaspace       used 81635K, committed 82304K, reserved 1179648K
  class space    used 11277K, committed 11584K, reserved 1048576K
}
Event: 22986.758 GC heap before
{Heap before GC invocations=82 (full 0):
 garbage-first heap   total 137216K, used 116483K [0x0000000702000000, 0x0000000800000000)
  region size 2048K, 40 young (81920K), 1 survivors (2048K)
 Metaspace       used 81637K, committed 82304K, reserved 1179648K
  class space    used 11277K, committed 11584K, reserved 1048576K
}
Event: 22986.763 GC heap after
{Heap after GC invocations=83 (full 0):
 garbage-first heap   total 137216K, used 36224K [0x0000000702000000, 0x0000000800000000)
  region size 2048K, 1 young (2048K), 1 survivors (2048K)
 Metaspace       used 81637K, committed 82304K, reserved 1179648K
  class space    used 11277K, committed 11584K, reserved 1048576K
}
Event: 23011.635 GC heap before
{Heap before GC invocations=83 (full 0):
 garbage-first heap   total 137216K, used 40320K [0x0000000702000000, 0x0000000800000000)
  region size 2048K, 3 young (6144K), 1 survivors (2048K)
 Metaspace       used 81637K, committed 82304K, reserved 1179648K
  class space    used 11277K, committed 11584K, reserved 1048576K
}
Event: 23011.638 GC heap after
{Heap after GC invocations=84 (full 0):
 garbage-first heap   total 137216K, used 36182K [0x0000000702000000, 0x0000000800000000)
  region size 2048K, 1 young (2048K), 1 survivors (2048K)
 Metaspace       used 81637K, committed 82304K, reserved 1179648K
  class space    used 11277K, committed 11584K, reserved 1048576K
}
Event: 23585.768 GC heap before
{Heap before GC invocations=84 (full 0):
 garbage-first heap   total 137216K, used 114006K [0x0000000702000000, 0x0000000800000000)
  region size 2048K, 40 young (81920K), 1 survivors (2048K)
 Metaspace       used 81650K, committed 82304K, reserved 1179648K
  class space    used 11280K, committed 11584K, reserved 1048576K
}
Event: 23585.774 GC heap after
{Heap after GC invocations=85 (full 0):
 garbage-first heap   total 137216K, used 36317K [0x0000000702000000, 0x0000000800000000)
  region size 2048K, 1 young (2048K), 1 survivors (2048K)
 Metaspace       used 81650K, committed 82304K, reserved 1179648K
  class space    used 11280K, committed 11584K, reserved 1048576K
}
Event: 24164.321 GC heap before
{Heap before GC invocations=86 (full 0):
 garbage-first heap   total 137216K, used 116189K [0x0000000702000000, 0x0000000800000000)
  region size 2048K, 40 young (81920K), 1 survivors (2048K)
 Metaspace       used 81650K, committed 82304K, reserved 1179648K
  class space    used 11280K, committed 11584K, reserved 1048576K
}
Event: 24164.323 GC heap after
{Heap after GC invocations=87 (full 0):
 garbage-first heap   total 137216K, used 36461K [0x0000000702000000, 0x0000000800000000)
  region size 2048K, 1 young (2048K), 1 survivors (2048K)
 Metaspace       used 81650K, committed 82304K, reserved 1179648K
  class space    used 11280K, committed 11584K, reserved 1048576K
}
Event: 24193.000 GC heap before
{Heap before GC invocations=87 (full 0):
 garbage-first heap   total 137216K, used 40557K [0x0000000702000000, 0x0000000800000000)
  region size 2048K, 3 young (6144K), 1 survivors (2048K)
 Metaspace       used 81650K, committed 82304K, reserved 1179648K
  class space    used 11280K, committed 11584K, reserved 1048576K
}
Event: 24193.003 GC heap after
{Heap after GC invocations=88 (full 0):
 garbage-first heap   total 137216K, used 36179K [0x0000000702000000, 0x0000000800000000)
  region size 2048K, 1 young (2048K), 1 survivors (2048K)
 Metaspace       used 81650K, committed 82304K, reserved 1179648K
  class space    used 11280K, committed 11584K, reserved 1048576K
}
Event: 24763.601 GC heap before
{Heap before GC invocations=88 (full 0):
 garbage-first heap   total 137216K, used 116051K [0x0000000702000000, 0x0000000800000000)
  region size 2048K, 40 young (81920K), 1 survivors (2048K)
 Metaspace       used 81660K, committed 82304K, reserved 1179648K
  class space    used 11281K, committed 11584K, reserved 1048576K
}
Event: 24763.607 GC heap after
{Heap after GC invocations=89 (full 0):
 garbage-first heap   total 137216K, used 36424K [0x0000000702000000, 0x0000000800000000)
  region size 2048K, 1 young (2048K), 1 survivors (2048K)
 Metaspace       used 81660K, committed 82304K, reserved 1179648K
  class space    used 11281K, committed 11584K, reserved 1048576K
}

