# JRE version: OpenJDK Runtime Environment Temurin-17.0.7+7 (17.0.7+7) (build 17.0.7+7)
# Java VM: OpenJDK 64-Bit Server VM Temurin-17.0.7+7 (17.0.7+7, mixed mode, emulated-client, tiered, compressed oops, compressed class ptrs, g1 gc, windows-amd64)
GC Precious Log:
 CPUs: 8 total, 8 available
 Memory: 16254M
 Large Page Support: Disabled
 NUMA Support: Disabled
 Compressed Oops: Enabled (Zero based)
 Heap Region Size: 2M
 Heap Min Capacity: 8M
 Heap Initial Capacity: 254M
 Heap Max Capacity: 4064M
 Pre-touch: Disabled
 Parallel Workers: 8
 Concurrent Workers: 2
 Concurrent Refinement Workers: 8
 Periodic GC: Disabled
Heap:
 garbage-first heap   total 190464K, used 101454K [0x0000000702000000, 0x0000000800000000)
  region size 2048K, 12 young (24576K), 2 survivors (4096K)
 Metaspace       used 90270K, committed 90880K, reserved 1179648K
  class space    used 12211K, committed 12480K, reserved 1048576K
GC Heap History (20 events):
Event: 2291.120 GC heap after
{Heap after GC invocations=38 (full 1):
 garbage-first heap   total 169984K, used 60448K [0x0000000702000000, 0x0000000800000000)
  region size 2048K, 1 young (2048K), 1 survivors (2048K)
 Metaspace       used 89098K, committed 89664K, reserved 1179648K
  class space    used 12101K, committed 12352K, reserved 1048576K
}
Event: 2723.238 GC heap before
{Heap before GC invocations=38 (full 1):
 garbage-first heap   total 169984K, used 113696K [0x0000000702000000, 0x0000000800000000)
  region size 2048K, 28 young (57344K), 1 survivors (2048K)
 Metaspace       used 89106K, committed 89664K, reserved 1179648K
  class space    used 12103K, committed 12352K, reserved 1048576K
}
Event: 2723.292 GC heap after
{Heap after GC invocations=39 (full 2):
 garbage-first heap   total 143360K, used 37473K [0x0000000702000000, 0x0000000800000000)
  region size 2048K, 0 young (0K), 0 survivors (0K)
 Metaspace       used 89022K, committed 89664K, reserved 1179648K
  class space    used 12084K, committed 12352K, reserved 1048576K
}
Event: 2724.115 GC heap before
{Heap before GC invocations=39 (full 2):
 garbage-first heap   total 143360K, used 96865K [0x0000000702000000, 0x0000000800000000)
  region size 2048K, 30 young (61440K), 0 survivors (0K)
 Metaspace       used 89460K, committed 90048K, reserved 1179648K
  class space    used 12140K, committed 12416K, reserved 1048576K
}
Event: 2724.119 GC heap after
{Heap after GC invocations=40 (full 2):
 garbage-first heap   total 143360K, used 43355K [0x0000000702000000, 0x0000000800000000)
  region size 2048K, 3 young (6144K), 3 survivors (6144K)
 Metaspace       used 89460K, committed 90048K, reserved 1179648K
  class space    used 12140K, committed 12416K, reserved 1048576K
}
Event: 2724.788 GC heap before
{Heap before GC invocations=40 (full 2):
 garbage-first heap   total 143360K, used 102747K [0x0000000702000000, 0x0000000800000000)
  region size 2048K, 32 young (65536K), 3 survivors (6144K)
 Metaspace       used 89826K, committed 90368K, reserved 1179648K
  class space    used 12175K, committed 12416K, reserved 1048576K
}
Event: 2724.793 GC heap after
{Heap after GC invocations=41 (full 2):
 garbage-first heap   total 143360K, used 47190K [0x0000000702000000, 0x0000000800000000)
  region size 2048K, 3 young (6144K), 3 survivors (6144K)
 Metaspace       used 89826K, committed 90368K, reserved 1179648K
  class space    used 12175K, committed 12416K, reserved 1048576K
}
Event: 2725.025 GC heap before
{Heap before GC invocations=41 (full 2):
 garbage-first heap   total 143360K, used 102486K [0x0000000702000000, 0x0000000800000000)
  region size 2048K, 30 young (61440K), 3 survivors (6144K)
 Metaspace       used 90128K, committed 90752K, reserved 1179648K
  class space    used 12198K, committed 12480K, reserved 1048576K
}
Event: 2725.028 GC heap after
{Heap after GC invocations=42 (full 2):
 garbage-first heap   total 143360K, used 48184K [0x0000000702000000, 0x0000000800000000)
  region size 2048K, 3 young (6144K), 3 survivors (6144K)
 Metaspace       used 90128K, committed 90752K, reserved 1179648K
  class space    used 12198K, committed 12480K, reserved 1048576K
}
Event: 2725.357 GC heap before
{Heap before GC invocations=42 (full 2):
 garbage-first heap   total 143360K, used 103480K [0x0000000702000000, 0x0000000800000000)
  region size 2048K, 31 young (63488K), 3 survivors (6144K)
 Metaspace       used 90248K, committed 90880K, reserved 1179648K
  class space    used 12207K, committed 12480K, reserved 1048576K
}
Event: 2725.363 GC heap after
{Heap after GC invocations=43 (full 2):
 garbage-first heap   total 143360K, used 57026K [0x0000000702000000, 0x0000000800000000)
  region size 2048K, 4 young (8192K), 4 survivors (8192K)
 Metaspace       used 90248K, committed 90880K, reserved 1179648K
  class space    used 12207K, committed 12480K, reserved 1048576K
}
Event: 2725.504 GC heap before
{Heap before GC invocations=43 (full 2):
 garbage-first heap   total 143360K, used 104130K [0x0000000702000000, 0x0000000800000000)
  region size 2048K, 28 young (57344K), 4 survivors (8192K)
 Metaspace       used 90257K, committed 90880K, reserved 1179648K
  class space    used 12209K, committed 12480K, reserved 1048576K
}
Event: 2725.512 GC heap after
{Heap after GC invocations=44 (full 2):
 garbage-first heap   total 143360K, used 66699K [0x0000000702000000, 0x0000000800000000)
  region size 2048K, 4 young (8192K), 4 survivors (8192K)
 Metaspace       used 90257K, committed 90880K, reserved 1179648K
  class space    used 12209K, committed 12480K, reserved 1048576K
}
Event: 2725.631 GC heap before
{Heap before GC invocations=44 (full 2):
 garbage-first heap   total 143360K, used 101515K [0x0000000702000000, 0x0000000800000000)
  region size 2048K, 22 young (45056K), 4 survivors (8192K)
 Metaspace       used 90257K, committed 90880K, reserved 1179648K
  class space    used 12209K, committed 12480K, reserved 1048576K
}
Event: 2725.637 GC heap after
{Heap after GC invocations=45 (full 2):
 garbage-first heap   total 143360K, used 72489K [0x0000000702000000, 0x0000000800000000)
  region size 2048K, 3 young (6144K), 3 survivors (6144K)
 Metaspace       used 90257K, committed 90880K, reserved 1179648K
  class space    used 12209K, committed 12480K, reserved 1048576K
}
Event: 2725.788 GC heap before
{Heap before GC invocations=45 (full 2):
 garbage-first heap   total 143360K, used 103209K [0x0000000702000000, 0x0000000800000000)
  region size 2048K, 19 young (38912K), 3 survivors (6144K)
 Metaspace       used 90257K, committed 90880K, reserved 1179648K
  class space    used 12209K, committed 12480K, reserved 1048576K
}
Event: 2725.796 GC heap after
{Heap after GC invocations=46 (full 2):
 garbage-first heap   total 190464K, used 80278K [0x0000000702000000, 0x0000000800000000)
  region size 2048K, 3 young (6144K), 3 survivors (6144K)
 Metaspace       used 90257K, committed 90880K, reserved 1179648K
  class space    used 12209K, committed 12480K, reserved 1048576K
}
Event: 2726.154 GC heap before
{Heap before GC invocations=46 (full 2):
 garbage-first heap   total 190464K, used 133526K [0x0000000702000000, 0x0000000800000000)
  region size 2048K, 30 young (61440K), 3 survivors (6144K)
 Metaspace       used 90266K, committed 90880K, reserved 1179648K
  class space    used 12210K, committed 12480K, reserved 1048576K
}
Event: 2726.159 GC heap after
{Heap after GC invocations=47 (full 2):
 garbage-first heap   total 190464K, used 82688K [0x0000000702000000, 0x0000000800000000)
  region size 2048K, 2 young (4096K), 2 survivors (4096K)
 Metaspace       used 90266K, committed 90880K, reserved 1179648K
  class space    used 12210K, committed 12480K, reserved 1048576K
}
Event: 2832.838 GC heap before
{Heap before GC invocations=47 (full 2):
 garbage-first heap   total 190464K, used 101120K [0x0000000702000000, 0x0000000800000000)
  region size 2048K, 12 young (24576K), 2 survivors (4096K)
 Metaspace       used 90270K, committed 90880K, reserved 1179648K
  class space    used 12211K, committed 12480K, reserved 1048576K
}

