# JRE version: OpenJDK Runtime Environment Temurin-17.0.7+7 (17.0.7+7) (build 17.0.7+7)
# Java VM: OpenJDK 64-Bit Server VM Temurin-17.0.7+7 (17.0.7+7, mixed mode, emulated-client, tiered, compressed oops, compressed class ptrs, g1 gc, windows-amd64)
GC Precious Log:
 CPUs: 8 total, 8 available
 Memory: 16254M
 Large Page Support: Disabled
 NUMA Support: Disabled
 Compressed Oops: Enabled (Zero based)
 Heap Region Size: 2M
 Heap Min Capacity: 8M
 Heap Initial Capacity: 254M
 Heap Max Capacity: 4064M
 Pre-touch: Disabled
 Parallel Workers: 8
 Concurrent Workers: 2
 Concurrent Refinement Workers: 8
 Periodic GC: Disabled
Heap:
 garbage-first heap   total 49152K, used 31635K [0x0000000702000000, 0x0000000800000000)
  region size 2048K, 11 young (22528K), 2 survivors (4096K)
 Metaspace       used 30867K, committed 31168K, reserved 1114112K
  class space    used 3800K, committed 3968K, reserved 1048576K
GC Heap History (13 events):
Event: 8.864 GC heap before
{Heap before GC invocations=0 (full 0):
 garbage-first heap   total 260096K, used 20480K [0x0000000702000000, 0x0000000800000000)
  region size 2048K, 11 young (22528K), 0 survivors (0K)
 Metaspace       used 14566K, committed 14784K, reserved 1114112K
  class space    used 1520K, committed 1600K, reserved 1048576K
}
Event: 8.877 GC heap after
{Heap after GC invocations=1 (full 0):
 garbage-first heap   total 260096K, used 7782K [0x0000000702000000, 0x0000000800000000)
  region size 2048K, 2 young (4096K), 2 survivors (4096K)
 Metaspace       used 14566K, committed 14784K, reserved 1114112K
  class space    used 1520K, committed 1600K, reserved 1048576K
}
Event: 9.650 GC heap before
{Heap before GC invocations=1 (full 0):
 garbage-first heap   total 260096K, used 26214K [0x0000000702000000, 0x0000000800000000)
  region size 2048K, 11 young (22528K), 2 survivors (4096K)
 Metaspace       used 18066K, committed 18304K, reserved 1114112K
  class space    used 2014K, committed 2112K, reserved 1048576K
}
Event: 9.654 GC heap after
{Heap after GC invocations=2 (full 0):
 garbage-first heap   total 260096K, used 9287K [0x0000000702000000, 0x0000000800000000)
  region size 2048K, 1 young (2048K), 1 survivors (2048K)
 Metaspace       used 18066K, committed 18304K, reserved 1114112K
  class space    used 2014K, committed 2112K, reserved 1048576K
}
Event: 10.278 GC heap before
{Heap before GC invocations=2 (full 0):
 garbage-first heap   total 260096K, used 25671K [0x0000000702000000, 0x0000000800000000)
  region size 2048K, 10 young (20480K), 1 survivors (2048K)
 Metaspace       used 21244K, committed 21504K, reserved 1114112K
  class space    used 2506K, committed 2624K, reserved 1048576K
}
Event: 10.282 GC heap after
{Heap after GC invocations=3 (full 0):
 garbage-first heap   total 260096K, used 10163K [0x0000000702000000, 0x0000000800000000)
  region size 2048K, 2 young (4096K), 2 survivors (4096K)
 Metaspace       used 21244K, committed 21504K, reserved 1114112K
  class space    used 2506K, committed 2624K, reserved 1048576K
}
Event: 10.680 GC heap before
{Heap before GC invocations=4 (full 0):
 garbage-first heap   total 49152K, used 32691K [0x0000000702000000, 0x0000000800000000)
  region size 2048K, 14 young (28672K), 2 survivors (4096K)
 Metaspace       used 25331K, committed 25600K, reserved 1114112K
  class space    used 3121K, committed 3264K, reserved 1048576K
}
Event: 10.684 GC heap after
{Heap after GC invocations=5 (full 0):
 garbage-first heap   total 49152K, used 11572K [0x0000000702000000, 0x0000000800000000)
  region size 2048K, 2 young (4096K), 2 survivors (4096K)
 Metaspace       used 25331K, committed 25600K, reserved 1114112K
  class space    used 3121K, committed 3264K, reserved 1048576K
}
Event: 10.721 GC heap before
{Heap before GC invocations=5 (full 0):
 garbage-first heap   total 49152K, used 13620K [0x0000000702000000, 0x0000000800000000)
  region size 2048K, 3 young (6144K), 2 survivors (4096K)
 Metaspace       used 25731K, committed 26048K, reserved 1114112K
  class space    used 3163K, committed 3328K, reserved 1048576K
}
Event: 10.726 GC heap after
{Heap after GC invocations=6 (full 0):
 garbage-first heap   total 49152K, used 11678K [0x0000000702000000, 0x0000000800000000)
  region size 2048K, 1 young (2048K), 1 survivors (2048K)
 Metaspace       used 25731K, committed 26048K, reserved 1114112K
  class space    used 3163K, committed 3328K, reserved 1048576K
}
Event: 10.979 GC heap before
{Heap before GC invocations=6 (full 0):
 garbage-first heap   total 49152K, used 26014K [0x0000000702000000, 0x0000000800000000)
  region size 2048K, 9 young (18432K), 1 survivors (2048K)
 Metaspace       used 28831K, committed 29120K, reserved 1114112K
  class space    used 3513K, committed 3648K, reserved 1048576K
}
Event: 10.982 GC heap after
{Heap after GC invocations=7 (full 0):
 garbage-first heap   total 49152K, used 13203K [0x0000000702000000, 0x0000000800000000)
  region size 2048K, 1 young (2048K), 1 survivors (2048K)
 Metaspace       used 28831K, committed 29120K, reserved 1114112K
  class space    used 3513K, committed 3648K, reserved 1048576K
}
Event: 11.538 GC heap before
{Heap before GC invocations=7 (full 0):
 garbage-first heap   total 49152K, used 31635K [0x0000000702000000, 0x0000000800000000)
  region size 2048K, 10 young (20480K), 1 survivors (2048K)
 Metaspace       used 30867K, committed 31168K, reserved 1114112K
  class space    used 3800K, committed 3968K, reserved 1048576K
}

