# JRE version: OpenJDK Runtime Environment Temurin-17.0.7+7 (17.0.7+7) (build 17.0.7+7)
# Java VM: OpenJDK 64-Bit Server VM Temurin-17.0.7+7 (17.0.7+7, mixed mode, emulated-client, tiered, compressed oops, compressed class ptrs, g1 gc, windows-amd64)
GC Precious Log:
 CPUs: 8 total, 8 available
 Memory: 16254M
 Large Page Support: Disabled
 NUMA Support: Disabled
 Compressed Oops: Enabled (Zero based)
 Heap Region Size: 2M
 Heap Min Capacity: 8M
 Heap Initial Capacity: 254M
 Heap Max Capacity: 4064M
 Pre-touch: Disabled
 Parallel Workers: 8
 Concurrent Workers: 2
 Concurrent Refinement Workers: 8
 Periodic GC: Disabled
Heap:
 garbage-first heap   total 75776K, used 54675K [0x0000000702000000, 0x0000000800000000)
  region size 2048K, 20 young (40960K), 2 survivors (4096K)
 Metaspace       used 40884K, committed 41280K, reserved 1114112K
  class space    used 5239K, committed 5440K, reserved 1048576K
GC Heap History (15 events):
Event: 0.683 GC heap before
{Heap before GC invocations=0 (full 0):
 garbage-first heap   total 260096K, used 20480K [0x0000000702000000, 0x0000000800000000)
  region size 2048K, 11 young (22528K), 0 survivors (0K)
 Metaspace       used 14689K, committed 14912K, reserved 1114112K
  class space    used 1530K, committed 1664K, reserved 1048576K
}
Event: 0.688 GC heap after
{Heap after GC invocations=1 (full 0):
 garbage-first heap   total 260096K, used 7989K [0x0000000702000000, 0x0000000800000000)
  region size 2048K, 2 young (4096K), 2 survivors (4096K)
 Metaspace       used 14689K, committed 14912K, reserved 1114112K
  class space    used 1530K, committed 1664K, reserved 1048576K
}
Event: 0.998 GC heap before
{Heap before GC invocations=1 (full 0):
 garbage-first heap   total 260096K, used 28469K [0x0000000702000000, 0x0000000800000000)
  region size 2048K, 12 young (24576K), 2 survivors (4096K)
 Metaspace       used 18089K, committed 18304K, reserved 1114112K
  class space    used 2030K, committed 2112K, reserved 1048576K
}
Event: 1.002 GC heap after
{Heap after GC invocations=2 (full 0):
 garbage-first heap   total 260096K, used 9406K [0x0000000702000000, 0x0000000800000000)
  region size 2048K, 1 young (2048K), 1 survivors (2048K)
 Metaspace       used 18089K, committed 18304K, reserved 1114112K
  class space    used 2030K, committed 2112K, reserved 1048576K
}
Event: 1.148 GC heap before
{Heap before GC invocations=2 (full 0):
 garbage-first heap   total 260096K, used 21694K [0x0000000702000000, 0x0000000800000000)
  region size 2048K, 9 young (18432K), 1 survivors (2048K)
 Metaspace       used 21250K, committed 21504K, reserved 1114112K
  class space    used 2504K, committed 2624K, reserved 1048576K
}
Event: 1.151 GC heap after
{Heap after GC invocations=3 (full 0):
 garbage-first heap   total 260096K, used 10136K [0x0000000702000000, 0x0000000800000000)
  region size 2048K, 2 young (4096K), 2 survivors (4096K)
 Metaspace       used 21250K, committed 21504K, reserved 1114112K
  class space    used 2504K, committed 2624K, reserved 1048576K
}
Event: 1.349 GC heap before
{Heap before GC invocations=4 (full 0):
 garbage-first heap   total 49152K, used 32664K [0x0000000702000000, 0x0000000800000000)
  region size 2048K, 14 young (28672K), 2 survivors (4096K)
 Metaspace       used 25123K, committed 25344K, reserved 1114112K
  class space    used 3098K, committed 3200K, reserved 1048576K
}
Event: 1.352 GC heap after
{Heap after GC invocations=5 (full 0):
 garbage-first heap   total 49152K, used 11558K [0x0000000702000000, 0x0000000800000000)
  region size 2048K, 2 young (4096K), 2 survivors (4096K)
 Metaspace       used 25123K, committed 25344K, reserved 1114112K
  class space    used 3098K, committed 3200K, reserved 1048576K
}
Event: 1.368 GC heap before
{Heap before GC invocations=5 (full 0):
 garbage-first heap   total 49152K, used 13606K [0x0000000702000000, 0x0000000800000000)
  region size 2048K, 3 young (6144K), 2 survivors (4096K)
 Metaspace       used 25527K, committed 25792K, reserved 1114112K
  class space    used 3140K, committed 3264K, reserved 1048576K
}
Event: 1.371 GC heap after
{Heap after GC invocations=6 (full 0):
 garbage-first heap   total 49152K, used 11668K [0x0000000702000000, 0x0000000800000000)
  region size 2048K, 1 young (2048K), 1 survivors (2048K)
 Metaspace       used 25527K, committed 25792K, reserved 1114112K
  class space    used 3140K, committed 3264K, reserved 1048576K
}
Event: 1.491 GC heap before
{Heap before GC invocations=6 (full 0):
 garbage-first heap   total 49152K, used 26004K [0x0000000702000000, 0x0000000800000000)
  region size 2048K, 9 young (18432K), 1 survivors (2048K)
 Metaspace       used 28595K, committed 28864K, reserved 1114112K
  class space    used 3477K, committed 3584K, reserved 1048576K
}
Event: 1.493 GC heap after
{Heap after GC invocations=7 (full 0):
 garbage-first heap   total 155648K, used 13179K [0x0000000702000000, 0x0000000800000000)
  region size 2048K, 1 young (2048K), 1 survivors (2048K)
 Metaspace       used 28595K, committed 28864K, reserved 1114112K
  class space    used 3477K, committed 3584K, reserved 1048576K
}
Event: 2.334 GC heap before
{Heap before GC invocations=7 (full 0):
 garbage-first heap   total 155648K, used 84859K [0x0000000702000000, 0x0000000800000000)
  region size 2048K, 38 young (77824K), 1 survivors (2048K)
 Metaspace       used 35776K, committed 36096K, reserved 1114112K
  class space    used 4514K, committed 4672K, reserved 1048576K
}
Event: 2.339 GC heap after
{Heap after GC invocations=8 (full 0):
 garbage-first heap   total 155648K, used 17811K [0x0000000702000000, 0x0000000800000000)
  region size 2048K, 4 young (8192K), 4 survivors (8192K)
 Metaspace       used 35776K, committed 36096K, reserved 1114112K
  class space    used 4514K, committed 4672K, reserved 1048576K
}
Event: 2.864 GC heap before
{Heap before GC invocations=9 (full 0):
 garbage-first heap   total 75776K, used 52627K [0x0000000702000000, 0x0000000800000000)
  region size 2048K, 22 young (45056K), 4 survivors (8192K)
 Metaspace       used 40884K, committed 41280K, reserved 1114112K
  class space    used 5239K, committed 5440K, reserved 1048576K
}

