# JRE version: OpenJDK Runtime Environment Temurin-17.0.7+7 (17.0.7+7) (build 17.0.7+7)
# Java VM: OpenJDK 64-Bit Server VM Temurin-17.0.7+7 (17.0.7+7, mixed mode, emulated-client, tiered, compressed oops, compressed class ptrs, g1 gc, windows-amd64)
GC Precious Log:
 CPUs: 8 total, 8 available
 Memory: 16254M
 Large Page Support: Disabled
 NUMA Support: Disabled
 Compressed Oops: Enabled (Zero based)
 Heap Region Size: 2M
 Heap Min Capacity: 8M
 Heap Initial Capacity: 254M
 Heap Max Capacity: 4064M
 Pre-touch: Disabled
 Parallel Workers: 8
 Concurrent Workers: 2
 Concurrent Refinement Workers: 8
 Periodic GC: Disabled
Heap:
 garbage-first heap   total 102400K, used 39016K [0x0000000702000000, 0x0000000800000000)
  region size 2048K, 8 young (16384K), 2 survivors (4096K)
 Metaspace       used 71426K, committed 72064K, reserved 1114112K
  class space    used 9682K, committed 9984K, reserved 1048576K
GC Heap History (20 events):
Event: 27.573 GC heap before
{Heap before GC invocations=7 (full 0):
 garbage-first heap   total 49152K, used 29826K [0x0000000702000000, 0x0000000800000000)
  region size 2048K, 10 young (20480K), 1 survivors (2048K)
 Metaspace       used 30815K, committed 31168K, reserved 1114112K
  class space    used 3792K, committed 3968K, reserved 1048576K
}
Event: 27.576 GC heap after
{Heap after GC invocations=8 (full 0):
 garbage-first heap   total 49152K, used 14406K [0x0000000702000000, 0x0000000800000000)
  region size 2048K, 2 young (4096K), 2 survivors (4096K)
 Metaspace       used 30815K, committed 31168K, reserved 1114112K
  class space    used 3792K, committed 3968K, reserved 1048576K
}
Event: 27.998 GC heap before
{Heap before GC invocations=8 (full 0):
 garbage-first heap   total 49152K, used 28742K [0x0000000702000000, 0x0000000800000000)
  region size 2048K, 10 young (20480K), 2 survivors (4096K)
 Metaspace       used 31757K, committed 32064K, reserved 1114112K
  class space    used 3944K, committed 4096K, reserved 1048576K
}
Event: 28.002 GC heap after
{Heap after GC invocations=9 (full 0):
 garbage-first heap   total 49152K, used 15486K [0x0000000702000000, 0x0000000800000000)
  region size 2048K, 2 young (4096K), 2 survivors (4096K)
 Metaspace       used 31757K, committed 32064K, reserved 1114112K
  class space    used 3944K, committed 4096K, reserved 1048576K
}
Event: 28.507 GC heap before
{Heap before GC invocations=9 (full 0):
 garbage-first heap   total 49152K, used 31870K [0x0000000702000000, 0x0000000800000000)
  region size 2048K, 10 young (20480K), 2 survivors (4096K)
 Metaspace       used 33811K, committed 34176K, reserved 1114112K
  class space    used 4212K, committed 4352K, reserved 1048576K
}
Event: 28.511 GC heap after
{Heap after GC invocations=10 (full 0):
 garbage-first heap   total 49152K, used 16464K [0x0000000702000000, 0x0000000800000000)
  region size 2048K, 2 young (4096K), 2 survivors (4096K)
 Metaspace       used 33811K, committed 34176K, reserved 1114112K
  class space    used 4212K, committed 4352K, reserved 1048576K
}
Event: 29.239 GC heap before
{Heap before GC invocations=10 (full 0):
 garbage-first heap   total 49152K, used 30800K [0x0000000702000000, 0x0000000800000000)
  region size 2048K, 10 young (20480K), 2 survivors (4096K)
 Metaspace       used 35196K, committed 35520K, reserved 1114112K
  class space    used 4424K, committed 4544K, reserved 1048576K
}
Event: 29.243 GC heap after
{Heap after GC invocations=11 (full 0):
 garbage-first heap   total 49152K, used 17637K [0x0000000702000000, 0x0000000800000000)
  region size 2048K, 2 young (4096K), 2 survivors (4096K)
 Metaspace       used 35196K, committed 35520K, reserved 1114112K
  class space    used 4424K, committed 4544K, reserved 1048576K
}
Event: 29.376 GC heap before
{Heap before GC invocations=11 (full 0):
 garbage-first heap   total 49152K, used 21733K [0x0000000702000000, 0x0000000800000000)
  region size 2048K, 5 young (10240K), 2 survivors (4096K)
 Metaspace       used 35856K, committed 36160K, reserved 1114112K
  class space    used 4532K, committed 4672K, reserved 1048576K
}
Event: 29.379 GC heap after
{Heap after GC invocations=12 (full 0):
 garbage-first heap   total 49152K, used 18184K [0x0000000702000000, 0x0000000800000000)
  region size 2048K, 2 young (4096K), 2 survivors (4096K)
 Metaspace       used 35856K, committed 36160K, reserved 1114112K
  class space    used 4532K, committed 4672K, reserved 1048576K
}
Event: 29.966 GC heap before
{Heap before GC invocations=13 (full 0):
 garbage-first heap   total 49152K, used 34568K [0x0000000702000000, 0x0000000800000000)
  region size 2048K, 10 young (20480K), 2 survivors (4096K)
 Metaspace       used 38144K, committed 38528K, reserved 1114112K
  class space    used 4878K, committed 5056K, reserved 1048576K
}
Event: 29.971 GC heap after
{Heap after GC invocations=14 (full 0):
 garbage-first heap   total 49152K, used 19742K [0x0000000702000000, 0x0000000800000000)
  region size 2048K, 2 young (4096K), 2 survivors (4096K)
 Metaspace       used 38144K, committed 38528K, reserved 1114112K
  class space    used 4878K, committed 5056K, reserved 1048576K
}
Event: 30.035 GC heap before
{Heap before GC invocations=14 (full 0):
 garbage-first heap   total 49152K, used 21790K [0x0000000702000000, 0x0000000800000000)
  region size 2048K, 3 young (6144K), 2 survivors (4096K)
 Metaspace       used 38325K, committed 38784K, reserved 1114112K
  class space    used 4907K, committed 5120K, reserved 1048576K
}
Event: 30.041 GC heap after
{Heap after GC invocations=15 (full 0):
 garbage-first heap   total 49152K, used 19730K [0x0000000702000000, 0x0000000800000000)
  region size 2048K, 1 young (2048K), 1 survivors (2048K)
 Metaspace       used 38325K, committed 38784K, reserved 1114112K
  class space    used 4907K, committed 5120K, reserved 1048576K
}
Event: 30.429 GC heap before
{Heap before GC invocations=15 (full 0):
 garbage-first heap   total 49152K, used 32018K [0x0000000702000000, 0x0000000800000000)
  region size 2048K, 8 young (16384K), 1 survivors (2048K)
 Metaspace       used 40234K, committed 40704K, reserved 1114112K
  class space    used 5173K, committed 5376K, reserved 1048576K
}
Event: 30.432 GC heap after
{Heap after GC invocations=16 (full 0):
 garbage-first heap   total 155648K, used 20813K [0x0000000702000000, 0x0000000800000000)
  region size 2048K, 1 young (2048K), 1 survivors (2048K)
 Metaspace       used 40234K, committed 40704K, reserved 1114112K
  class space    used 5173K, committed 5376K, reserved 1048576K
}
Event: 33.697 GC heap before
{Heap before GC invocations=16 (full 0):
 garbage-first heap   total 155648K, used 108877K [0x0000000702000000, 0x0000000800000000)
  region size 2048K, 45 young (92160K), 1 survivors (2048K)
 Metaspace       used 60018K, committed 60480K, reserved 1114112K
  class space    used 7830K, committed 8064K, reserved 1048576K
}
Event: 33.706 GC heap after
{Heap after GC invocations=17 (full 0):
 garbage-first heap   total 155648K, used 26373K [0x0000000702000000, 0x0000000800000000)
  region size 2048K, 4 young (8192K), 4 survivors (8192K)
 Metaspace       used 60018K, committed 60480K, reserved 1114112K
  class space    used 7830K, committed 8064K, reserved 1048576K
}
Event: 35.538 GC heap before
{Heap before GC invocations=18 (full 0):
 garbage-first heap   total 102400K, used 79621K [0x0000000702000000, 0x0000000800000000)
  region size 2048K, 30 young (61440K), 4 survivors (8192K)
 Metaspace       used 69449K, committed 69952K, reserved 1114112K
  class space    used 9436K, committed 9664K, reserved 1048576K
}
Event: 35.546 GC heap after
{Heap after GC invocations=19 (full 0):
 garbage-first heap   total 102400K, used 28776K [0x0000000702000000, 0x0000000800000000)
  region size 2048K, 2 young (4096K), 2 survivors (4096K)
 Metaspace       used 69449K, committed 69952K, reserved 1114112K
  class space    used 9436K, committed 9664K, reserved 1048576K
}

