# JRE version: OpenJDK Runtime Environment Temurin-17.0.7+7 (17.0.7+7) (build 17.0.7+7)
# Java VM: OpenJDK 64-Bit Server VM Temurin-17.0.7+7 (17.0.7+7, mixed mode, emulated-client, tiered, compressed oops, compressed class ptrs, g1 gc, windows-amd64)
GC Precious Log:
 CPUs: 8 total, 8 available
 Memory: 16254M
 Large Page Support: Disabled
 NUMA Support: Disabled
 Compressed Oops: Enabled (Zero based)
 Heap Region Size: 2M
 Heap Min Capacity: 8M
 Heap Initial Capacity: 254M
 Heap Max Capacity: 4064M
 Pre-touch: Disabled
 Parallel Workers: 8
 Concurrent Workers: 2
 Concurrent Refinement Workers: 8
 Periodic GC: Disabled
Heap:
 garbage-first heap   total 110592K, used 51378K [0x0000000702000000, 0x0000000800000000)
  region size 2048K, 5 young (10240K), 2 survivors (4096K)
 Metaspace       used 83494K, committed 84352K, reserved 1179648K
  class space    used 11491K, committed 11904K, reserved 1048576K
GC Heap History (20 events):
Event: 8393.941 GC heap before
{Heap before GC invocations=449 (full 2):
 garbage-first heap   total 110592K, used 89677K [0x0000000702000000, 0x0000000800000000)
  region size 2048K, 23 young (47104K), 1 survivors (2048K)
 Metaspace       used 83492K, committed 84352K, reserved 1179648K
  class space    used 11491K, committed 11904K, reserved 1048576K
}
Event: 8393.942 GC heap after
{Heap after GC invocations=450 (full 2):
 garbage-first heap   total 110592K, used 45328K [0x0000000702000000, 0x0000000800000000)
  region size 2048K, 1 young (2048K), 1 survivors (2048K)
 Metaspace       used 83492K, committed 84352K, reserved 1179648K
  class space    used 11491K, committed 11904K, reserved 1048576K
}
Event: 8404.772 GC heap before
{Heap before GC invocations=450 (full 2):
 garbage-first heap   total 110592K, used 90384K [0x0000000702000000, 0x0000000800000000)
  region size 2048K, 23 young (47104K), 1 survivors (2048K)
 Metaspace       used 83492K, committed 84352K, reserved 1179648K
  class space    used 11491K, committed 11904K, reserved 1048576K
}
Event: 8404.774 GC heap after
{Heap after GC invocations=451 (full 2):
 garbage-first heap   total 110592K, used 45652K [0x0000000702000000, 0x0000000800000000)
  region size 2048K, 1 young (2048K), 1 survivors (2048K)
 Metaspace       used 83492K, committed 84352K, reserved 1179648K
  class space    used 11491K, committed 11904K, reserved 1048576K
}
Event: 8416.925 GC heap before
{Heap before GC invocations=451 (full 2):
 garbage-first heap   total 110592K, used 90708K [0x0000000702000000, 0x0000000800000000)
  region size 2048K, 23 young (47104K), 1 survivors (2048K)
 Metaspace       used 83492K, committed 84352K, reserved 1179648K
  class space    used 11491K, committed 11904K, reserved 1048576K
}
Event: 8416.929 GC heap after
{Heap after GC invocations=452 (full 2):
 garbage-first heap   total 110592K, used 44439K [0x0000000702000000, 0x0000000800000000)
  region size 2048K, 1 young (2048K), 1 survivors (2048K)
 Metaspace       used 83492K, committed 84352K, reserved 1179648K
  class space    used 11491K, committed 11904K, reserved 1048576K
}
Event: 8429.214 GC heap before
{Heap before GC invocations=452 (full 2):
 garbage-first heap   total 110592K, used 91543K [0x0000000702000000, 0x0000000800000000)
  region size 2048K, 24 young (49152K), 1 survivors (2048K)
 Metaspace       used 83492K, committed 84352K, reserved 1179648K
  class space    used 11491K, committed 11904K, reserved 1048576K
}
Event: 8429.216 GC heap after
{Heap after GC invocations=453 (full 2):
 garbage-first heap   total 110592K, used 45485K [0x0000000702000000, 0x0000000800000000)
  region size 2048K, 1 young (2048K), 1 survivors (2048K)
 Metaspace       used 83492K, committed 84352K, reserved 1179648K
  class space    used 11491K, committed 11904K, reserved 1048576K
}
Event: 8441.588 GC heap before
{Heap before GC invocations=453 (full 2):
 garbage-first heap   total 110592K, used 92589K [0x0000000702000000, 0x0000000800000000)
  region size 2048K, 24 young (49152K), 1 survivors (2048K)
 Metaspace       used 83492K, committed 84352K, reserved 1179648K
  class space    used 11491K, committed 11904K, reserved 1048576K
}
Event: 8441.589 GC heap after
{Heap after GC invocations=454 (full 2):
 garbage-first heap   total 110592K, used 44903K [0x0000000702000000, 0x0000000800000000)
  region size 2048K, 1 young (2048K), 1 survivors (2048K)
 Metaspace       used 83492K, committed 84352K, reserved 1179648K
  class space    used 11491K, committed 11904K, reserved 1048576K
}
Event: 8453.551 GC heap before
{Heap before GC invocations=454 (full 2):
 garbage-first heap   total 110592K, used 92007K [0x0000000702000000, 0x0000000800000000)
  region size 2048K, 24 young (49152K), 1 survivors (2048K)
 Metaspace       used 83492K, committed 84352K, reserved 1179648K
  class space    used 11491K, committed 11904K, reserved 1048576K
}
Event: 8453.556 GC heap after
{Heap after GC invocations=455 (full 2):
 garbage-first heap   total 110592K, used 45407K [0x0000000702000000, 0x0000000800000000)
  region size 2048K, 1 young (2048K), 1 survivors (2048K)
 Metaspace       used 83492K, committed 84352K, reserved 1179648K
  class space    used 11491K, committed 11904K, reserved 1048576K
}
Event: 8465.525 GC heap before
{Heap before GC invocations=455 (full 2):
 garbage-first heap   total 110592K, used 92511K [0x0000000702000000, 0x0000000800000000)
  region size 2048K, 24 young (49152K), 1 survivors (2048K)
 Metaspace       used 83492K, committed 84352K, reserved 1179648K
  class space    used 11491K, committed 11904K, reserved 1048576K
}
Event: 8465.526 GC heap after
{Heap after GC invocations=456 (full 2):
 garbage-first heap   total 110592K, used 44616K [0x0000000702000000, 0x0000000800000000)
  region size 2048K, 1 young (2048K), 1 survivors (2048K)
 Metaspace       used 83492K, committed 84352K, reserved 1179648K
  class space    used 11491K, committed 11904K, reserved 1048576K
}
Event: 8480.860 GC heap before
{Heap before GC invocations=456 (full 2):
 garbage-first heap   total 110592K, used 91720K [0x0000000702000000, 0x0000000800000000)
  region size 2048K, 24 young (49152K), 1 survivors (2048K)
 Metaspace       used 83492K, committed 84352K, reserved 1179648K
  class space    used 11491K, committed 11904K, reserved 1048576K
}
Event: 8480.862 GC heap after
{Heap after GC invocations=457 (full 2):
 garbage-first heap   total 110592K, used 44800K [0x0000000702000000, 0x0000000800000000)
  region size 2048K, 1 young (2048K), 1 survivors (2048K)
 Metaspace       used 83492K, committed 84352K, reserved 1179648K
  class space    used 11491K, committed 11904K, reserved 1048576K
}
Event: 8494.704 GC heap before
{Heap before GC invocations=457 (full 2):
 garbage-first heap   total 110592K, used 91904K [0x0000000702000000, 0x0000000800000000)
  region size 2048K, 24 young (49152K), 1 survivors (2048K)
 Metaspace       used 83492K, committed 84352K, reserved 1179648K
  class space    used 11491K, committed 11904K, reserved 1048576K
}
Event: 8494.705 GC heap after
{Heap after GC invocations=458 (full 2):
 garbage-first heap   total 110592K, used 45347K [0x0000000702000000, 0x0000000800000000)
  region size 2048K, 1 young (2048K), 1 survivors (2048K)
 Metaspace       used 83492K, committed 84352K, reserved 1179648K
  class space    used 11491K, committed 11904K, reserved 1048576K
}
Event: 8505.993 GC heap before
{Heap before GC invocations=458 (full 2):
 garbage-first heap   total 110592K, used 92451K [0x0000000702000000, 0x0000000800000000)
  region size 2048K, 24 young (49152K), 1 survivors (2048K)
 Metaspace       used 83492K, committed 84352K, reserved 1179648K
  class space    used 11491K, committed 11904K, reserved 1048576K
}
Event: 8505.997 GC heap after
{Heap after GC invocations=459 (full 2):
 garbage-first heap   total 110592K, used 47282K [0x0000000702000000, 0x0000000800000000)
  region size 2048K, 2 young (4096K), 2 survivors (4096K)
 Metaspace       used 83492K, committed 84352K, reserved 1179648K
  class space    used 11491K, committed 11904K, reserved 1048576K
}

