# JRE version: OpenJDK Runtime Environment Temurin-17.0.7+7 (17.0.7+7) (build 17.0.7+7)
# Java VM: OpenJDK 64-Bit Server VM Temurin-17.0.7+7 (17.0.7+7, mixed mode, emulated-client, tiered, compressed oops, compressed class ptrs, g1 gc, windows-amd64)
GC Precious Log:
 CPUs: 8 total, 8 available
 Memory: 16254M
 Large Page Support: Disabled
 NUMA Support: Disabled
 Compressed Oops: Enabled (Zero based)
 Heap Region Size: 2M
 Heap Min Capacity: 8M
 Heap Initial Capacity: 254M
 Heap Max Capacity: 4064M
 Pre-touch: Disabled
 Parallel Workers: 8
 Concurrent Workers: 2
 Concurrent Refinement Workers: 8
 Periodic GC: Disabled
Heap:
 garbage-first heap   total 49152K, used 18457K [0x0000000702000000, 0x0000000800000000)
  region size 2048K, 2 young (4096K), 1 survivors (2048K)
 Metaspace       used 36146K, committed 36480K, reserved 1114112K
  class space    used 4571K, committed 4736K, reserved 1048576K
GC Heap History (20 events):
Event: 10.117 GC heap before
{Heap before GC invocations=1 (full 0):
 garbage-first heap   total 260096K, used 24161K [0x0000000702000000, 0x0000000800000000)
  region size 2048K, 10 young (20480K), 2 survivors (4096K)
 Metaspace       used 17407K, committed 17664K, reserved 1114112K
  class space    used 1908K, committed 2048K, reserved 1048576K
}
Event: 10.122 GC heap after
{Heap after GC invocations=2 (full 0):
 garbage-first heap   total 260096K, used 8934K [0x0000000702000000, 0x0000000800000000)
  region size 2048K, 1 young (2048K), 1 survivors (2048K)
 Metaspace       used 17407K, committed 17664K, reserved 1114112K
  class space    used 1908K, committed 2048K, reserved 1048576K
}
Event: 10.621 GC heap before
{Heap before GC invocations=2 (full 0):
 garbage-first heap   total 260096K, used 27366K [0x0000000702000000, 0x0000000800000000)
  region size 2048K, 12 young (24576K), 1 survivors (2048K)
 Metaspace       used 21239K, committed 21504K, reserved 1114112K
  class space    used 2504K, committed 2624K, reserved 1048576K
}
Event: 10.624 GC heap after
{Heap after GC invocations=3 (full 0):
 garbage-first heap   total 260096K, used 10072K [0x0000000702000000, 0x0000000800000000)
  region size 2048K, 2 young (4096K), 2 survivors (4096K)
 Metaspace       used 21239K, committed 21504K, reserved 1114112K
  class space    used 2504K, committed 2624K, reserved 1048576K
}
Event: 11.245 GC heap before
{Heap before GC invocations=4 (full 0):
 garbage-first heap   total 49152K, used 32600K [0x0000000702000000, 0x0000000800000000)
  region size 2048K, 14 young (28672K), 2 survivors (4096K)
 Metaspace       used 24840K, committed 25088K, reserved 1114112K
  class space    used 3086K, committed 3200K, reserved 1048576K
}
Event: 11.249 GC heap after
{Heap after GC invocations=5 (full 0):
 garbage-first heap   total 49152K, used 11560K [0x0000000702000000, 0x0000000800000000)
  region size 2048K, 2 young (4096K), 2 survivors (4096K)
 Metaspace       used 24840K, committed 25088K, reserved 1114112K
  class space    used 3086K, committed 3200K, reserved 1048576K
}
Event: 11.346 GC heap before
{Heap before GC invocations=5 (full 0):
 garbage-first heap   total 49152K, used 11560K [0x0000000702000000, 0x0000000800000000)
  region size 2048K, 3 young (6144K), 2 survivors (4096K)
 Metaspace       used 25298K, committed 25600K, reserved 1114112K
  class space    used 3119K, committed 3264K, reserved 1048576K
}
Event: 11.350 GC heap after
{Heap after GC invocations=6 (full 0):
 garbage-first heap   total 49152K, used 11893K [0x0000000702000000, 0x0000000800000000)
  region size 2048K, 1 young (2048K), 1 survivors (2048K)
 Metaspace       used 25298K, committed 25600K, reserved 1114112K
  class space    used 3119K, committed 3264K, reserved 1048576K
}
Event: 11.869 GC heap before
{Heap before GC invocations=6 (full 0):
 garbage-first heap   total 49152K, used 26229K [0x0000000702000000, 0x0000000800000000)
  region size 2048K, 9 young (18432K), 1 survivors (2048K)
 Metaspace       used 28432K, committed 28736K, reserved 1114112K
  class space    used 3456K, committed 3584K, reserved 1048576K
}
Event: 11.871 GC heap after
{Heap after GC invocations=7 (full 0):
 garbage-first heap   total 49152K, used 13389K [0x0000000702000000, 0x0000000800000000)
  region size 2048K, 1 young (2048K), 1 survivors (2048K)
 Metaspace       used 28432K, committed 28736K, reserved 1114112K
  class space    used 3456K, committed 3584K, reserved 1048576K
}
Event: 12.186 GC heap before
{Heap before GC invocations=7 (full 0):
 garbage-first heap   total 49152K, used 29773K [0x0000000702000000, 0x0000000800000000)
  region size 2048K, 10 young (20480K), 1 survivors (2048K)
 Metaspace       used 30820K, committed 31104K, reserved 1114112K
  class space    used 3793K, committed 3968K, reserved 1048576K
}
Event: 12.189 GC heap after
{Heap after GC invocations=8 (full 0):
 garbage-first heap   total 49152K, used 14539K [0x0000000702000000, 0x0000000800000000)
  region size 2048K, 2 young (4096K), 2 survivors (4096K)
 Metaspace       used 30820K, committed 31104K, reserved 1114112K
  class space    used 3793K, committed 3968K, reserved 1048576K
}
Event: 12.513 GC heap before
{Heap before GC invocations=8 (full 0):
 garbage-first heap   total 49152K, used 30923K [0x0000000702000000, 0x0000000800000000)
  region size 2048K, 10 young (20480K), 2 survivors (4096K)
 Metaspace       used 31615K, committed 31936K, reserved 1114112K
  class space    used 3920K, committed 4096K, reserved 1048576K
}
Event: 12.517 GC heap after
{Heap after GC invocations=9 (full 0):
 garbage-first heap   total 49152K, used 15522K [0x0000000702000000, 0x0000000800000000)
  region size 2048K, 2 young (4096K), 2 survivors (4096K)
 Metaspace       used 31615K, committed 31936K, reserved 1114112K
  class space    used 3920K, committed 4096K, reserved 1048576K
}
Event: 12.877 GC heap before
{Heap before GC invocations=9 (full 0):
 garbage-first heap   total 49152K, used 31906K [0x0000000702000000, 0x0000000800000000)
  region size 2048K, 10 young (20480K), 2 survivors (4096K)
 Metaspace       used 33576K, committed 33856K, reserved 1114112K
  class space    used 4177K, committed 4352K, reserved 1048576K
}
Event: 12.880 GC heap after
{Heap after GC invocations=10 (full 0):
 garbage-first heap   total 49152K, used 16591K [0x0000000702000000, 0x0000000800000000)
  region size 2048K, 2 young (4096K), 2 survivors (4096K)
 Metaspace       used 33576K, committed 33856K, reserved 1114112K
  class space    used 4177K, committed 4352K, reserved 1048576K
}
Event: 13.276 GC heap before
{Heap before GC invocations=10 (full 0):
 garbage-first heap   total 49152K, used 30927K [0x0000000702000000, 0x0000000800000000)
  region size 2048K, 10 young (20480K), 2 survivors (4096K)
 Metaspace       used 35121K, committed 35456K, reserved 1114112K
  class space    used 4407K, committed 4544K, reserved 1048576K
}
Event: 13.280 GC heap after
{Heap after GC invocations=11 (full 0):
 garbage-first heap   total 49152K, used 17920K [0x0000000702000000, 0x0000000800000000)
  region size 2048K, 2 young (4096K), 2 survivors (4096K)
 Metaspace       used 35121K, committed 35456K, reserved 1114112K
  class space    used 4407K, committed 4544K, reserved 1048576K
}
Event: 13.418 GC heap before
{Heap before GC invocations=11 (full 0):
 garbage-first heap   total 49152K, used 24064K [0x0000000702000000, 0x0000000800000000)
  region size 2048K, 6 young (12288K), 2 survivors (4096K)
 Metaspace       used 35833K, committed 36160K, reserved 1114112K
  class space    used 4527K, committed 4672K, reserved 1048576K
}
Event: 13.422 GC heap after
{Heap after GC invocations=12 (full 0):
 garbage-first heap   total 49152K, used 18457K [0x0000000702000000, 0x0000000800000000)
  region size 2048K, 1 young (2048K), 1 survivors (2048K)
 Metaspace       used 35833K, committed 36160K, reserved 1114112K
  class space    used 4527K, committed 4672K, reserved 1048576K
}

