# JRE version: OpenJDK Runtime Environment Temurin-17.0.7+7 (17.0.7+7) (build 17.0.7+7)
# Java VM: OpenJDK 64-Bit Server VM Temurin-17.0.7+7 (17.0.7+7, mixed mode, emulated-client, tiered, compressed oops, compressed class ptrs, g1 gc, windows-amd64)
GC Precious Log:
 CPUs: 8 total, 8 available
 Memory: 16254M
 Large Page Support: Disabled
 NUMA Support: Disabled
 Compressed Oops: Enabled (Zero based)
 Heap Region Size: 2M
 Heap Min Capacity: 8M
 Heap Initial Capacity: 254M
 Heap Max Capacity: 4064M
 Pre-touch: Disabled
 Parallel Workers: 8
 Concurrent Workers: 2
 Concurrent Refinement Workers: 8
 Periodic GC: Disabled
Heap:
 garbage-first heap   total 196608K, used 130297K [0x0000000702000000, 0x0000000800000000)
  region size 2048K, 42 young (86016K), 6 survivors (12288K)
 Metaspace       used 80050K, committed 80704K, reserved 1179648K
  class space    used 11020K, committed 11328K, reserved 1048576K
GC Heap History (20 events):
Event: 2.616 GC heap before
{Heap before GC invocations=10 (full 0):
 garbage-first heap   total 75776K, used 22376K [0x0000000702000000, 0x0000000800000000)
  region size 2048K, 3 young (6144K), 2 survivors (4096K)
 Metaspace       used 40917K, committed 41472K, reserved 1114112K
  class space    used 5233K, committed 5504K, reserved 1048576K
}
Event: 2.620 GC heap after
{Heap after GC invocations=11 (full 0):
 garbage-first heap   total 75776K, used 21268K [0x0000000702000000, 0x0000000800000000)
  region size 2048K, 1 young (2048K), 1 survivors (2048K)
 Metaspace       used 40917K, committed 41472K, reserved 1114112K
  class space    used 5233K, committed 5504K, reserved 1048576K
}
Event: 3.032 GC heap before
{Heap before GC invocations=11 (full 0):
 garbage-first heap   total 75776K, used 54036K [0x0000000702000000, 0x0000000800000000)
  region size 2048K, 17 young (34816K), 1 survivors (2048K)
 Metaspace       used 47761K, committed 48192K, reserved 1114112K
  class space    used 6136K, committed 6336K, reserved 1048576K
}
Event: 3.035 GC heap after
{Heap after GC invocations=12 (full 0):
 garbage-first heap   total 114688K, used 23313K [0x0000000702000000, 0x0000000800000000)
  region size 2048K, 2 young (4096K), 2 survivors (4096K)
 Metaspace       used 47761K, committed 48192K, reserved 1114112K
  class space    used 6136K, committed 6336K, reserved 1048576K
}
Event: 3.769 GC heap before
{Heap before GC invocations=12 (full 0):
 garbage-first heap   total 114688K, used 74513K [0x0000000702000000, 0x0000000800000000)
  region size 2048K, 29 young (59392K), 2 survivors (4096K)
 Metaspace       used 60014K, committed 60480K, reserved 1114112K
  class space    used 8038K, committed 8256K, reserved 1048576K
}
Event: 3.773 GC heap after
{Heap after GC invocations=13 (full 0):
 garbage-first heap   total 114688K, used 25835K [0x0000000702000000, 0x0000000800000000)
  region size 2048K, 3 young (6144K), 3 survivors (6144K)
 Metaspace       used 60014K, committed 60480K, reserved 1114112K
  class space    used 8038K, committed 8256K, reserved 1048576K
}
Event: 4.428 GC heap before
{Heap before GC invocations=14 (full 0):
 garbage-first heap   total 96256K, used 77035K [0x0000000702000000, 0x0000000800000000)
  region size 2048K, 28 young (57344K), 3 survivors (6144K)
 Metaspace       used 67402K, committed 68032K, reserved 1114112K
  class space    used 9192K, committed 9472K, reserved 1048576K
}
Event: 4.433 GC heap after
{Heap after GC invocations=15 (full 0):
 garbage-first heap   total 96256K, used 28554K [0x0000000702000000, 0x0000000800000000)
  region size 2048K, 3 young (6144K), 3 survivors (6144K)
 Metaspace       used 67402K, committed 68032K, reserved 1114112K
  class space    used 9192K, committed 9472K, reserved 1048576K
}
Event: 4.439 GC heap before
{Heap before GC invocations=15 (full 0):
 garbage-first heap   total 96256K, used 30602K [0x0000000702000000, 0x0000000800000000)
  region size 2048K, 4 young (8192K), 3 survivors (6144K)
 Metaspace       used 67402K, committed 68032K, reserved 1114112K
  class space    used 9192K, committed 9472K, reserved 1048576K
}
Event: 4.443 GC heap after
{Heap after GC invocations=16 (full 0):
 garbage-first heap   total 96256K, used 28088K [0x0000000702000000, 0x0000000800000000)
  region size 2048K, 1 young (2048K), 1 survivors (2048K)
 Metaspace       used 67402K, committed 68032K, reserved 1114112K
  class space    used 9192K, committed 9472K, reserved 1048576K
}
Event: 4.628 GC heap before
{Heap before GC invocations=16 (full 0):
 garbage-first heap   total 96256K, used 73144K [0x0000000702000000, 0x0000000800000000)
  region size 2048K, 23 young (47104K), 1 survivors (2048K)
 Metaspace       used 68854K, committed 69440K, reserved 1114112K
  class space    used 9410K, committed 9664K, reserved 1048576K
}
Event: 4.630 GC heap after
{Heap after GC invocations=17 (full 0):
 garbage-first heap   total 96256K, used 28780K [0x0000000702000000, 0x0000000800000000)
  region size 2048K, 1 young (2048K), 1 survivors (2048K)
 Metaspace       used 68854K, committed 69440K, reserved 1114112K
  class space    used 9410K, committed 9664K, reserved 1048576K
}
Event: 5.096 GC heap before
{Heap before GC invocations=17 (full 0):
 garbage-first heap   total 96256K, used 73836K [0x0000000702000000, 0x0000000800000000)
  region size 2048K, 23 young (47104K), 1 survivors (2048K)
 Metaspace       used 72946K, committed 73600K, reserved 1114112K
  class space    used 10019K, committed 10304K, reserved 1048576K
}
Event: 5.100 GC heap after
{Heap after GC invocations=18 (full 0):
 garbage-first heap   total 96256K, used 32319K [0x0000000702000000, 0x0000000800000000)
  region size 2048K, 3 young (6144K), 3 survivors (6144K)
 Metaspace       used 72946K, committed 73600K, reserved 1114112K
  class space    used 10019K, committed 10304K, reserved 1048576K
}
Event: 5.243 GC heap before
{Heap before GC invocations=18 (full 0):
 garbage-first heap   total 96256K, used 71231K [0x0000000702000000, 0x0000000800000000)
  region size 2048K, 23 young (47104K), 3 survivors (6144K)
 Metaspace       used 73837K, committed 74432K, reserved 1114112K
  class space    used 10119K, committed 10368K, reserved 1048576K
}
Event: 5.249 GC heap after
{Heap after GC invocations=19 (full 0):
 garbage-first heap   total 96256K, used 40354K [0x0000000702000000, 0x0000000800000000)
  region size 2048K, 3 young (6144K), 3 survivors (6144K)
 Metaspace       used 73837K, committed 74432K, reserved 1114112K
  class space    used 10119K, committed 10368K, reserved 1048576K
}
Event: 5.326 GC heap before
{Heap before GC invocations=19 (full 0):
 garbage-first heap   total 96256K, used 73122K [0x0000000702000000, 0x0000000800000000)
  region size 2048K, 19 young (38912K), 3 survivors (6144K)
 Metaspace       used 73933K, committed 74560K, reserved 1114112K
  class space    used 10133K, committed 10432K, reserved 1048576K
}
Event: 5.333 GC heap after
{Heap after GC invocations=20 (full 0):
 garbage-first heap   total 196608K, used 49486K [0x0000000702000000, 0x0000000800000000)
  region size 2048K, 3 young (6144K), 3 survivors (6144K)
 Metaspace       used 73933K, committed 74560K, reserved 1114112K
  class space    used 10133K, committed 10432K, reserved 1048576K
}
Event: 5.466 GC heap before
{Heap before GC invocations=20 (full 0):
 garbage-first heap   total 196608K, used 133454K [0x0000000702000000, 0x0000000800000000)
  region size 2048K, 45 young (92160K), 3 survivors (6144K)
 Metaspace       used 73974K, committed 74624K, reserved 1114112K
  class space    used 10140K, committed 10432K, reserved 1048576K
}
Event: 5.474 GC heap after
{Heap after GC invocations=21 (full 0):
 garbage-first heap   total 196608K, used 60665K [0x0000000702000000, 0x0000000800000000)
  region size 2048K, 6 young (12288K), 6 survivors (12288K)
 Metaspace       used 73974K, committed 74624K, reserved 1114112K
  class space    used 10140K, committed 10432K, reserved 1048576K
}

