# JRE version: OpenJDK Runtime Environment Temurin-17.0.7+7 (17.0.7+7) (build 17.0.7+7)
# Java VM: OpenJDK 64-Bit Server VM Temurin-17.0.7+7 (17.0.7+7, mixed mode, emulated-client, tiered, compressed oops, compressed class ptrs, g1 gc, windows-amd64)
GC Precious Log:
 CPUs: 8 total, 8 available
 Memory: 16254M
 Large Page Support: Disabled
 NUMA Support: Disabled
 Compressed Oops: Enabled (Zero based)
 Heap Region Size: 2M
 Heap Min Capacity: 8M
 Heap Initial Capacity: 254M
 Heap Max Capacity: 4064M
 Pre-touch: Disabled
 Parallel Workers: 8
 Concurrent Workers: 2
 Concurrent Refinement Workers: 8
 Periodic GC: Disabled
Heap:
 garbage-first heap   total 253952K, used 185535K [0x0000000702000000, 0x0000000800000000)
  region size 2048K, 72 young (147456K), 2 survivors (4096K)
 Metaspace       used 92715K, committed 93568K, reserved 1179648K
  class space    used 12445K, committed 12864K, reserved 1048576K
GC Heap History (20 events):
Event: 1700.368 GC heap after
{Heap after GC invocations=127 (full 9):
 garbage-first heap   total 122880K, used 38904K [0x0000000702000000, 0x0000000800000000)
  region size 2048K, 2 young (4096K), 2 survivors (4096K)
 Metaspace       used 91441K, committed 92224K, reserved 1179648K
  class space    used 12324K, committed 12736K, reserved 1048576K
}
Event: 1700.578 GC heap before
{Heap before GC invocations=127 (full 9):
 garbage-first heap   total 122880K, used 90104K [0x0000000702000000, 0x0000000800000000)
  region size 2048K, 27 young (55296K), 2 survivors (4096K)
 Metaspace       used 91703K, committed 92480K, reserved 1179648K
  class space    used 12343K, committed 12736K, reserved 1048576K
}
Event: 1700.582 GC heap after
{Heap after GC invocations=128 (full 9):
 garbage-first heap   total 151552K, used 40522K [0x0000000702000000, 0x0000000800000000)
  region size 2048K, 3 young (6144K), 3 survivors (6144K)
 Metaspace       used 91703K, committed 92480K, reserved 1179648K
  class space    used 12343K, committed 12736K, reserved 1048576K
}
Event: 1700.733 GC heap before
{Heap before GC invocations=129 (full 9):
 garbage-first heap   total 151552K, used 112202K [0x0000000702000000, 0x0000000800000000)
  region size 2048K, 38 young (77824K), 3 survivors (6144K)
 Metaspace       used 91703K, committed 92480K, reserved 1179648K
  class space    used 12343K, committed 12736K, reserved 1048576K
}
Event: 1700.738 GC heap after
{Heap after GC invocations=130 (full 9):
 garbage-first heap   total 151552K, used 45884K [0x0000000702000000, 0x0000000800000000)
  region size 2048K, 5 young (10240K), 5 survivors (10240K)
 Metaspace       used 91703K, committed 92480K, reserved 1179648K
  class space    used 12343K, committed 12736K, reserved 1048576K
}
Event: 1700.857 GC heap before
{Heap before GC invocations=130 (full 9):
 garbage-first heap   total 151552K, used 111420K [0x0000000702000000, 0x0000000800000000)
  region size 2048K, 38 young (77824K), 5 survivors (10240K)
 Metaspace       used 91703K, committed 92480K, reserved 1179648K
  class space    used 12343K, committed 12736K, reserved 1048576K
}
Event: 1700.866 GC heap after
{Heap after GC invocations=131 (full 9):
 garbage-first heap   total 151552K, used 51083K [0x0000000702000000, 0x0000000800000000)
  region size 2048K, 5 young (10240K), 5 survivors (10240K)
 Metaspace       used 91703K, committed 92480K, reserved 1179648K
  class space    used 12343K, committed 12736K, reserved 1048576K
}
Event: 1701.036 GC heap before
{Heap before GC invocations=132 (full 9):
 garbage-first heap   total 151552K, used 108427K [0x0000000702000000, 0x0000000800000000)
  region size 2048K, 33 young (67584K), 5 survivors (10240K)
 Metaspace       used 91703K, committed 92480K, reserved 1179648K
  class space    used 12343K, committed 12736K, reserved 1048576K
}
Event: 1701.043 GC heap after
{Heap after GC invocations=133 (full 9):
 garbage-first heap   total 151552K, used 53542K [0x0000000702000000, 0x0000000800000000)
  region size 2048K, 2 young (4096K), 2 survivors (4096K)
 Metaspace       used 91703K, committed 92480K, reserved 1179648K
  class space    used 12343K, committed 12736K, reserved 1048576K
}
Event: 1703.677 GC heap before
{Heap before GC invocations=133 (full 9):
 garbage-first heap   total 151552K, used 57638K [0x0000000702000000, 0x0000000800000000)
  region size 2048K, 5 young (10240K), 2 survivors (4096K)
 Metaspace       used 91706K, committed 92480K, reserved 1179648K
  class space    used 12344K, committed 12736K, reserved 1048576K
}
Event: 1703.725 GC heap after
{Heap after GC invocations=134 (full 10):
 garbage-first heap   total 131072K, used 32098K [0x0000000702000000, 0x0000000800000000)
  region size 2048K, 0 young (0K), 0 survivors (0K)
 Metaspace       used 91703K, committed 92480K, reserved 1179648K
  class space    used 12343K, committed 12736K, reserved 1048576K
}
Event: 1704.155 GC heap before
{Heap before GC invocations=134 (full 10):
 garbage-first heap   total 131072K, used 91490K [0x0000000702000000, 0x0000000800000000)
  region size 2048K, 29 young (59392K), 0 survivors (0K)
 Metaspace       used 92064K, committed 92864K, reserved 1179648K
  class space    used 12388K, committed 12800K, reserved 1048576K
}
Event: 1704.158 GC heap after
{Heap after GC invocations=135 (full 10):
 garbage-first heap   total 131072K, used 37144K [0x0000000702000000, 0x0000000800000000)
  region size 2048K, 3 young (6144K), 3 survivors (6144K)
 Metaspace       used 92064K, committed 92864K, reserved 1179648K
  class space    used 12388K, committed 12800K, reserved 1048576K
}
Event: 1704.418 GC heap before
{Heap before GC invocations=136 (full 10):
 garbage-first heap   total 131072K, used 92440K [0x0000000702000000, 0x0000000800000000)
  region size 2048K, 30 young (61440K), 3 survivors (6144K)
 Metaspace       used 92445K, committed 93248K, reserved 1179648K
  class space    used 12421K, committed 12800K, reserved 1048576K
}
Event: 1704.422 GC heap after
{Heap after GC invocations=137 (full 10):
 garbage-first heap   total 131072K, used 39690K [0x0000000702000000, 0x0000000800000000)
  region size 2048K, 2 young (4096K), 2 survivors (4096K)
 Metaspace       used 92445K, committed 93248K, reserved 1179648K
  class space    used 12421K, committed 12800K, reserved 1048576K
}
Event: 1704.429 GC heap before
{Heap before GC invocations=137 (full 10):
 garbage-first heap   total 131072K, used 41738K [0x0000000702000000, 0x0000000800000000)
  region size 2048K, 3 young (6144K), 2 survivors (4096K)
 Metaspace       used 92445K, committed 93248K, reserved 1179648K
  class space    used 12421K, committed 12800K, reserved 1048576K
}
Event: 1704.431 GC heap after
{Heap after GC invocations=138 (full 10):
 garbage-first heap   total 131072K, used 39507K [0x0000000702000000, 0x0000000800000000)
  region size 2048K, 1 young (2048K), 1 survivors (2048K)
 Metaspace       used 92445K, committed 93248K, reserved 1179648K
  class space    used 12421K, committed 12800K, reserved 1048576K
}
Event: 1704.646 GC heap before
{Heap before GC invocations=138 (full 10):
 garbage-first heap   total 131072K, used 94803K [0x0000000702000000, 0x0000000800000000)
  region size 2048K, 28 young (57344K), 1 survivors (2048K)
 Metaspace       used 92715K, committed 93568K, reserved 1179648K
  class space    used 12445K, committed 12864K, reserved 1048576K
}
Event: 1704.649 GC heap after
{Heap after GC invocations=139 (full 10):
 garbage-first heap   total 253952K, used 42175K [0x0000000702000000, 0x0000000800000000)
  region size 2048K, 2 young (4096K), 2 survivors (4096K)
 Metaspace       used 92715K, committed 93568K, reserved 1179648K
  class space    used 12445K, committed 12864K, reserved 1048576K
}
Event: 1704.912 GC heap before
{Heap before GC invocations=140 (full 10):
 garbage-first heap   total 253952K, used 183487K [0x0000000702000000, 0x0000000800000000)
  region size 2048K, 72 young (147456K), 2 survivors (4096K)
 Metaspace       used 92715K, committed 93568K, reserved 1179648K
  class space    used 12445K, committed 12864K, reserved 1048576K
}

