# JRE version: OpenJDK Runtime Environment Temurin-17.0.7+7 (17.0.7+7) (build 17.0.7+7)
# Java VM: OpenJDK 64-Bit Server VM Temurin-17.0.7+7 (17.0.7+7, mixed mode, emulated-client, tiered, compressed oops, compressed class ptrs, g1 gc, windows-amd64)
GC Precious Log:
 CPUs: 8 total, 8 available
 Memory: 16254M
 Large Page Support: Disabled
 NUMA Support: Disabled
 Compressed Oops: Enabled (Zero based)
 Heap Region Size: 2M
 Heap Min Capacity: 8M
 Heap Initial Capacity: 254M
 Heap Max Capacity: 4064M
 Pre-touch: Disabled
 Parallel Workers: 8
 Concurrent Workers: 2
 Concurrent Refinement Workers: 8
 Periodic GC: Disabled
Heap:
 garbage-first heap   total 102400K, used 78608K [0x0000000702000000, 0x0000000800000000)
  region size 2048K, 25 young (51200K), 2 survivors (4096K)
 Metaspace       used 73626K, committed 74240K, reserved 1114112K
  class space    used 10013K, committed 10304K, reserved 1048576K
GC Heap History (20 events):
Event: 1.935 GC heap after
{Heap after GC invocations=7 (full 0):
 garbage-first heap   total 49152K, used 15229K [0x0000000702000000, 0x0000000800000000)
  region size 2048K, 2 young (4096K), 2 survivors (4096K)
 Metaspace       used 30549K, committed 30848K, reserved 1114112K
  class space    used 3771K, committed 3904K, reserved 1048576K
}
Event: 2.159 GC heap before
{Heap before GC invocations=7 (full 0):
 garbage-first heap   total 49152K, used 31613K [0x0000000702000000, 0x0000000800000000)
  region size 2048K, 10 young (20480K), 2 survivors (4096K)
 Metaspace       used 31489K, committed 31744K, reserved 1114112K
  class space    used 3909K, committed 4032K, reserved 1048576K
}
Event: 2.162 GC heap after
{Heap after GC invocations=8 (full 0):
 garbage-first heap   total 155648K, used 16370K [0x0000000702000000, 0x0000000800000000)
  region size 2048K, 2 young (4096K), 2 survivors (4096K)
 Metaspace       used 31489K, committed 31744K, reserved 1114112K
  class space    used 3909K, committed 4032K, reserved 1048576K
}
Event: 2.702 GC heap before
{Heap before GC invocations=8 (full 0):
 garbage-first heap   total 155648K, used 57330K [0x0000000702000000, 0x0000000800000000)
  region size 2048K, 23 young (47104K), 2 survivors (4096K)
 Metaspace       used 35848K, committed 36160K, reserved 1114112K
  class space    used 4529K, committed 4672K, reserved 1048576K
}
Event: 2.706 GC heap after
{Heap after GC invocations=9 (full 0):
 garbage-first heap   total 155648K, used 18854K [0x0000000702000000, 0x0000000800000000)
  region size 2048K, 3 young (6144K), 3 survivors (6144K)
 Metaspace       used 35848K, committed 36160K, reserved 1114112K
  class space    used 4529K, committed 4672K, reserved 1048576K
}
Event: 3.316 GC heap before
{Heap before GC invocations=10 (full 0):
 garbage-first heap   total 75776K, used 57766K [0x0000000702000000, 0x0000000800000000)
  region size 2048K, 22 young (45056K), 3 survivors (6144K)
 Metaspace       used 41161K, committed 41600K, reserved 1114112K
  class space    used 5285K, committed 5504K, reserved 1048576K
}
Event: 3.322 GC heap after
{Heap after GC invocations=11 (full 0):
 garbage-first heap   total 75776K, used 22051K [0x0000000702000000, 0x0000000800000000)
  region size 2048K, 3 young (6144K), 3 survivors (6144K)
 Metaspace       used 41161K, committed 41600K, reserved 1114112K
  class space    used 5285K, committed 5504K, reserved 1048576K
}
Event: 3.355 GC heap before
{Heap before GC invocations=11 (full 0):
 garbage-first heap   total 75776K, used 24099K [0x0000000702000000, 0x0000000800000000)
  region size 2048K, 4 young (8192K), 3 survivors (6144K)
 Metaspace       used 41384K, committed 41856K, reserved 1114112K
  class space    used 5323K, committed 5568K, reserved 1048576K
}
Event: 3.362 GC heap after
{Heap after GC invocations=12 (full 0):
 garbage-first heap   total 75776K, used 22647K [0x0000000702000000, 0x0000000800000000)
  region size 2048K, 1 young (2048K), 1 survivors (2048K)
 Metaspace       used 41384K, committed 41856K, reserved 1114112K
  class space    used 5323K, committed 5568K, reserved 1048576K
}
Event: 3.999 GC heap before
{Heap before GC invocations=12 (full 0):
 garbage-first heap   total 75776K, used 55415K [0x0000000702000000, 0x0000000800000000)
  region size 2048K, 17 young (34816K), 1 survivors (2048K)
 Metaspace       used 50485K, committed 50944K, reserved 1114112K
  class space    used 6433K, committed 6656K, reserved 1048576K
}
Event: 4.002 GC heap after
{Heap after GC invocations=13 (full 0):
 garbage-first heap   total 120832K, used 24866K [0x0000000702000000, 0x0000000800000000)
  region size 2048K, 2 young (4096K), 2 survivors (4096K)
 Metaspace       used 50485K, committed 50944K, reserved 1114112K
  class space    used 6433K, committed 6656K, reserved 1048576K
}
Event: 4.848 GC heap before
{Heap before GC invocations=13 (full 0):
 garbage-first heap   total 120832K, used 71970K [0x0000000702000000, 0x0000000800000000)
  region size 2048K, 26 young (53248K), 2 survivors (4096K)
 Metaspace       used 59966K, committed 60480K, reserved 1114112K
  class space    used 7834K, committed 8128K, reserved 1048576K
}
Event: 4.852 GC heap after
{Heap after GC invocations=14 (full 0):
 garbage-first heap   total 120832K, used 27286K [0x0000000702000000, 0x0000000800000000)
  region size 2048K, 3 young (6144K), 3 survivors (6144K)
 Metaspace       used 59966K, committed 60480K, reserved 1114112K
  class space    used 7834K, committed 8128K, reserved 1048576K
}
Event: 5.917 GC heap before
{Heap before GC invocations=15 (full 0):
 garbage-first heap   total 102400K, used 82582K [0x0000000702000000, 0x0000000800000000)
  region size 2048K, 30 young (61440K), 3 survivors (6144K)
 Metaspace       used 69486K, committed 70080K, reserved 1114112K
  class space    used 9428K, committed 9728K, reserved 1048576K
}
Event: 5.922 GC heap after
{Heap after GC invocations=16 (full 0):
 garbage-first heap   total 102400K, used 29821K [0x0000000702000000, 0x0000000800000000)
  region size 2048K, 3 young (6144K), 3 survivors (6144K)
 Metaspace       used 69486K, committed 70080K, reserved 1114112K
  class space    used 9428K, committed 9728K, reserved 1048576K
}
Event: 5.946 GC heap before
{Heap before GC invocations=16 (full 0):
 garbage-first heap   total 102400K, used 31869K [0x0000000702000000, 0x0000000800000000)
  region size 2048K, 4 young (8192K), 3 survivors (6144K)
 Metaspace       used 69769K, committed 70336K, reserved 1114112K
  class space    used 9467K, committed 9728K, reserved 1048576K
}
Event: 5.950 GC heap after
{Heap after GC invocations=17 (full 0):
 garbage-first heap   total 102400K, used 30001K [0x0000000702000000, 0x0000000800000000)
  region size 2048K, 1 young (2048K), 1 survivors (2048K)
 Metaspace       used 69769K, committed 70336K, reserved 1114112K
  class space    used 9467K, committed 9728K, reserved 1048576K
}
Event: 6.292 GC heap before
{Heap before GC invocations=17 (full 0):
 garbage-first heap   total 102400K, used 79153K [0x0000000702000000, 0x0000000800000000)
  region size 2048K, 25 young (51200K), 1 survivors (2048K)
 Metaspace       used 73366K, committed 73984K, reserved 1114112K
  class space    used 9993K, committed 10304K, reserved 1048576K
}
Event: 6.295 GC heap after
{Heap after GC invocations=18 (full 0):
 garbage-first heap   total 102400K, used 31504K [0x0000000702000000, 0x0000000800000000)
  region size 2048K, 2 young (4096K), 2 survivors (4096K)
 Metaspace       used 73366K, committed 73984K, reserved 1114112K
  class space    used 9993K, committed 10304K, reserved 1048576K
}
Event: 6.450 GC heap before
{Heap before GC invocations=18 (full 0):
 garbage-first heap   total 102400K, used 78608K [0x0000000702000000, 0x0000000800000000)
  region size 2048K, 25 young (51200K), 2 survivors (4096K)
 Metaspace       used 73626K, committed 74240K, reserved 1114112K
  class space    used 10013K, committed 10304K, reserved 1048576K
}

