# JRE version: OpenJDK Runtime Environment Temurin-17.0.7+7 (17.0.7+7) (build 17.0.7+7)
# Java VM: OpenJDK 64-Bit Server VM Temurin-17.0.7+7 (17.0.7+7, mixed mode, emulated-client, tiered, compressed oops, compressed class ptrs, g1 gc, windows-amd64)
GC Precious Log:
 CPUs: 8 total, 8 available
 Memory: 16254M
 Large Page Support: Disabled
 NUMA Support: Disabled
 Compressed Oops: Enabled (Zero based)
 Heap Region Size: 2M
 Heap Min Capacity: 8M
 Heap Initial Capacity: 254M
 Heap Max Capacity: 4064M
 Pre-touch: Disabled
 Parallel Workers: 8
 Concurrent Workers: 2
 Concurrent Refinement Workers: 8
 Periodic GC: Disabled
Heap:
 garbage-first heap   total 184320K, used 79429K [0x0000000702000000, 0x0000000800000000)
  region size 2048K, 4 young (8192K), 3 survivors (6144K)
 Metaspace       used 90652K, committed 91776K, reserved 1179648K
  class space    used 12596K, committed 13056K, reserved 1048576K
GC Heap History (20 events):
Event: 30.690 GC heap before
{Heap before GC invocations=21 (full 0):
 garbage-first heap   total 102400K, used 79108K [0x0000000702000000, 0x0000000800000000)
  region size 2048K, 25 young (51200K), 2 survivors (4096K)
 Metaspace       used 73669K, committed 74240K, reserved 1114112K
  class space    used 10014K, committed 10304K, reserved 1048576K
}
Event: 30.693 GC heap after
{Heap after GC invocations=22 (full 0):
 garbage-first heap   total 102400K, used 33029K [0x0000000702000000, 0x0000000800000000)
  region size 2048K, 2 young (4096K), 2 survivors (4096K)
 Metaspace       used 73669K, committed 74240K, reserved 1114112K
  class space    used 10014K, committed 10304K, reserved 1048576K
}
Event: 31.287 GC heap before
{Heap before GC invocations=22 (full 0):
 garbage-first heap   total 102400K, used 82181K [0x0000000702000000, 0x0000000800000000)
  region size 2048K, 26 young (53248K), 2 survivors (4096K)
 Metaspace       used 77443K, committed 78016K, reserved 1179648K
  class space    used 10581K, committed 10816K, reserved 1048576K
}
Event: 31.292 GC heap after
{Heap after GC invocations=23 (full 0):
 garbage-first heap   total 102400K, used 36463K [0x0000000702000000, 0x0000000800000000)
  region size 2048K, 4 young (8192K), 4 survivors (8192K)
 Metaspace       used 77443K, committed 78016K, reserved 1179648K
  class space    used 10581K, committed 10816K, reserved 1048576K
}
Event: 31.567 GC heap before
{Heap before GC invocations=23 (full 0):
 garbage-first heap   total 102400K, used 79471K [0x0000000702000000, 0x0000000800000000)
  region size 2048K, 26 young (53248K), 4 survivors (8192K)
 Metaspace       used 78987K, committed 79616K, reserved 1179648K
  class space    used 10780K, committed 11072K, reserved 1048576K
}
Event: 31.575 GC heap after
{Heap after GC invocations=24 (full 0):
 garbage-first heap   total 102400K, used 44044K [0x0000000702000000, 0x0000000800000000)
  region size 2048K, 4 young (8192K), 4 survivors (8192K)
 Metaspace       used 78987K, committed 79616K, reserved 1179648K
  class space    used 10780K, committed 11072K, reserved 1048576K
}
Event: 31.670 GC heap before
{Heap before GC invocations=24 (full 0):
 garbage-first heap   total 102400K, used 76812K [0x0000000702000000, 0x0000000800000000)
  region size 2048K, 21 young (43008K), 4 survivors (8192K)
 Metaspace       used 79082K, committed 79744K, reserved 1179648K
  class space    used 10793K, committed 11136K, reserved 1048576K
}
Event: 31.678 GC heap after
{Heap after GC invocations=25 (full 0):
 garbage-first heap   total 102400K, used 54663K [0x0000000702000000, 0x0000000800000000)
  region size 2048K, 3 young (6144K), 3 survivors (6144K)
 Metaspace       used 79082K, committed 79744K, reserved 1179648K
  class space    used 10793K, committed 11136K, reserved 1048576K
}
Event: 31.715 GC heap before
{Heap before GC invocations=25 (full 0):
 garbage-first heap   total 102400K, used 75143K [0x0000000702000000, 0x0000000800000000)
  region size 2048K, 14 young (28672K), 3 survivors (6144K)
 Metaspace       used 79082K, committed 79744K, reserved 1179648K
  class space    used 10793K, committed 11136K, reserved 1048576K
}
Event: 31.720 GC heap after
{Heap after GC invocations=26 (full 0):
 garbage-first heap   total 184320K, used 60163K [0x0000000702000000, 0x0000000800000000)
  region size 2048K, 2 young (4096K), 2 survivors (4096K)
 Metaspace       used 79082K, committed 79744K, reserved 1179648K
  class space    used 10793K, committed 11136K, reserved 1048576K
}
Event: 31.984 GC heap before
{Heap before GC invocations=27 (full 0):
 garbage-first heap   total 184320K, used 127747K [0x0000000702000000, 0x0000000800000000)
  region size 2048K, 36 young (73728K), 2 survivors (4096K)
 Metaspace       used 79124K, committed 79744K, reserved 1179648K
  class space    used 10800K, committed 11136K, reserved 1048576K
}
Event: 31.991 GC heap after
{Heap after GC invocations=28 (full 0):
 garbage-first heap   total 184320K, used 66307K [0x0000000702000000, 0x0000000800000000)
  region size 2048K, 5 young (10240K), 5 survivors (10240K)
 Metaspace       used 79124K, committed 79744K, reserved 1179648K
  class space    used 10800K, committed 11136K, reserved 1048576K
}
Event: 31.993 GC heap before
{Heap before GC invocations=28 (full 0):
 garbage-first heap   total 184320K, used 68355K [0x0000000702000000, 0x0000000800000000)
  region size 2048K, 6 young (12288K), 5 survivors (10240K)
 Metaspace       used 79124K, committed 79744K, reserved 1179648K
  class space    used 10800K, committed 11136K, reserved 1048576K
}
Event: 31.999 GC heap after
{Heap after GC invocations=29 (full 0):
 garbage-first heap   total 184320K, used 66995K [0x0000000702000000, 0x0000000800000000)
  region size 2048K, 1 young (2048K), 1 survivors (2048K)
 Metaspace       used 79124K, committed 79744K, reserved 1179648K
  class space    used 10800K, committed 11136K, reserved 1048576K
}
Event: 32.552 GC heap before
{Heap before GC invocations=29 (full 0):
 garbage-first heap   total 184320K, used 130483K [0x0000000702000000, 0x0000000800000000)
  region size 2048K, 33 young (67584K), 1 survivors (2048K)
 Metaspace       used 81916K, committed 82560K, reserved 1179648K
  class space    used 11252K, committed 11520K, reserved 1048576K
}
Event: 32.560 GC heap after
{Heap after GC invocations=30 (full 0):
 garbage-first heap   total 184320K, used 80293K [0x0000000702000000, 0x0000000800000000)
  region size 2048K, 5 young (10240K), 5 survivors (10240K)
 Metaspace       used 81916K, committed 82560K, reserved 1179648K
  class space    used 11252K, committed 11520K, reserved 1048576K
}
Event: 117.966 GC heap before
{Heap before GC invocations=30 (full 0):
 garbage-first heap   total 184320K, used 133541K [0x0000000702000000, 0x0000000800000000)
  region size 2048K, 32 young (65536K), 5 survivors (10240K)
 Metaspace       used 88715K, committed 89408K, reserved 1179648K
  class space    used 12290K, committed 12608K, reserved 1048576K
}
Event: 117.975 GC heap after
{Heap after GC invocations=31 (full 0):
 garbage-first heap   total 184320K, used 85341K [0x0000000702000000, 0x0000000800000000)
  region size 2048K, 3 young (6144K), 3 survivors (6144K)
 Metaspace       used 88715K, committed 89408K, reserved 1179648K
  class space    used 12290K, committed 12608K, reserved 1048576K
}
Event: 236.651 GC heap before
{Heap before GC invocations=31 (full 0):
 garbage-first heap   total 184320K, used 136541K [0x0000000702000000, 0x0000000800000000)
  region size 2048K, 29 young (59392K), 3 survivors (6144K)
 Metaspace       used 91018K, committed 91776K, reserved 1179648K
  class space    used 12677K, committed 13056K, reserved 1048576K
}
Event: 236.667 GC heap after
{Heap after GC invocations=32 (full 0):
 garbage-first heap   total 184320K, used 85573K [0x0000000702000000, 0x0000000800000000)
  region size 2048K, 3 young (6144K), 3 survivors (6144K)
 Metaspace       used 91018K, committed 91776K, reserved 1179648K
  class space    used 12677K, committed 13056K, reserved 1048576K
}

